Using pre-set license
Built from '2021.3/staging' branch; Version is '2021.3.11f1 (0a5ca18544bf) revision 679073'; Using compiler version '192829333'; Build Type 'Release'
OS: 'Windows 10  (10.0.19044) 64bit Professional' Language: 'en' Physical Memory: 32689 MB
BatchMode: 1, IsHumanControllingUs: 0, StartBugReporterOnCrash: 0, Is64bit: 1, IsPro: 1

COMMAND LINE ARGUMENTS:
C:\Program Files\Unity\Hub\Editor\2021.3.11f1\Editor\Unity.exe
-adb2
-batchMode
-noUpm
-name
AssetImportWorker7
-projectPath
D:/Documents/GitHub/BattleTanks/Battle Tanks
-logFile
Logs/AssetImportWorker7.log
-srvPort
56230
Successfully changed project path to: D:/Documents/GitHub/BattleTanks/Battle Tanks
D:/Documents/GitHub/BattleTanks/Battle Tanks
[UnityMemory] Configuration Parameters - Can be set up in boot.config
    "memorysetup-bucket-allocator-granularity=16"
    "memorysetup-bucket-allocator-bucket-count=8"
    "memorysetup-bucket-allocator-block-size=33554432"
    "memorysetup-bucket-allocator-block-count=8"
    "memorysetup-main-allocator-block-size=16777216"
    "memorysetup-thread-allocator-block-size=16777216"
    "memorysetup-gfx-main-allocator-block-size=16777216"
    "memorysetup-gfx-thread-allocator-block-size=16777216"
    "memorysetup-cache-allocator-block-size=4194304"
    "memorysetup-typetree-allocator-block-size=2097152"
    "memorysetup-profiler-bucket-allocator-granularity=16"
    "memorysetup-profiler-bucket-allocator-bucket-count=8"
    "memorysetup-profiler-bucket-allocator-block-size=33554432"
    "memorysetup-profiler-bucket-allocator-block-count=8"
    "memorysetup-profiler-allocator-block-size=16777216"
    "memorysetup-profiler-editor-allocator-block-size=1048576"
    "memorysetup-temp-allocator-size-main=16777216"
    "memorysetup-job-temp-allocator-block-size=2097152"
    "memorysetup-job-temp-allocator-block-size-background=1048576"
    "memorysetup-job-temp-allocator-reduction-small-platforms=262144"
    "memorysetup-temp-allocator-size-background-worker=32768"
    "memorysetup-temp-allocator-size-job-worker=262144"
    "memorysetup-temp-allocator-size-preload-manager=33554432"
    "memorysetup-temp-allocator-size-nav-mesh-worker=65536"
    "memorysetup-temp-allocator-size-audio-worker=65536"
    "memorysetup-temp-allocator-size-cloud-worker=32768"
    "memorysetup-temp-allocator-size-gi-baking-worker=262144"
    "memorysetup-temp-allocator-size-gfx=262144"
Refreshing native plugins compatible for Editor in 92.10 ms, found 3 plugins.
Preloading 0 native plugins for Editor in 0.00 ms.
Initialize engine version: 2021.3.11f1 (0a5ca18544bf)
[Subsystems] Discovering subsystems at path C:/Program Files/Unity/Hub/Editor/2021.3.11f1/Editor/Data/Resources/UnitySubsystems
[Subsystems] Discovering subsystems at path D:/Documents/GitHub/BattleTanks/Battle Tanks/Assets
GfxDevice: creating device client; threaded=0; jobified=0
Direct3D:
    Version:  Direct3D 11.0 [level 11.1]
    Renderer: AMD Radeon RX 5700 (ID=0x731f)
    Vendor:   ATI
    VRAM:     8151 MB
    Driver:   26.20.15029.27017
Initialize mono
Mono path[0] = 'C:/Program Files/Unity/Hub/Editor/2021.3.11f1/Editor/Data/Managed'
Mono path[1] = 'C:/Program Files/Unity/Hub/Editor/2021.3.11f1/Editor/Data/MonoBleedingEdge/lib/mono/unityjit-win32'
Mono config path = 'C:/Program Files/Unity/Hub/Editor/2021.3.11f1/Editor/Data/MonoBleedingEdge/etc'
Using monoOptions --debugger-agent=transport=dt_socket,embedding=1,server=y,suspend=n,address=127.0.0.1:56264
Begin MonoManager ReloadAssembly
Registering precompiled unity dll's ...
Register platform support module: C:/Program Files/Unity/Hub/Editor/2021.3.11f1/Editor/Data/PlaybackEngines/MacStandaloneSupport/UnityEditor.OSXStandalone.Extensions.dll
Register platform support module: C:/Program Files/Unity/Hub/Editor/2021.3.11f1/Editor/Data/PlaybackEngines/iOSSupport/UnityEditor.iOS.Extensions.dll
Register platform support module: C:/Program Files/Unity/Hub/Editor/2021.3.11f1/Editor/Data/PlaybackEngines/WindowsStandaloneSupport/UnityEditor.WindowsStandalone.Extensions.dll
Registered in 0.008877 seconds.
Native extension for WindowsStandalone target not found
[usbmuxd] Start listen thread
[usbmuxd] Listen thread started
Native extension for iOS target not found
Native extension for OSXStandalone target not found
Refreshing native plugins compatible for Editor in 87.08 ms, found 3 plugins.
Preloading 0 native plugins for Editor in 0.00 ms.
Mono: successfully reloaded assembly
- Completed reload, in  0.610 seconds
Domain Reload Profiling:
	ReloadAssembly (610ms)
		BeginReloadAssembly (67ms)
			ExecutionOrderSort (0ms)
			DisableScriptedObjects (0ms)
			BackupInstance (0ms)
			ReleaseScriptingObjects (0ms)
			CreateAndSetChildDomain (1ms)
		EndReloadAssembly (442ms)
			LoadAssemblies (65ms)
			RebuildTransferFunctionScriptingTraits (0ms)
			SetupTypeCache (90ms)
			ReleaseScriptCaches (0ms)
			RebuildScriptCaches (27ms)
			SetupLoadedEditorAssemblies (278ms)
				LogAssemblyErrors (0ms)
				InitializePlatformSupportModulesInManaged (26ms)
				SetLoadedEditorAssemblies (0ms)
				RefreshPlugins (87ms)
				BeforeProcessingInitializeOnLoad (1ms)
				ProcessInitializeOnLoadAttributes (123ms)
				ProcessInitializeOnLoadMethodAttributes (40ms)
				AfterProcessingInitializeOnLoad (0ms)
				EditorAssembliesLoaded (0ms)
			ExecutionOrderSort2 (0ms)
			AwakeInstancesAfterBackupRestoration (0ms)
Platform modules already initialized, skipping
Registering precompiled user dll's ...
Registered in 0.004658 seconds.
Begin MonoManager ReloadAssembly
Symbol file LoadedFromMemory doesn't match image D:\Documents\GitHub\BattleTanks\Battle Tanks\Library\PackageCache\com.unity.visualscripting@1.7.8\Editor\VisualScripting.Core\Dependencies\YamlDotNet\Unity.VisualScripting.YamlDotNet.dll
Symbol file LoadedFromMemory doesn't match image D:\Documents\GitHub\BattleTanks\Battle Tanks\Library\PackageCache\com.unity.visualscripting@1.7.8\Editor\VisualScripting.Core\Dependencies\DotNetZip\Unity.VisualScripting.IonicZip.dll
Native extension for WindowsStandalone target not found
Native extension for iOS target not found
Native extension for OSXStandalone target not found
Refreshing native plugins compatible for Editor in 0.93 ms, found 3 plugins.
Preloading 0 native plugins for Editor in 0.00 ms.
Mono: successfully reloaded assembly
- Completed reload, in  1.006 seconds
Domain Reload Profiling:
	ReloadAssembly (1007ms)
		BeginReloadAssembly (101ms)
			ExecutionOrderSort (0ms)
			DisableScriptedObjects (5ms)
			BackupInstance (0ms)
			ReleaseScriptingObjects (0ms)
			CreateAndSetChildDomain (19ms)
		EndReloadAssembly (800ms)
			LoadAssemblies (75ms)
			RebuildTransferFunctionScriptingTraits (0ms)
			SetupTypeCache (242ms)
			ReleaseScriptCaches (1ms)
			RebuildScriptCaches (63ms)
			SetupLoadedEditorAssemblies (378ms)
				LogAssemblyErrors (0ms)
				InitializePlatformSupportModulesInManaged (26ms)
				SetLoadedEditorAssemblies (0ms)
				RefreshPlugins (1ms)
				BeforeProcessingInitializeOnLoad (90ms)
				ProcessInitializeOnLoadAttributes (222ms)
				ProcessInitializeOnLoadMethodAttributes (29ms)
				AfterProcessingInitializeOnLoad (8ms)
				EditorAssembliesLoaded (0ms)
			ExecutionOrderSort2 (0ms)
			AwakeInstancesAfterBackupRestoration (5ms)
Platform modules already initialized, skipping
========================================================================
Worker process is ready to serve import requests
Launched and connected shader compiler UnityShaderCompiler.exe after 0.04 seconds
Refreshing native plugins compatible for Editor in 0.70 ms, found 3 plugins.
Preloading 0 native plugins for Editor in 0.00 ms.
Unloading 3627 Unused Serialized files (Serialized files now loaded: 0)
Unloading 33 unused Assets / (113.6 KB). Loaded Objects now: 4080.
Memory consumption went from 128.5 MB to 128.3 MB.
Total: 3.408100 ms (FindLiveObjects: 0.316900 ms CreateObjectMapping: 0.110000 ms MarkObjects: 2.858900 ms  DeleteObjects: 0.121400 ms)

AssetImportParameters requested are different than current active one (requested -> active):
  custom:video-decoder-ogg-theora: a1e56fd34408186e4bbccfd4996cb3dc -> 
  custom:container-muxer-webm: aa71ff27fc2769a1b78a27578f13a17b -> 
  custom:container-demuxer-webm: 4f35f7cbe854078d1ac9338744f61a02 -> 
  custom:video-encoder-webm-vp8: eb34c28f22e8b96e1ab97ce403110664 -> 
  custom:audio-encoder-webm-vorbis: bf7c407c2cedff20999df2af8eb42d56 -> 
  custom:framework-win-MediaFoundation: 216162199b28c13a410421893ffa2e32 -> 
  custom:container-demuxer-ogg: 62fdf1f143b41e24485cea50d1cbac27 -> 
  custom:video-decoder-webm-vp8: 9c59270c3fd7afecdb556c50c9e8de78 -> 
  custom:audio-decoder-ogg-vorbis: bf7c407c2cedff20999df2af8eb42d56 -> 
========================================================================
Received Import Request.
  Time since last request: 30032.141402 seconds.
  path: Assets/Resources/LightBlueTank Variant.prefab
  artifactKey: Guid(5d7a2608d880b2c4abad2b27fa0b218b) Importer(815301076,1909f56bfc062723c751e8b465ee728b)
Start importing Assets/Resources/LightBlueTank Variant.prefab using Guid(5d7a2608d880b2c4abad2b27fa0b218b) Importer(815301076,1909f56bfc062723c751e8b465ee728b)  -> (artifact id: '4dfae424d35319996b4f49c852df5dcc') in 0.178970 seconds 
========================================================================
Received Import Request.
  Time since last request: 3.763665 seconds.
  path: Assets/Resources/LightBlueTank Variant.prefab
  artifactKey: Guid(5d7a2608d880b2c4abad2b27fa0b218b) Importer(815301076,1909f56bfc062723c751e8b465ee728b)
Start importing Assets/Resources/LightBlueTank Variant.prefab using Guid(5d7a2608d880b2c4abad2b27fa0b218b) Importer(815301076,1909f56bfc062723c751e8b465ee728b)  -> (artifact id: 'ef5985e8274d6add6f71bc0d772819ed') in 0.046969 seconds 
========================================================================
Received Import Request.
  Time since last request: 0.000044 seconds.
  path: Assets/Resources/LightRedTank Variant.prefab
  artifactKey: Guid(2eb118ed14b1fcb4baa08894366f77ca) Importer(815301076,1909f56bfc062723c751e8b465ee728b)
Start importing Assets/Resources/LightRedTank Variant.prefab using Guid(2eb118ed14b1fcb4baa08894366f77ca) Importer(815301076,1909f56bfc062723c751e8b465ee728b)  -> (artifact id: '2414a3c2f19624fbd5e279dde2339411') in 0.041037 seconds 
========================================================================
Received Import Request.
  Time since last request: 1.527116 seconds.
  path: Assets/Resources/LightBlueTank Variant.prefab
  artifactKey: Guid(5d7a2608d880b2c4abad2b27fa0b218b) Importer(815301076,1909f56bfc062723c751e8b465ee728b)
Start importing Assets/Resources/LightBlueTank Variant.prefab using Guid(5d7a2608d880b2c4abad2b27fa0b218b) Importer(815301076,1909f56bfc062723c751e8b465ee728b)  -> (artifact id: '84787ad6e4d32be4f7fbba6c5954f757') in 0.038616 seconds 
========================================================================
Received Import Request.
  Time since last request: 0.000023 seconds.
  path: Assets/Resources/LightRedTank Variant.prefab
  artifactKey: Guid(2eb118ed14b1fcb4baa08894366f77ca) Importer(815301076,1909f56bfc062723c751e8b465ee728b)
Start importing Assets/Resources/LightRedTank Variant.prefab using Guid(2eb118ed14b1fcb4baa08894366f77ca) Importer(815301076,1909f56bfc062723c751e8b465ee728b)  -> (artifact id: '162ed97a6bf52ea818d26b04dc799c8d') in 0.037992 seconds 
========================================================================
Received Prepare
Refreshing native plugins compatible for Editor in 3.66 ms, found 3 plugins.
Preloading 0 native plugins for Editor in 0.00 ms.
Unloading 25 Unused Serialized files (Serialized files now loaded: 0)
Unloading 25 unused Assets / (77.3 KB). Loaded Objects now: 4092.
Memory consumption went from 60.0 MB to 59.9 MB.
Total: 3.227900 ms (FindLiveObjects: 0.343600 ms CreateObjectMapping: 0.087400 ms MarkObjects: 2.704300 ms  DeleteObjects: 0.091800 ms)

AssetImportParameters requested are different than current active one (requested -> active):
  custom:video-decoder-ogg-theora: a1e56fd34408186e4bbccfd4996cb3dc -> 
  custom:container-muxer-webm: aa71ff27fc2769a1b78a27578f13a17b -> 
  custom:container-demuxer-webm: 4f35f7cbe854078d1ac9338744f61a02 -> 
  custom:video-encoder-webm-vp8: eb34c28f22e8b96e1ab97ce403110664 -> 
  custom:audio-encoder-webm-vorbis: bf7c407c2cedff20999df2af8eb42d56 -> 
  custom:framework-win-MediaFoundation: 216162199b28c13a410421893ffa2e32 -> 
  custom:container-demuxer-ogg: 62fdf1f143b41e24485cea50d1cbac27 -> 
  custom:video-decoder-webm-vp8: 9c59270c3fd7afecdb556c50c9e8de78 -> 
  custom:audio-decoder-ogg-vorbis: bf7c407c2cedff20999df2af8eb42d56 -> 
========================================================================
Received Prepare
Registering precompiled user dll's ...
Registered in 0.004943 seconds.
Begin MonoManager ReloadAssembly
Symbol file LoadedFromMemory doesn't match image D:\Documents\GitHub\BattleTanks\Battle Tanks\Library\PackageCache\com.unity.visualscripting@1.7.8\Editor\VisualScripting.Core\Dependencies\YamlDotNet\Unity.VisualScripting.YamlDotNet.dll
Symbol file LoadedFromMemory doesn't match image D:\Documents\GitHub\BattleTanks\Battle Tanks\Library\PackageCache\com.unity.visualscripting@1.7.8\Editor\VisualScripting.Core\Dependencies\DotNetZip\Unity.VisualScripting.IonicZip.dll
Native extension for WindowsStandalone target not found
Native extension for iOS target not found
Native extension for OSXStandalone target not found
Refreshing native plugins compatible for Editor in 1.19 ms, found 3 plugins.
Preloading 0 native plugins for Editor in 0.00 ms.
Mono: successfully reloaded assembly
- Completed reload, in  1.067 seconds
Domain Reload Profiling:
	ReloadAssembly (1067ms)
		BeginReloadAssembly (140ms)
			ExecutionOrderSort (0ms)
			DisableScriptedObjects (4ms)
			BackupInstance (0ms)
			ReleaseScriptingObjects (0ms)
			CreateAndSetChildDomain (41ms)
		EndReloadAssembly (826ms)
			LoadAssemblies (87ms)
			RebuildTransferFunctionScriptingTraits (0ms)
			SetupTypeCache (263ms)
			ReleaseScriptCaches (1ms)
			RebuildScriptCaches (48ms)
			SetupLoadedEditorAssemblies (388ms)
				LogAssemblyErrors (0ms)
				InitializePlatformSupportModulesInManaged (33ms)
				SetLoadedEditorAssemblies (1ms)
				RefreshPlugins (1ms)
				BeforeProcessingInitializeOnLoad (82ms)
				ProcessInitializeOnLoadAttributes (223ms)
				ProcessInitializeOnLoadMethodAttributes (37ms)
				AfterProcessingInitializeOnLoad (12ms)
				EditorAssembliesLoaded (0ms)
			ExecutionOrderSort2 (0ms)
			AwakeInstancesAfterBackupRestoration (6ms)
Platform modules already initialized, skipping
Refreshing native plugins compatible for Editor in 2.20 ms, found 3 plugins.
Preloading 0 native plugins for Editor in 0.00 ms.
Unloading 3608 Unused Serialized files (Serialized files now loaded: 0)
Unloading 25 unused Assets / (80.0 KB). Loaded Objects now: 4095.
Memory consumption went from 131.5 MB to 131.4 MB.
Total: 2.865400 ms (FindLiveObjects: 0.303500 ms CreateObjectMapping: 0.076200 ms MarkObjects: 2.381300 ms  DeleteObjects: 0.103600 ms)

AssetImportParameters requested are different than current active one (requested -> active):
  custom:video-decoder-ogg-theora: a1e56fd34408186e4bbccfd4996cb3dc -> 
  custom:container-muxer-webm: aa71ff27fc2769a1b78a27578f13a17b -> 
  custom:container-demuxer-webm: 4f35f7cbe854078d1ac9338744f61a02 -> 
  custom:video-encoder-webm-vp8: eb34c28f22e8b96e1ab97ce403110664 -> 
  custom:audio-encoder-webm-vorbis: bf7c407c2cedff20999df2af8eb42d56 -> 
  custom:framework-win-MediaFoundation: 216162199b28c13a410421893ffa2e32 -> 
  custom:container-demuxer-ogg: 62fdf1f143b41e24485cea50d1cbac27 -> 
  custom:video-decoder-webm-vp8: 9c59270c3fd7afecdb556c50c9e8de78 -> 
  custom:audio-decoder-ogg-vorbis: bf7c407c2cedff20999df2af8eb42d56 -> 
========================================================================
Received Import Request.
  Time since last request: 84.607831 seconds.
  path: Assets/Resources/LightBlueTank Variant.prefab
  artifactKey: Guid(5d7a2608d880b2c4abad2b27fa0b218b) Importer(815301076,1909f56bfc062723c751e8b465ee728b)
Start importing Assets/Resources/LightBlueTank Variant.prefab using Guid(5d7a2608d880b2c4abad2b27fa0b218b) Importer(815301076,1909f56bfc062723c751e8b465ee728b)  -> (artifact id: 'fa50483b64a8b27aa11f6901eebd4a30') in 0.140132 seconds 
========================================================================
Received Import Request.
  Time since last request: 0.000026 seconds.
  path: Assets/Resources/LightRedTank Variant.prefab
  artifactKey: Guid(2eb118ed14b1fcb4baa08894366f77ca) Importer(815301076,1909f56bfc062723c751e8b465ee728b)
Start importing Assets/Resources/LightRedTank Variant.prefab using Guid(2eb118ed14b1fcb4baa08894366f77ca) Importer(815301076,1909f56bfc062723c751e8b465ee728b)  -> (artifact id: 'b274e60930b11bdaa6f487b4dac3ff85') in 0.037775 seconds 
========================================================================
Received Import Request.
  Time since last request: 0.000034 seconds.
  path: Assets/Resources/NormalRedTank Variant.prefab
  artifactKey: Guid(b513df06648f81741bd3630b4ba405a9) Importer(815301076,1909f56bfc062723c751e8b465ee728b)
Start importing Assets/Resources/NormalRedTank Variant.prefab using Guid(b513df06648f81741bd3630b4ba405a9) Importer(815301076,1909f56bfc062723c751e8b465ee728b)  -> (artifact id: '2ee20860bebffb949df11276e315a305') in 0.030773 seconds 
========================================================================
Received Prepare
Registering precompiled user dll's ...
Registered in 0.005437 seconds.
Begin MonoManager ReloadAssembly
Symbol file LoadedFromMemory doesn't match image D:\Documents\GitHub\BattleTanks\Battle Tanks\Library\PackageCache\com.unity.visualscripting@1.7.8\Editor\VisualScripting.Core\Dependencies\YamlDotNet\Unity.VisualScripting.YamlDotNet.dll
Symbol file LoadedFromMemory doesn't match image D:\Documents\GitHub\BattleTanks\Battle Tanks\Library\PackageCache\com.unity.visualscripting@1.7.8\Editor\VisualScripting.Core\Dependencies\DotNetZip\Unity.VisualScripting.IonicZip.dll
Native extension for WindowsStandalone target not found
Native extension for iOS target not found
Native extension for OSXStandalone target not found
Refreshing native plugins compatible for Editor in 0.85 ms, found 3 plugins.
Preloading 0 native plugins for Editor in 0.00 ms.
Mono: successfully reloaded assembly
- Completed reload, in  1.006 seconds
Domain Reload Profiling:
	ReloadAssembly (1007ms)
		BeginReloadAssembly (134ms)
			ExecutionOrderSort (0ms)
			DisableScriptedObjects (4ms)
			BackupInstance (0ms)
			ReleaseScriptingObjects (0ms)
			CreateAndSetChildDomain (38ms)
		EndReloadAssembly (773ms)
			LoadAssemblies (89ms)
			RebuildTransferFunctionScriptingTraits (0ms)
			SetupTypeCache (256ms)
			ReleaseScriptCaches (1ms)
			RebuildScriptCaches (46ms)
			SetupLoadedEditorAssemblies (352ms)
				LogAssemblyErrors (0ms)
				InitializePlatformSupportModulesInManaged (28ms)
				SetLoadedEditorAssemblies (0ms)
				RefreshPlugins (1ms)
				BeforeProcessingInitializeOnLoad (81ms)
				ProcessInitializeOnLoadAttributes (200ms)
				ProcessInitializeOnLoadMethodAttributes (30ms)
				AfterProcessingInitializeOnLoad (11ms)
				EditorAssembliesLoaded (0ms)
			ExecutionOrderSort2 (0ms)
			AwakeInstancesAfterBackupRestoration (5ms)
Platform modules already initialized, skipping
Refreshing native plugins compatible for Editor in 2.16 ms, found 3 plugins.
Preloading 0 native plugins for Editor in 0.00 ms.
Unloading 3608 Unused Serialized files (Serialized files now loaded: 0)
Unloading 25 unused Assets / (80.1 KB). Loaded Objects now: 4099.
Memory consumption went from 131.5 MB to 131.4 MB.
Total: 3.002700 ms (FindLiveObjects: 0.372300 ms CreateObjectMapping: 0.082200 ms MarkObjects: 2.444100 ms  DeleteObjects: 0.102600 ms)

AssetImportParameters requested are different than current active one (requested -> active):
  custom:video-decoder-ogg-theora: a1e56fd34408186e4bbccfd4996cb3dc -> 
  custom:container-muxer-webm: aa71ff27fc2769a1b78a27578f13a17b -> 
  custom:container-demuxer-webm: 4f35f7cbe854078d1ac9338744f61a02 -> 
  custom:video-encoder-webm-vp8: eb34c28f22e8b96e1ab97ce403110664 -> 
  custom:audio-encoder-webm-vorbis: bf7c407c2cedff20999df2af8eb42d56 -> 
  custom:framework-win-MediaFoundation: 216162199b28c13a410421893ffa2e32 -> 
  custom:container-demuxer-ogg: 62fdf1f143b41e24485cea50d1cbac27 -> 
  custom:video-decoder-webm-vp8: 9c59270c3fd7afecdb556c50c9e8de78 -> 
  custom:audio-decoder-ogg-vorbis: bf7c407c2cedff20999df2af8eb42d56 -> 
========================================================================
Received Prepare
Registering precompiled user dll's ...
Registered in 0.005667 seconds.
Begin MonoManager ReloadAssembly
Symbol file LoadedFromMemory doesn't match image D:\Documents\GitHub\BattleTanks\Battle Tanks\Library\PackageCache\com.unity.visualscripting@1.7.8\Editor\VisualScripting.Core\Dependencies\YamlDotNet\Unity.VisualScripting.YamlDotNet.dll
Symbol file LoadedFromMemory doesn't match image D:\Documents\GitHub\BattleTanks\Battle Tanks\Library\PackageCache\com.unity.visualscripting@1.7.8\Editor\VisualScripting.Core\Dependencies\DotNetZip\Unity.VisualScripting.IonicZip.dll
Native extension for WindowsStandalone target not found
Native extension for iOS target not found
Native extension for OSXStandalone target not found
Refreshing native plugins compatible for Editor in 0.84 ms, found 3 plugins.
Preloading 0 native plugins for Editor in 0.00 ms.
Mono: successfully reloaded assembly
- Completed reload, in  1.038 seconds
Domain Reload Profiling:
	ReloadAssembly (1039ms)
		BeginReloadAssembly (182ms)
			ExecutionOrderSort (0ms)
			DisableScriptedObjects (6ms)
			BackupInstance (0ms)
			ReleaseScriptingObjects (0ms)
			CreateAndSetChildDomain (59ms)
		EndReloadAssembly (740ms)
			LoadAssemblies (106ms)
			RebuildTransferFunctionScriptingTraits (0ms)
			SetupTypeCache (242ms)
			ReleaseScriptCaches (1ms)
			RebuildScriptCaches (40ms)
			SetupLoadedEditorAssemblies (338ms)
				LogAssemblyErrors (0ms)
				InitializePlatformSupportModulesInManaged (30ms)
				SetLoadedEditorAssemblies (0ms)
				RefreshPlugins (1ms)
				BeforeProcessingInitializeOnLoad (73ms)
				ProcessInitializeOnLoadAttributes (197ms)
				ProcessInitializeOnLoadMethodAttributes (27ms)
				AfterProcessingInitializeOnLoad (10ms)
				EditorAssembliesLoaded (0ms)
			ExecutionOrderSort2 (0ms)
			AwakeInstancesAfterBackupRestoration (7ms)
Platform modules already initialized, skipping
Refreshing native plugins compatible for Editor in 1.64 ms, found 3 plugins.
Preloading 0 native plugins for Editor in 0.00 ms.
Unloading 3609 Unused Serialized files (Serialized files now loaded: 0)
Unloading 25 unused Assets / (80.1 KB). Loaded Objects now: 4104.
Memory consumption went from 131.5 MB to 131.4 MB.
Total: 3.510600 ms (FindLiveObjects: 0.318900 ms CreateObjectMapping: 0.090500 ms MarkObjects: 2.979200 ms  DeleteObjects: 0.120900 ms)

AssetImportParameters requested are different than current active one (requested -> active):
  custom:video-decoder-ogg-theora: a1e56fd34408186e4bbccfd4996cb3dc -> 
  custom:container-muxer-webm: aa71ff27fc2769a1b78a27578f13a17b -> 
  custom:container-demuxer-webm: 4f35f7cbe854078d1ac9338744f61a02 -> 
  custom:video-encoder-webm-vp8: eb34c28f22e8b96e1ab97ce403110664 -> 
  custom:audio-encoder-webm-vorbis: bf7c407c2cedff20999df2af8eb42d56 -> 
  custom:framework-win-MediaFoundation: 216162199b28c13a410421893ffa2e32 -> 
  custom:container-demuxer-ogg: 62fdf1f143b41e24485cea50d1cbac27 -> 
  custom:video-decoder-webm-vp8: 9c59270c3fd7afecdb556c50c9e8de78 -> 
  custom:audio-decoder-ogg-vorbis: bf7c407c2cedff20999df2af8eb42d56 -> 
========================================================================
Received Prepare
Registering precompiled user dll's ...
Registered in 0.004531 seconds.
Begin MonoManager ReloadAssembly
Symbol file LoadedFromMemory doesn't match image D:\Documents\GitHub\BattleTanks\Battle Tanks\Library\PackageCache\com.unity.visualscripting@1.7.8\Editor\VisualScripting.Core\Dependencies\YamlDotNet\Unity.VisualScripting.YamlDotNet.dll
Symbol file LoadedFromMemory doesn't match image D:\Documents\GitHub\BattleTanks\Battle Tanks\Library\PackageCache\com.unity.visualscripting@1.7.8\Editor\VisualScripting.Core\Dependencies\DotNetZip\Unity.VisualScripting.IonicZip.dll
Native extension for WindowsStandalone target not found
Native extension for iOS target not found
Native extension for OSXStandalone target not found
Refreshing native plugins compatible for Editor in 0.64 ms, found 3 plugins.
Preloading 0 native plugins for Editor in 0.00 ms.
Mono: successfully reloaded assembly
- Completed reload, in  0.944 seconds
Domain Reload Profiling:
	ReloadAssembly (945ms)
		BeginReloadAssembly (130ms)
			ExecutionOrderSort (0ms)
			DisableScriptedObjects (5ms)
			BackupInstance (0ms)
			ReleaseScriptingObjects (0ms)
			CreateAndSetChildDomain (37ms)
		EndReloadAssembly (723ms)
			LoadAssemblies (82ms)
			RebuildTransferFunctionScriptingTraits (0ms)
			SetupTypeCache (238ms)
			ReleaseScriptCaches (1ms)
			RebuildScriptCaches (44ms)
			SetupLoadedEditorAssemblies (323ms)
				LogAssemblyErrors (0ms)
				InitializePlatformSupportModulesInManaged (27ms)
				SetLoadedEditorAssemblies (0ms)
				RefreshPlugins (1ms)
				BeforeProcessingInitializeOnLoad (67ms)
				ProcessInitializeOnLoadAttributes (185ms)
				ProcessInitializeOnLoadMethodAttributes (33ms)
				AfterProcessingInitializeOnLoad (9ms)
				EditorAssembliesLoaded (0ms)
			ExecutionOrderSort2 (0ms)
			AwakeInstancesAfterBackupRestoration (5ms)
Platform modules already initialized, skipping
Refreshing native plugins compatible for Editor in 2.40 ms, found 3 plugins.
Preloading 0 native plugins for Editor in 0.00 ms.
Unloading 3609 Unused Serialized files (Serialized files now loaded: 0)
Unloading 25 unused Assets / (80.1 KB). Loaded Objects now: 4108.
Memory consumption went from 131.5 MB to 131.4 MB.
Total: 2.873800 ms (FindLiveObjects: 0.322800 ms CreateObjectMapping: 0.078900 ms MarkObjects: 2.362400 ms  DeleteObjects: 0.108900 ms)

AssetImportParameters requested are different than current active one (requested -> active):
  custom:video-decoder-ogg-theora: a1e56fd34408186e4bbccfd4996cb3dc -> 
  custom:container-muxer-webm: aa71ff27fc2769a1b78a27578f13a17b -> 
  custom:container-demuxer-webm: 4f35f7cbe854078d1ac9338744f61a02 -> 
  custom:video-encoder-webm-vp8: eb34c28f22e8b96e1ab97ce403110664 -> 
  custom:audio-encoder-webm-vorbis: bf7c407c2cedff20999df2af8eb42d56 -> 
  custom:framework-win-MediaFoundation: 216162199b28c13a410421893ffa2e32 -> 
  custom:container-demuxer-ogg: 62fdf1f143b41e24485cea50d1cbac27 -> 
  custom:video-decoder-webm-vp8: 9c59270c3fd7afecdb556c50c9e8de78 -> 
  custom:audio-decoder-ogg-vorbis: bf7c407c2cedff20999df2af8eb42d56 -> 
========================================================================
Received Prepare
Registering precompiled user dll's ...
Registered in 0.005685 seconds.
Begin MonoManager ReloadAssembly
Symbol file LoadedFromMemory doesn't match image D:\Documents\GitHub\BattleTanks\Battle Tanks\Library\PackageCache\com.unity.visualscripting@1.7.8\Editor\VisualScripting.Core\Dependencies\YamlDotNet\Unity.VisualScripting.YamlDotNet.dll
Symbol file LoadedFromMemory doesn't match image D:\Documents\GitHub\BattleTanks\Battle Tanks\Library\PackageCache\com.unity.visualscripting@1.7.8\Editor\VisualScripting.Core\Dependencies\DotNetZip\Unity.VisualScripting.IonicZip.dll
Native extension for WindowsStandalone target not found
Native extension for iOS target not found
Native extension for OSXStandalone target not found
Refreshing native plugins compatible for Editor in 0.72 ms, found 3 plugins.
Preloading 0 native plugins for Editor in 0.00 ms.
Mono: successfully reloaded assembly
- Completed reload, in  1.110 seconds
Domain Reload Profiling:
	ReloadAssembly (1111ms)
		BeginReloadAssembly (174ms)
			ExecutionOrderSort (0ms)
			DisableScriptedObjects (6ms)
			BackupInstance (0ms)
			ReleaseScriptingObjects (0ms)
			CreateAndSetChildDomain (53ms)
		EndReloadAssembly (839ms)
			LoadAssemblies (102ms)
			RebuildTransferFunctionScriptingTraits (0ms)
			SetupTypeCache (245ms)
			ReleaseScriptCaches (1ms)
			RebuildScriptCaches (44ms)
			SetupLoadedEditorAssemblies (438ms)
				LogAssemblyErrors (0ms)
				InitializePlatformSupportModulesInManaged (28ms)
				SetLoadedEditorAssemblies (0ms)
				RefreshPlugins (1ms)
				BeforeProcessingInitializeOnLoad (71ms)
				ProcessInitializeOnLoadAttributes (288ms)
				ProcessInitializeOnLoadMethodAttributes (41ms)
				AfterProcessingInitializeOnLoad (10ms)
				EditorAssembliesLoaded (0ms)
			ExecutionOrderSort2 (0ms)
			AwakeInstancesAfterBackupRestoration (5ms)
Platform modules already initialized, skipping
Refreshing native plugins compatible for Editor in 1.72 ms, found 3 plugins.
Preloading 0 native plugins for Editor in 0.00 ms.
Unloading 3609 Unused Serialized files (Serialized files now loaded: 0)
Unloading 25 unused Assets / (80.0 KB). Loaded Objects now: 4112.
Memory consumption went from 131.5 MB to 131.5 MB.
Total: 2.952800 ms (FindLiveObjects: 0.309300 ms CreateObjectMapping: 0.099200 ms MarkObjects: 2.438500 ms  DeleteObjects: 0.104800 ms)

AssetImportParameters requested are different than current active one (requested -> active):
  custom:video-decoder-ogg-theora: a1e56fd34408186e4bbccfd4996cb3dc -> 
  custom:container-muxer-webm: aa71ff27fc2769a1b78a27578f13a17b -> 
  custom:container-demuxer-webm: 4f35f7cbe854078d1ac9338744f61a02 -> 
  custom:video-encoder-webm-vp8: eb34c28f22e8b96e1ab97ce403110664 -> 
  custom:audio-encoder-webm-vorbis: bf7c407c2cedff20999df2af8eb42d56 -> 
  custom:framework-win-MediaFoundation: 216162199b28c13a410421893ffa2e32 -> 
  custom:container-demuxer-ogg: 62fdf1f143b41e24485cea50d1cbac27 -> 
  custom:video-decoder-webm-vp8: 9c59270c3fd7afecdb556c50c9e8de78 -> 
  custom:audio-decoder-ogg-vorbis: bf7c407c2cedff20999df2af8eb42d56 -> 
========================================================================
Received Prepare
Registering precompiled user dll's ...
Registered in 0.005149 seconds.
Begin MonoManager ReloadAssembly
Symbol file LoadedFromMemory doesn't match image D:\Documents\GitHub\BattleTanks\Battle Tanks\Library\PackageCache\com.unity.visualscripting@1.7.8\Editor\VisualScripting.Core\Dependencies\YamlDotNet\Unity.VisualScripting.YamlDotNet.dll
Symbol file LoadedFromMemory doesn't match image D:\Documents\GitHub\BattleTanks\Battle Tanks\Library\PackageCache\com.unity.visualscripting@1.7.8\Editor\VisualScripting.Core\Dependencies\DotNetZip\Unity.VisualScripting.IonicZip.dll
Native extension for WindowsStandalone target not found
Native extension for iOS target not found
Native extension for OSXStandalone target not found
Refreshing native plugins compatible for Editor in 0.85 ms, found 3 plugins.
Preloading 0 native plugins for Editor in 0.00 ms.
Mono: successfully reloaded assembly
- Completed reload, in  1.037 seconds
Domain Reload Profiling:
	ReloadAssembly (1038ms)
		BeginReloadAssembly (132ms)
			ExecutionOrderSort (0ms)
			DisableScriptedObjects (6ms)
			BackupInstance (0ms)
			ReleaseScriptingObjects (0ms)
			CreateAndSetChildDomain (37ms)
		EndReloadAssembly (805ms)
			LoadAssemblies (94ms)
			RebuildTransferFunctionScriptingTraits (0ms)
			SetupTypeCache (309ms)
			ReleaseScriptCaches (1ms)
			RebuildScriptCaches (43ms)
			SetupLoadedEditorAssemblies (328ms)
				LogAssemblyErrors (0ms)
				InitializePlatformSupportModulesInManaged (30ms)
				SetLoadedEditorAssemblies (0ms)
				RefreshPlugins (1ms)
				BeforeProcessingInitializeOnLoad (68ms)
				ProcessInitializeOnLoadAttributes (191ms)
				ProcessInitializeOnLoadMethodAttributes (28ms)
				AfterProcessingInitializeOnLoad (9ms)
				EditorAssembliesLoaded (0ms)
			ExecutionOrderSort2 (0ms)
			AwakeInstancesAfterBackupRestoration (5ms)
Platform modules already initialized, skipping
Refreshing native plugins compatible for Editor in 1.78 ms, found 3 plugins.
Preloading 0 native plugins for Editor in 0.00 ms.
Unloading 3609 Unused Serialized files (Serialized files now loaded: 0)
Unloading 25 unused Assets / (80.0 KB). Loaded Objects now: 4116.
Memory consumption went from 131.6 MB to 131.5 MB.
Total: 2.805900 ms (FindLiveObjects: 0.291600 ms CreateObjectMapping: 0.077700 ms MarkObjects: 2.334000 ms  DeleteObjects: 0.101700 ms)

AssetImportParameters requested are different than current active one (requested -> active):
  custom:video-decoder-ogg-theora: a1e56fd34408186e4bbccfd4996cb3dc -> 
  custom:container-muxer-webm: aa71ff27fc2769a1b78a27578f13a17b -> 
  custom:container-demuxer-webm: 4f35f7cbe854078d1ac9338744f61a02 -> 
  custom:video-encoder-webm-vp8: eb34c28f22e8b96e1ab97ce403110664 -> 
  custom:audio-encoder-webm-vorbis: bf7c407c2cedff20999df2af8eb42d56 -> 
  custom:framework-win-MediaFoundation: 216162199b28c13a410421893ffa2e32 -> 
  custom:container-demuxer-ogg: 62fdf1f143b41e24485cea50d1cbac27 -> 
  custom:video-decoder-webm-vp8: 9c59270c3fd7afecdb556c50c9e8de78 -> 
  custom:audio-decoder-ogg-vorbis: bf7c407c2cedff20999df2af8eb42d56 -> 
========================================================================
Received Prepare
Registering precompiled user dll's ...
Registered in 0.004367 seconds.
Begin MonoManager ReloadAssembly
Symbol file LoadedFromMemory doesn't match image D:\Documents\GitHub\BattleTanks\Battle Tanks\Library\PackageCache\com.unity.visualscripting@1.7.8\Editor\VisualScripting.Core\Dependencies\YamlDotNet\Unity.VisualScripting.YamlDotNet.dll
Symbol file LoadedFromMemory doesn't match image D:\Documents\GitHub\BattleTanks\Battle Tanks\Library\PackageCache\com.unity.visualscripting@1.7.8\Editor\VisualScripting.Core\Dependencies\DotNetZip\Unity.VisualScripting.IonicZip.dll
Native extension for WindowsStandalone target not found
Native extension for iOS target not found
Native extension for OSXStandalone target not found
Refreshing native plugins compatible for Editor in 0.81 ms, found 3 plugins.
Preloading 0 native plugins for Editor in 0.00 ms.
Mono: successfully reloaded assembly
- Completed reload, in  1.002 seconds
Domain Reload Profiling:
	ReloadAssembly (1003ms)
		BeginReloadAssembly (126ms)
			ExecutionOrderSort (0ms)
			DisableScriptedObjects (6ms)
			BackupInstance (0ms)
			ReleaseScriptingObjects (0ms)
			CreateAndSetChildDomain (35ms)
		EndReloadAssembly (778ms)
			LoadAssemblies (77ms)
			RebuildTransferFunctionScriptingTraits (0ms)
			SetupTypeCache (289ms)
			ReleaseScriptCaches (2ms)
			RebuildScriptCaches (45ms)
			SetupLoadedEditorAssemblies (331ms)
				LogAssemblyErrors (0ms)
				InitializePlatformSupportModulesInManaged (29ms)
				SetLoadedEditorAssemblies (0ms)
				RefreshPlugins (1ms)
				BeforeProcessingInitializeOnLoad (71ms)
				ProcessInitializeOnLoadAttributes (193ms)
				ProcessInitializeOnLoadMethodAttributes (27ms)
				AfterProcessingInitializeOnLoad (9ms)
				EditorAssembliesLoaded (0ms)
			ExecutionOrderSort2 (0ms)
			AwakeInstancesAfterBackupRestoration (5ms)
Platform modules already initialized, skipping
Refreshing native plugins compatible for Editor in 1.68 ms, found 3 plugins.
Preloading 0 native plugins for Editor in 0.00 ms.
Unloading 3610 Unused Serialized files (Serialized files now loaded: 0)
Unloading 25 unused Assets / (80.0 KB). Loaded Objects now: 4121.
Memory consumption went from 131.6 MB to 131.5 MB.
Total: 2.737900 ms (FindLiveObjects: 0.298100 ms CreateObjectMapping: 0.089300 ms MarkObjects: 2.267100 ms  DeleteObjects: 0.082200 ms)

AssetImportParameters requested are different than current active one (requested -> active):
  custom:video-decoder-ogg-theora: a1e56fd34408186e4bbccfd4996cb3dc -> 
  custom:container-muxer-webm: aa71ff27fc2769a1b78a27578f13a17b -> 
  custom:container-demuxer-webm: 4f35f7cbe854078d1ac9338744f61a02 -> 
  custom:video-encoder-webm-vp8: eb34c28f22e8b96e1ab97ce403110664 -> 
  custom:audio-encoder-webm-vorbis: bf7c407c2cedff20999df2af8eb42d56 -> 
  custom:framework-win-MediaFoundation: 216162199b28c13a410421893ffa2e32 -> 
  custom:container-demuxer-ogg: 62fdf1f143b41e24485cea50d1cbac27 -> 
  custom:video-decoder-webm-vp8: 9c59270c3fd7afecdb556c50c9e8de78 -> 
  custom:audio-decoder-ogg-vorbis: bf7c407c2cedff20999df2af8eb42d56 -> 
========================================================================
Received Prepare
Registering precompiled user dll's ...
Registered in 0.004381 seconds.
Begin MonoManager ReloadAssembly
Symbol file LoadedFromMemory doesn't match image D:\Documents\GitHub\BattleTanks\Battle Tanks\Library\PackageCache\com.unity.visualscripting@1.7.8\Editor\VisualScripting.Core\Dependencies\YamlDotNet\Unity.VisualScripting.YamlDotNet.dll
Symbol file LoadedFromMemory doesn't match image D:\Documents\GitHub\BattleTanks\Battle Tanks\Library\PackageCache\com.unity.visualscripting@1.7.8\Editor\VisualScripting.Core\Dependencies\DotNetZip\Unity.VisualScripting.IonicZip.dll
Native extension for WindowsStandalone target not found
Native extension for iOS target not found
Native extension for OSXStandalone target not found
Refreshing native plugins compatible for Editor in 0.67 ms, found 3 plugins.
Preloading 0 native plugins for Editor in 0.00 ms.
Mono: successfully reloaded assembly
- Completed reload, in  1.001 seconds
Domain Reload Profiling:
	ReloadAssembly (1001ms)
		BeginReloadAssembly (147ms)
			ExecutionOrderSort (0ms)
			DisableScriptedObjects (5ms)
			BackupInstance (0ms)
			ReleaseScriptingObjects (0ms)
			CreateAndSetChildDomain (36ms)
		EndReloadAssembly (761ms)
			LoadAssemblies (98ms)
			RebuildTransferFunctionScriptingTraits (0ms)
			SetupTypeCache (254ms)
			ReleaseScriptCaches (2ms)
			RebuildScriptCaches (48ms)
			SetupLoadedEditorAssemblies (342ms)
				LogAssemblyErrors (0ms)
				InitializePlatformSupportModulesInManaged (30ms)
				SetLoadedEditorAssemblies (0ms)
				RefreshPlugins (1ms)
				BeforeProcessingInitializeOnLoad (71ms)
				ProcessInitializeOnLoadAttributes (205ms)
				ProcessInitializeOnLoadMethodAttributes (26ms)
				AfterProcessingInitializeOnLoad (9ms)
				EditorAssembliesLoaded (0ms)
			ExecutionOrderSort2 (0ms)
			AwakeInstancesAfterBackupRestoration (5ms)
Platform modules already initialized, skipping
Refreshing native plugins compatible for Editor in 1.77 ms, found 3 plugins.
Preloading 0 native plugins for Editor in 0.00 ms.
Unloading 3610 Unused Serialized files (Serialized files now loaded: 0)
Unloading 25 unused Assets / (80.0 KB). Loaded Objects now: 4125.
Memory consumption went from 131.6 MB to 131.5 MB.
Total: 3.268600 ms (FindLiveObjects: 0.372700 ms CreateObjectMapping: 0.087600 ms MarkObjects: 2.693500 ms  DeleteObjects: 0.113600 ms)

AssetImportParameters requested are different than current active one (requested -> active):
  custom:video-decoder-ogg-theora: a1e56fd34408186e4bbccfd4996cb3dc -> 
  custom:container-muxer-webm: aa71ff27fc2769a1b78a27578f13a17b -> 
  custom:container-demuxer-webm: 4f35f7cbe854078d1ac9338744f61a02 -> 
  custom:video-encoder-webm-vp8: eb34c28f22e8b96e1ab97ce403110664 -> 
  custom:audio-encoder-webm-vorbis: bf7c407c2cedff20999df2af8eb42d56 -> 
  custom:framework-win-MediaFoundation: 216162199b28c13a410421893ffa2e32 -> 
  custom:container-demuxer-ogg: 62fdf1f143b41e24485cea50d1cbac27 -> 
  custom:video-decoder-webm-vp8: 9c59270c3fd7afecdb556c50c9e8de78 -> 
  custom:audio-decoder-ogg-vorbis: bf7c407c2cedff20999df2af8eb42d56 -> 
========================================================================
Received Prepare
Registering precompiled user dll's ...
Registered in 0.005382 seconds.
Begin MonoManager ReloadAssembly
Symbol file LoadedFromMemory doesn't match image D:\Documents\GitHub\BattleTanks\Battle Tanks\Library\PackageCache\com.unity.visualscripting@1.7.8\Editor\VisualScripting.Core\Dependencies\YamlDotNet\Unity.VisualScripting.YamlDotNet.dll
Symbol file LoadedFromMemory doesn't match image D:\Documents\GitHub\BattleTanks\Battle Tanks\Library\PackageCache\com.unity.visualscripting@1.7.8\Editor\VisualScripting.Core\Dependencies\DotNetZip\Unity.VisualScripting.IonicZip.dll
Native extension for WindowsStandalone target not found
Native extension for iOS target not found
Native extension for OSXStandalone target not found
Refreshing native plugins compatible for Editor in 0.67 ms, found 3 plugins.
Preloading 0 native plugins for Editor in 0.00 ms.
Mono: successfully reloaded assembly
- Completed reload, in  0.961 seconds
Domain Reload Profiling:
	ReloadAssembly (961ms)
		BeginReloadAssembly (133ms)
			ExecutionOrderSort (0ms)
			DisableScriptedObjects (5ms)
			BackupInstance (0ms)
			ReleaseScriptingObjects (0ms)
			CreateAndSetChildDomain (38ms)
		EndReloadAssembly (729ms)
			LoadAssemblies (83ms)
			RebuildTransferFunctionScriptingTraits (0ms)
			SetupTypeCache (239ms)
			ReleaseScriptCaches (2ms)
			RebuildScriptCaches (46ms)
			SetupLoadedEditorAssemblies (328ms)
				LogAssemblyErrors (0ms)
				InitializePlatformSupportModulesInManaged (30ms)
				SetLoadedEditorAssemblies (0ms)
				RefreshPlugins (1ms)
				BeforeProcessingInitializeOnLoad (69ms)
				ProcessInitializeOnLoadAttributes (189ms)
				ProcessInitializeOnLoadMethodAttributes (28ms)
				AfterProcessingInitializeOnLoad (11ms)
				EditorAssembliesLoaded (0ms)
			ExecutionOrderSort2 (0ms)
			AwakeInstancesAfterBackupRestoration (6ms)
Platform modules already initialized, skipping
Refreshing native plugins compatible for Editor in 2.37 ms, found 3 plugins.
Preloading 0 native plugins for Editor in 0.00 ms.
Unloading 3610 Unused Serialized files (Serialized files now loaded: 0)
Unloading 25 unused Assets / (80.1 KB). Loaded Objects now: 4129.
Memory consumption went from 131.6 MB to 131.5 MB.
Total: 2.769400 ms (FindLiveObjects: 0.310700 ms CreateObjectMapping: 0.084200 ms MarkObjects: 2.292800 ms  DeleteObjects: 0.080300 ms)

AssetImportParameters requested are different than current active one (requested -> active):
  custom:video-decoder-ogg-theora: a1e56fd34408186e4bbccfd4996cb3dc -> 
  custom:container-muxer-webm: aa71ff27fc2769a1b78a27578f13a17b -> 
  custom:container-demuxer-webm: 4f35f7cbe854078d1ac9338744f61a02 -> 
  custom:video-encoder-webm-vp8: eb34c28f22e8b96e1ab97ce403110664 -> 
  custom:audio-encoder-webm-vorbis: bf7c407c2cedff20999df2af8eb42d56 -> 
  custom:framework-win-MediaFoundation: 216162199b28c13a410421893ffa2e32 -> 
  custom:container-demuxer-ogg: 62fdf1f143b41e24485cea50d1cbac27 -> 
  custom:video-decoder-webm-vp8: 9c59270c3fd7afecdb556c50c9e8de78 -> 
  custom:audio-decoder-ogg-vorbis: bf7c407c2cedff20999df2af8eb42d56 -> 
========================================================================
Received Prepare
Registering precompiled user dll's ...
Registered in 0.004817 seconds.
Begin MonoManager ReloadAssembly
Symbol file LoadedFromMemory doesn't match image D:\Documents\GitHub\BattleTanks\Battle Tanks\Library\PackageCache\com.unity.visualscripting@1.7.8\Editor\VisualScripting.Core\Dependencies\YamlDotNet\Unity.VisualScripting.YamlDotNet.dll
Symbol file LoadedFromMemory doesn't match image D:\Documents\GitHub\BattleTanks\Battle Tanks\Library\PackageCache\com.unity.visualscripting@1.7.8\Editor\VisualScripting.Core\Dependencies\DotNetZip\Unity.VisualScripting.IonicZip.dll
Native extension for WindowsStandalone target not found
Native extension for iOS target not found
Native extension for OSXStandalone target not found
Refreshing native plugins compatible for Editor in 0.77 ms, found 3 plugins.
Preloading 0 native plugins for Editor in 0.00 ms.
Mono: successfully reloaded assembly
- Completed reload, in  0.978 seconds
Domain Reload Profiling:
	ReloadAssembly (979ms)
		BeginReloadAssembly (127ms)
			ExecutionOrderSort (0ms)
			DisableScriptedObjects (6ms)
			BackupInstance (0ms)
			ReleaseScriptingObjects (0ms)
			CreateAndSetChildDomain (35ms)
		EndReloadAssembly (757ms)
			LoadAssemblies (83ms)
			RebuildTransferFunctionScriptingTraits (0ms)
			SetupTypeCache (243ms)
			ReleaseScriptCaches (2ms)
			RebuildScriptCaches (45ms)
			SetupLoadedEditorAssemblies (340ms)
				LogAssemblyErrors (0ms)
				InitializePlatformSupportModulesInManaged (33ms)
				SetLoadedEditorAssemblies (0ms)
				RefreshPlugins (1ms)
				BeforeProcessingInitializeOnLoad (74ms)
				ProcessInitializeOnLoadAttributes (194ms)
				ProcessInitializeOnLoadMethodAttributes (28ms)
				AfterProcessingInitializeOnLoad (9ms)
				EditorAssembliesLoaded (0ms)
			ExecutionOrderSort2 (0ms)
			AwakeInstancesAfterBackupRestoration (5ms)
Platform modules already initialized, skipping
Refreshing native plugins compatible for Editor in 1.75 ms, found 3 plugins.
Preloading 0 native plugins for Editor in 0.00 ms.
Unloading 3610 Unused Serialized files (Serialized files now loaded: 0)
Unloading 25 unused Assets / (80.1 KB). Loaded Objects now: 4133.
Memory consumption went from 131.6 MB to 131.5 MB.
Total: 2.906000 ms (FindLiveObjects: 0.353600 ms CreateObjectMapping: 0.098400 ms MarkObjects: 2.362200 ms  DeleteObjects: 0.090900 ms)

AssetImportParameters requested are different than current active one (requested -> active):
  custom:video-decoder-ogg-theora: a1e56fd34408186e4bbccfd4996cb3dc -> 
  custom:container-muxer-webm: aa71ff27fc2769a1b78a27578f13a17b -> 
  custom:container-demuxer-webm: 4f35f7cbe854078d1ac9338744f61a02 -> 
  custom:video-encoder-webm-vp8: eb34c28f22e8b96e1ab97ce403110664 -> 
  custom:audio-encoder-webm-vorbis: bf7c407c2cedff20999df2af8eb42d56 -> 
  custom:framework-win-MediaFoundation: 216162199b28c13a410421893ffa2e32 -> 
  custom:container-demuxer-ogg: 62fdf1f143b41e24485cea50d1cbac27 -> 
  custom:video-decoder-webm-vp8: 9c59270c3fd7afecdb556c50c9e8de78 -> 
  custom:audio-decoder-ogg-vorbis: bf7c407c2cedff20999df2af8eb42d56 -> 
========================================================================
Received Import Request.
  Time since last request: 690.767197 seconds.
  path: Assets/Resources/HeavyRedTank Variant.prefab
  artifactKey: Guid(f18fdae0023c69c41918a9f5369c010c) Importer(815301076,1909f56bfc062723c751e8b465ee728b)
Start importing Assets/Resources/HeavyRedTank Variant.prefab using Guid(f18fdae0023c69c41918a9f5369c010c) Importer(815301076,1909f56bfc062723c751e8b465ee728b)  -> (artifact id: '667d0e875c10283a8da3fba2eb9d55d1') in 0.137222 seconds 
========================================================================
Received Import Request.
  Time since last request: 0.000032 seconds.
  path: Assets/Resources/NormalRedTank Variant.prefab
  artifactKey: Guid(b513df06648f81741bd3630b4ba405a9) Importer(815301076,1909f56bfc062723c751e8b465ee728b)
Start importing Assets/Resources/NormalRedTank Variant.prefab using Guid(b513df06648f81741bd3630b4ba405a9) Importer(815301076,1909f56bfc062723c751e8b465ee728b)  -> (artifact id: '69a49ece86e86ebca694e22b95dcc0e3') in 0.041624 seconds 
========================================================================
Received Import Request.
  Time since last request: 2.048233 seconds.
  path: Assets/Resources/HeavyRedTank Variant.prefab
  artifactKey: Guid(f18fdae0023c69c41918a9f5369c010c) Importer(815301076,1909f56bfc062723c751e8b465ee728b)
Start importing Assets/Resources/HeavyRedTank Variant.prefab using Guid(f18fdae0023c69c41918a9f5369c010c) Importer(815301076,1909f56bfc062723c751e8b465ee728b)  -> (artifact id: '7ad85e5f08fde79a9f0e6d2abbf0e18b') in 0.031369 seconds 
========================================================================
Received Import Request.
  Time since last request: 0.000023 seconds.
  path: Assets/Resources/LightBlueTank Variant.prefab
  artifactKey: Guid(5d7a2608d880b2c4abad2b27fa0b218b) Importer(815301076,1909f56bfc062723c751e8b465ee728b)
Start importing Assets/Resources/LightBlueTank Variant.prefab using Guid(5d7a2608d880b2c4abad2b27fa0b218b) Importer(815301076,1909f56bfc062723c751e8b465ee728b)  -> (artifact id: '24564756c969bff6e3a227b498dffeb8') in 0.034083 seconds 
========================================================================
Received Import Request.
  Time since last request: 0.000018 seconds.
  path: Assets/Resources/LightRedTank Variant.prefab
  artifactKey: Guid(2eb118ed14b1fcb4baa08894366f77ca) Importer(815301076,1909f56bfc062723c751e8b465ee728b)
Start importing Assets/Resources/LightRedTank Variant.prefab using Guid(2eb118ed14b1fcb4baa08894366f77ca) Importer(815301076,1909f56bfc062723c751e8b465ee728b)  -> (artifact id: '27f9336aa6a6a87ee51d9afc9a0f53df') in 0.028340 seconds 
========================================================================
Received Import Request.
  Time since last request: 4.021632 seconds.
  path: Assets/Resources/LightBlueTank Variant.prefab
  artifactKey: Guid(5d7a2608d880b2c4abad2b27fa0b218b) Importer(815301076,1909f56bfc062723c751e8b465ee728b)
Start importing Assets/Resources/LightBlueTank Variant.prefab using Guid(5d7a2608d880b2c4abad2b27fa0b218b) Importer(815301076,1909f56bfc062723c751e8b465ee728b)  -> (artifact id: '44ae56f671a474669b369d3f8f2d699b') in 0.030192 seconds 
========================================================================
Received Import Request.
  Time since last request: 0.000022 seconds.
  path: Assets/Resources/Tank.prefab
  artifactKey: Guid(d1d2edf4b999f52449b19a4bc74d25c6) Importer(815301076,1909f56bfc062723c751e8b465ee728b)
Start importing Assets/Resources/Tank.prefab using Guid(d1d2edf4b999f52449b19a4bc74d25c6) Importer(815301076,1909f56bfc062723c751e8b465ee728b)  -> (artifact id: '3e5379ba0c13f050f2a5fa7b26819b88') in 0.029015 seconds 
========================================================================
Received Import Request.
  Time since last request: 0.000019 seconds.
  path: Assets/Resources/LightRedTank Variant.prefab
  artifactKey: Guid(2eb118ed14b1fcb4baa08894366f77ca) Importer(815301076,1909f56bfc062723c751e8b465ee728b)
Start importing Assets/Resources/LightRedTank Variant.prefab using Guid(2eb118ed14b1fcb4baa08894366f77ca) Importer(815301076,1909f56bfc062723c751e8b465ee728b)  -> (artifact id: 'a9dbb7e3192820b4459c12500d635bca') in 0.034150 seconds 
========================================================================
Received Import Request.
  Time since last request: 2.496931 seconds.
  path: Assets/Resources/LightBlueTank Variant.prefab
  artifactKey: Guid(5d7a2608d880b2c4abad2b27fa0b218b) Importer(815301076,1909f56bfc062723c751e8b465ee728b)
Start importing Assets/Resources/LightBlueTank Variant.prefab using Guid(5d7a2608d880b2c4abad2b27fa0b218b) Importer(815301076,1909f56bfc062723c751e8b465ee728b)  -> (artifact id: '761030bb41f0dacf6c03b2c2e50d807c') in 0.032605 seconds 
========================================================================
Received Import Request.
  Time since last request: 0.000024 seconds.
  path: Assets/Resources/NormalBlueTank Variant.prefab
  artifactKey: Guid(aa3f3e06402784944998bec3ec15f3e0) Importer(815301076,1909f56bfc062723c751e8b465ee728b)
Start importing Assets/Resources/NormalBlueTank Variant.prefab using Guid(aa3f3e06402784944998bec3ec15f3e0) Importer(815301076,1909f56bfc062723c751e8b465ee728b)  -> (artifact id: '61bc11dd13fa19b423bf13913fa79b36') in 0.030770 seconds 
========================================================================
Received Import Request.
  Time since last request: 15.438612 seconds.
  path: Assets/Resources/LightBlueTank Variant.prefab
  artifactKey: Guid(5d7a2608d880b2c4abad2b27fa0b218b) Importer(815301076,1909f56bfc062723c751e8b465ee728b)
Start importing Assets/Resources/LightBlueTank Variant.prefab using Guid(5d7a2608d880b2c4abad2b27fa0b218b) Importer(815301076,1909f56bfc062723c751e8b465ee728b)  -> (artifact id: '5e5fa8f52fbed57d50e93b88cb63682f') in 0.031150 seconds 
========================================================================
Received Import Request.
  Time since last request: 0.000021 seconds.
  path: Assets/Resources/NormalBlueTank Variant.prefab
  artifactKey: Guid(aa3f3e06402784944998bec3ec15f3e0) Importer(815301076,1909f56bfc062723c751e8b465ee728b)
Start importing Assets/Resources/NormalBlueTank Variant.prefab using Guid(aa3f3e06402784944998bec3ec15f3e0) Importer(815301076,1909f56bfc062723c751e8b465ee728b)  -> (artifact id: '094aee6e86826aa49e246add26e100a1') in 0.032371 seconds 
========================================================================
Received Import Request.
  Time since last request: 2.610747 seconds.
  path: Assets/Resources/LightBlueTank Variant.prefab
  artifactKey: Guid(5d7a2608d880b2c4abad2b27fa0b218b) Importer(815301076,1909f56bfc062723c751e8b465ee728b)
Start importing Assets/Resources/LightBlueTank Variant.prefab using Guid(5d7a2608d880b2c4abad2b27fa0b218b) Importer(815301076,1909f56bfc062723c751e8b465ee728b)  -> (artifact id: '7c8251610e1defc898e4e970dae6ad2b') in 0.030563 seconds 
========================================================================
Received Import Request.
  Time since last request: 0.000023 seconds.
  path: Assets/Resources/Tank.prefab
  artifactKey: Guid(d1d2edf4b999f52449b19a4bc74d25c6) Importer(815301076,1909f56bfc062723c751e8b465ee728b)
Start importing Assets/Resources/Tank.prefab using Guid(d1d2edf4b999f52449b19a4bc74d25c6) Importer(815301076,1909f56bfc062723c751e8b465ee728b)  -> (artifact id: '6228c040b97dd11e36c8a705b893ebcc') in 0.031255 seconds 
========================================================================
Received Import Request.
  Time since last request: 0.000034 seconds.
  path: Assets/Resources/NormalRedTank Variant.prefab
  artifactKey: Guid(b513df06648f81741bd3630b4ba405a9) Importer(815301076,1909f56bfc062723c751e8b465ee728b)
Start importing Assets/Resources/NormalRedTank Variant.prefab using Guid(b513df06648f81741bd3630b4ba405a9) Importer(815301076,1909f56bfc062723c751e8b465ee728b)  -> (artifact id: '4e2cc3c7174015064449e61e6a5902d6') in 0.027352 seconds 
========================================================================
Received Import Request.
  Time since last request: 4.814725 seconds.
  path: Assets/Resources/LightBlueTank Variant.prefab
  artifactKey: Guid(5d7a2608d880b2c4abad2b27fa0b218b) Importer(815301076,1909f56bfc062723c751e8b465ee728b)
Start importing Assets/Resources/LightBlueTank Variant.prefab using Guid(5d7a2608d880b2c4abad2b27fa0b218b) Importer(815301076,1909f56bfc062723c751e8b465ee728b)  -> (artifact id: 'bed895eea2d8ed98f3b40907480e5f0e') in 0.031031 seconds 
========================================================================
Received Import Request.
  Time since last request: 0.000029 seconds.
  path: Assets/Resources/LightRedTank Variant.prefab
  artifactKey: Guid(2eb118ed14b1fcb4baa08894366f77ca) Importer(815301076,1909f56bfc062723c751e8b465ee728b)
Start importing Assets/Resources/LightRedTank Variant.prefab using Guid(2eb118ed14b1fcb4baa08894366f77ca) Importer(815301076,1909f56bfc062723c751e8b465ee728b)  -> (artifact id: '4aea3984fc28879328e3fddae09072d6') in 0.030426 seconds 
========================================================================
Received Prepare
Registering precompiled user dll's ...
Registered in 0.006452 seconds.
Begin MonoManager ReloadAssembly
Symbol file LoadedFromMemory doesn't match image D:\Documents\GitHub\BattleTanks\Battle Tanks\Library\PackageCache\com.unity.visualscripting@1.7.8\Editor\VisualScripting.Core\Dependencies\YamlDotNet\Unity.VisualScripting.YamlDotNet.dll
Symbol file LoadedFromMemory doesn't match image D:\Documents\GitHub\BattleTanks\Battle Tanks\Library\PackageCache\com.unity.visualscripting@1.7.8\Editor\VisualScripting.Core\Dependencies\DotNetZip\Unity.VisualScripting.IonicZip.dll
Native extension for WindowsStandalone target not found
Native extension for iOS target not found
Native extension for OSXStandalone target not found
Refreshing native plugins compatible for Editor in 0.91 ms, found 3 plugins.
Preloading 0 native plugins for Editor in 0.00 ms.
Mono: successfully reloaded assembly
- Completed reload, in  1.040 seconds
Domain Reload Profiling:
	ReloadAssembly (1041ms)
		BeginReloadAssembly (136ms)
			ExecutionOrderSort (0ms)
			DisableScriptedObjects (5ms)
			BackupInstance (0ms)
			ReleaseScriptingObjects (0ms)
			CreateAndSetChildDomain (38ms)
		EndReloadAssembly (794ms)
			LoadAssemblies (90ms)
			RebuildTransferFunctionScriptingTraits (0ms)
			SetupTypeCache (247ms)
			ReleaseScriptCaches (1ms)
			RebuildScriptCaches (47ms)
			SetupLoadedEditorAssemblies (373ms)
				LogAssemblyErrors (0ms)
				InitializePlatformSupportModulesInManaged (32ms)
				SetLoadedEditorAssemblies (0ms)
				RefreshPlugins (1ms)
				BeforeProcessingInitializeOnLoad (77ms)
				ProcessInitializeOnLoadAttributes (220ms)
				ProcessInitializeOnLoadMethodAttributes (31ms)
				AfterProcessingInitializeOnLoad (12ms)
				EditorAssembliesLoaded (0ms)
			ExecutionOrderSort2 (0ms)
			AwakeInstancesAfterBackupRestoration (5ms)
Platform modules already initialized, skipping
Refreshing native plugins compatible for Editor in 1.83 ms, found 3 plugins.
Preloading 0 native plugins for Editor in 0.00 ms.
Unloading 3610 Unused Serialized files (Serialized files now loaded: 0)
Unloading 25 unused Assets / (80.0 KB). Loaded Objects now: 4137.
Memory consumption went from 131.7 MB to 131.6 MB.
Total: 2.812400 ms (FindLiveObjects: 0.321200 ms CreateObjectMapping: 0.088100 ms MarkObjects: 2.312200 ms  DeleteObjects: 0.089800 ms)

AssetImportParameters requested are different than current active one (requested -> active):
  custom:video-decoder-ogg-theora: a1e56fd34408186e4bbccfd4996cb3dc -> 
  custom:container-muxer-webm: aa71ff27fc2769a1b78a27578f13a17b -> 
  custom:container-demuxer-webm: 4f35f7cbe854078d1ac9338744f61a02 -> 
  custom:video-encoder-webm-vp8: eb34c28f22e8b96e1ab97ce403110664 -> 
  custom:audio-encoder-webm-vorbis: bf7c407c2cedff20999df2af8eb42d56 -> 
  custom:framework-win-MediaFoundation: 216162199b28c13a410421893ffa2e32 -> 
  custom:container-demuxer-ogg: 62fdf1f143b41e24485cea50d1cbac27 -> 
  custom:video-decoder-webm-vp8: 9c59270c3fd7afecdb556c50c9e8de78 -> 
  custom:audio-decoder-ogg-vorbis: bf7c407c2cedff20999df2af8eb42d56 -> 
========================================================================
Received Import Request.
  Time since last request: 48.967087 seconds.
  path: Assets/Resources/HeavyRedTank Variant.prefab
  artifactKey: Guid(f18fdae0023c69c41918a9f5369c010c) Importer(815301076,1909f56bfc062723c751e8b465ee728b)
Start importing Assets/Resources/HeavyRedTank Variant.prefab using Guid(f18fdae0023c69c41918a9f5369c010c) Importer(815301076,1909f56bfc062723c751e8b465ee728b)  -> (artifact id: 'e1503d043a615493f93a09fec3925b7e') in 0.114087 seconds 
========================================================================
Received Import Request.
  Time since last request: 0.000021 seconds.
  path: Assets/Resources/Tank.prefab
  artifactKey: Guid(d1d2edf4b999f52449b19a4bc74d25c6) Importer(815301076,1909f56bfc062723c751e8b465ee728b)
Start importing Assets/Resources/Tank.prefab using Guid(d1d2edf4b999f52449b19a4bc74d25c6) Importer(815301076,1909f56bfc062723c751e8b465ee728b)  -> (artifact id: '7cc68d030083eb544e99729fffcaf191') in 0.029349 seconds 
========================================================================
Received Import Request.
  Time since last request: 13.364170 seconds.
  path: Assets/Resources/LightBlueTank Variant.prefab
  artifactKey: Guid(5d7a2608d880b2c4abad2b27fa0b218b) Importer(815301076,1909f56bfc062723c751e8b465ee728b)
Start importing Assets/Resources/LightBlueTank Variant.prefab using Guid(5d7a2608d880b2c4abad2b27fa0b218b) Importer(815301076,1909f56bfc062723c751e8b465ee728b)  -> (artifact id: '8ab8f6b3b648b0c87bb7d15e976f2ed4') in 0.031328 seconds 
========================================================================
Received Import Request.
  Time since last request: 0.000022 seconds.
  path: Assets/Resources/Tank.prefab
  artifactKey: Guid(d1d2edf4b999f52449b19a4bc74d25c6) Importer(815301076,1909f56bfc062723c751e8b465ee728b)
Start importing Assets/Resources/Tank.prefab using Guid(d1d2edf4b999f52449b19a4bc74d25c6) Importer(815301076,1909f56bfc062723c751e8b465ee728b)  -> (artifact id: 'f4988eef77f77f4a0987eb4c12829cf0') in 0.029328 seconds 
========================================================================
Received Import Request.
  Time since last request: 0.000025 seconds.
  path: Assets/Resources/NormalRedTank Variant.prefab
  artifactKey: Guid(b513df06648f81741bd3630b4ba405a9) Importer(815301076,1909f56bfc062723c751e8b465ee728b)
Start importing Assets/Resources/NormalRedTank Variant.prefab using Guid(b513df06648f81741bd3630b4ba405a9) Importer(815301076,1909f56bfc062723c751e8b465ee728b)  -> (artifact id: '902e7a1b9e46934ae45b2b077b43a283') in 0.030367 seconds 
========================================================================
Received Import Request.
  Time since last request: 2.828263 seconds.
  path: Assets/Resources/LightBlueTank Variant.prefab
  artifactKey: Guid(5d7a2608d880b2c4abad2b27fa0b218b) Importer(815301076,1909f56bfc062723c751e8b465ee728b)
Start importing Assets/Resources/LightBlueTank Variant.prefab using Guid(5d7a2608d880b2c4abad2b27fa0b218b) Importer(815301076,1909f56bfc062723c751e8b465ee728b)  -> (artifact id: 'a2c5b463a0bc780bb932f68c940569a2') in 0.030323 seconds 
========================================================================
Received Import Request.
  Time since last request: 0.000023 seconds.
  path: Assets/Resources/Tank.prefab
  artifactKey: Guid(d1d2edf4b999f52449b19a4bc74d25c6) Importer(815301076,1909f56bfc062723c751e8b465ee728b)
Start importing Assets/Resources/Tank.prefab using Guid(d1d2edf4b999f52449b19a4bc74d25c6) Importer(815301076,1909f56bfc062723c751e8b465ee728b)  -> (artifact id: 'aa49a2822a3c21a28ae55cb33c90896d') in 0.030055 seconds 
========================================================================
Received Import Request.
  Time since last request: 0.000034 seconds.
  path: Assets/Resources/NormalRedTank Variant.prefab
  artifactKey: Guid(b513df06648f81741bd3630b4ba405a9) Importer(815301076,1909f56bfc062723c751e8b465ee728b)
Start importing Assets/Resources/NormalRedTank Variant.prefab using Guid(b513df06648f81741bd3630b4ba405a9) Importer(815301076,1909f56bfc062723c751e8b465ee728b)  -> (artifact id: '7a79aa371fd42b7e1edd06a210a6d6e1') in 0.031361 seconds 
========================================================================
Received Import Request.
  Time since last request: 50.757025 seconds.
  path: Assets/Resources/LightBlueTank Variant.prefab
  artifactKey: Guid(5d7a2608d880b2c4abad2b27fa0b218b) Importer(815301076,1909f56bfc062723c751e8b465ee728b)
Start importing Assets/Resources/LightBlueTank Variant.prefab using Guid(5d7a2608d880b2c4abad2b27fa0b218b) Importer(815301076,1909f56bfc062723c751e8b465ee728b)  -> (artifact id: '7bec720bcd7603e12a8c1b5cbde36702') in 0.034259 seconds 
========================================================================
Received Import Request.
  Time since last request: 0.000022 seconds.
  path: Assets/Resources/NormalBlueTank Variant.prefab
  artifactKey: Guid(aa3f3e06402784944998bec3ec15f3e0) Importer(815301076,1909f56bfc062723c751e8b465ee728b)
Start importing Assets/Resources/NormalBlueTank Variant.prefab using Guid(aa3f3e06402784944998bec3ec15f3e0) Importer(815301076,1909f56bfc062723c751e8b465ee728b)  -> (artifact id: 'fd67eed710a9879f86ff400d32e22fcf') in 0.034768 seconds 
========================================================================
Received Import Request.
  Time since last request: 6.494034 seconds.
  path: Assets/Resources/HeavyRedTank Variant.prefab
  artifactKey: Guid(f18fdae0023c69c41918a9f5369c010c) Importer(815301076,1909f56bfc062723c751e8b465ee728b)
Start importing Assets/Resources/HeavyRedTank Variant.prefab using Guid(f18fdae0023c69c41918a9f5369c010c) Importer(815301076,1909f56bfc062723c751e8b465ee728b)  -> (artifact id: 'fd1fff2dd096b2473e42d66880e3be96') in 0.034885 seconds 
========================================================================
Received Import Request.
  Time since last request: 0.000026 seconds.
  path: Assets/Resources/Tank.prefab
  artifactKey: Guid(d1d2edf4b999f52449b19a4bc74d25c6) Importer(815301076,1909f56bfc062723c751e8b465ee728b)
Start importing Assets/Resources/Tank.prefab using Guid(d1d2edf4b999f52449b19a4bc74d25c6) Importer(815301076,1909f56bfc062723c751e8b465ee728b)  -> (artifact id: 'b22afbaa32ac43663f2dd091641550ba') in 0.030183 seconds 
========================================================================
Received Import Request.
  Time since last request: 0.000024 seconds.
  path: Assets/Resources/NormalRedTank Variant.prefab
  artifactKey: Guid(b513df06648f81741bd3630b4ba405a9) Importer(815301076,1909f56bfc062723c751e8b465ee728b)
Start importing Assets/Resources/NormalRedTank Variant.prefab using Guid(b513df06648f81741bd3630b4ba405a9) Importer(815301076,1909f56bfc062723c751e8b465ee728b)  -> (artifact id: 'b064cef16cd3ed2594e07a211ad22ba4') in 0.028648 seconds 
========================================================================
Received Prepare
Registering precompiled user dll's ...
Registered in 0.005254 seconds.
Begin MonoManager ReloadAssembly
Symbol file LoadedFromMemory doesn't match image D:\Documents\GitHub\BattleTanks\Battle Tanks\Library\PackageCache\com.unity.visualscripting@1.7.8\Editor\VisualScripting.Core\Dependencies\YamlDotNet\Unity.VisualScripting.YamlDotNet.dll
Symbol file LoadedFromMemory doesn't match image D:\Documents\GitHub\BattleTanks\Battle Tanks\Library\PackageCache\com.unity.visualscripting@1.7.8\Editor\VisualScripting.Core\Dependencies\DotNetZip\Unity.VisualScripting.IonicZip.dll
Native extension for WindowsStandalone target not found
Native extension for iOS target not found
Native extension for OSXStandalone target not found
Refreshing native plugins compatible for Editor in 0.84 ms, found 3 plugins.
Preloading 0 native plugins for Editor in 0.00 ms.
Mono: successfully reloaded assembly
- Completed reload, in  1.006 seconds
Domain Reload Profiling:
	ReloadAssembly (1007ms)
		BeginReloadAssembly (134ms)
			ExecutionOrderSort (0ms)
			DisableScriptedObjects (4ms)
			BackupInstance (0ms)
			ReleaseScriptingObjects (0ms)
			CreateAndSetChildDomain (40ms)
		EndReloadAssembly (772ms)
			LoadAssemblies (87ms)
			RebuildTransferFunctionScriptingTraits (0ms)
			SetupTypeCache (245ms)
			ReleaseScriptCaches (1ms)
			RebuildScriptCaches (44ms)
			SetupLoadedEditorAssemblies (361ms)
				LogAssemblyErrors (0ms)
				InitializePlatformSupportModulesInManaged (37ms)
				SetLoadedEditorAssemblies (1ms)
				RefreshPlugins (1ms)
				BeforeProcessingInitializeOnLoad (74ms)
				ProcessInitializeOnLoadAttributes (204ms)
				ProcessInitializeOnLoadMethodAttributes (31ms)
				AfterProcessingInitializeOnLoad (12ms)
				EditorAssembliesLoaded (0ms)
			ExecutionOrderSort2 (0ms)
			AwakeInstancesAfterBackupRestoration (6ms)
Platform modules already initialized, skipping
Refreshing native plugins compatible for Editor in 1.80 ms, found 3 plugins.
Preloading 0 native plugins for Editor in 0.00 ms.
Unloading 3610 Unused Serialized files (Serialized files now loaded: 0)
Unloading 25 unused Assets / (80.0 KB). Loaded Objects now: 4141.
Memory consumption went from 131.7 MB to 131.7 MB.
Total: 3.125600 ms (FindLiveObjects: 0.406700 ms CreateObjectMapping: 0.123500 ms MarkObjects: 2.497000 ms  DeleteObjects: 0.097400 ms)

AssetImportParameters requested are different than current active one (requested -> active):
  custom:video-decoder-ogg-theora: a1e56fd34408186e4bbccfd4996cb3dc -> 
  custom:container-muxer-webm: aa71ff27fc2769a1b78a27578f13a17b -> 
  custom:container-demuxer-webm: 4f35f7cbe854078d1ac9338744f61a02 -> 
  custom:video-encoder-webm-vp8: eb34c28f22e8b96e1ab97ce403110664 -> 
  custom:audio-encoder-webm-vorbis: bf7c407c2cedff20999df2af8eb42d56 -> 
  custom:framework-win-MediaFoundation: 216162199b28c13a410421893ffa2e32 -> 
  custom:container-demuxer-ogg: 62fdf1f143b41e24485cea50d1cbac27 -> 
  custom:video-decoder-webm-vp8: 9c59270c3fd7afecdb556c50c9e8de78 -> 
  custom:audio-decoder-ogg-vorbis: bf7c407c2cedff20999df2af8eb42d56 -> 
========================================================================
Received Import Request.
  Time since last request: 5.146344 seconds.
  path: Assets/Resources/LightBlueTank Variant.prefab
  artifactKey: Guid(5d7a2608d880b2c4abad2b27fa0b218b) Importer(815301076,1909f56bfc062723c751e8b465ee728b)
Start importing Assets/Resources/LightBlueTank Variant.prefab using Guid(5d7a2608d880b2c4abad2b27fa0b218b) Importer(815301076,1909f56bfc062723c751e8b465ee728b)  -> (artifact id: '3434cb0cdc541853338f45999fb55ce8') in 0.113909 seconds 
========================================================================
Received Import Request.
  Time since last request: 0.000016 seconds.
  path: Assets/Resources/LightRedTank Variant.prefab
  artifactKey: Guid(2eb118ed14b1fcb4baa08894366f77ca) Importer(815301076,1909f56bfc062723c751e8b465ee728b)
Start importing Assets/Resources/LightRedTank Variant.prefab using Guid(2eb118ed14b1fcb4baa08894366f77ca) Importer(815301076,1909f56bfc062723c751e8b465ee728b)  -> (artifact id: '99ea382bbaf20f63ead5c0d65aeb7433') in 0.031540 seconds 
========================================================================
Received Import Request.
  Time since last request: 3.327889 seconds.
  path: Assets/Resources/LightBlueTank Variant.prefab
  artifactKey: Guid(5d7a2608d880b2c4abad2b27fa0b218b) Importer(815301076,1909f56bfc062723c751e8b465ee728b)
Start importing Assets/Resources/LightBlueTank Variant.prefab using Guid(5d7a2608d880b2c4abad2b27fa0b218b) Importer(815301076,1909f56bfc062723c751e8b465ee728b)  -> (artifact id: '1c1c65b00d46b7ba30f0cfda3d66df40') in 0.030634 seconds 
========================================================================
Received Import Request.
  Time since last request: 0.000021 seconds.
  path: Assets/Resources/LightRedTank Variant.prefab
  artifactKey: Guid(2eb118ed14b1fcb4baa08894366f77ca) Importer(815301076,1909f56bfc062723c751e8b465ee728b)
Start importing Assets/Resources/LightRedTank Variant.prefab using Guid(2eb118ed14b1fcb4baa08894366f77ca) Importer(815301076,1909f56bfc062723c751e8b465ee728b)  -> (artifact id: '263fc57728666e5a154f441d24b7fd4b') in 0.034187 seconds 
========================================================================
Received Prepare
Registering precompiled user dll's ...
Registered in 0.005932 seconds.
Begin MonoManager ReloadAssembly
Symbol file LoadedFromMemory doesn't match image D:\Documents\GitHub\BattleTanks\Battle Tanks\Library\PackageCache\com.unity.visualscripting@1.7.8\Editor\VisualScripting.Core\Dependencies\YamlDotNet\Unity.VisualScripting.YamlDotNet.dll
Symbol file LoadedFromMemory doesn't match image D:\Documents\GitHub\BattleTanks\Battle Tanks\Library\PackageCache\com.unity.visualscripting@1.7.8\Editor\VisualScripting.Core\Dependencies\DotNetZip\Unity.VisualScripting.IonicZip.dll
Native extension for WindowsStandalone target not found
Native extension for iOS target not found
Native extension for OSXStandalone target not found
Refreshing native plugins compatible for Editor in 0.99 ms, found 3 plugins.
Preloading 0 native plugins for Editor in 0.00 ms.
Mono: successfully reloaded assembly
- Completed reload, in  1.016 seconds
Domain Reload Profiling:
	ReloadAssembly (1017ms)
		BeginReloadAssembly (133ms)
			ExecutionOrderSort (0ms)
			DisableScriptedObjects (5ms)
			BackupInstance (0ms)
			ReleaseScriptingObjects (0ms)
			CreateAndSetChildDomain (37ms)
		EndReloadAssembly (785ms)
			LoadAssemblies (85ms)
			RebuildTransferFunctionScriptingTraits (0ms)
			SetupTypeCache (248ms)
			ReleaseScriptCaches (2ms)
			RebuildScriptCaches (47ms)
			SetupLoadedEditorAssemblies (366ms)
				LogAssemblyErrors (0ms)
				InitializePlatformSupportModulesInManaged (32ms)
				SetLoadedEditorAssemblies (1ms)
				RefreshPlugins (1ms)
				BeforeProcessingInitializeOnLoad (76ms)
				ProcessInitializeOnLoadAttributes (213ms)
				ProcessInitializeOnLoadMethodAttributes (34ms)
				AfterProcessingInitializeOnLoad (10ms)
				EditorAssembliesLoaded (0ms)
			ExecutionOrderSort2 (0ms)
			AwakeInstancesAfterBackupRestoration (6ms)
Platform modules already initialized, skipping
Refreshing native plugins compatible for Editor in 1.93 ms, found 3 plugins.
Preloading 0 native plugins for Editor in 0.00 ms.
Unloading 3610 Unused Serialized files (Serialized files now loaded: 0)
Unloading 25 unused Assets / (80.1 KB). Loaded Objects now: 4145.
Memory consumption went from 131.8 MB to 131.7 MB.
Total: 3.411000 ms (FindLiveObjects: 0.399700 ms CreateObjectMapping: 0.086300 ms MarkObjects: 2.799100 ms  DeleteObjects: 0.124800 ms)

AssetImportParameters requested are different than current active one (requested -> active):
  custom:video-decoder-ogg-theora: a1e56fd34408186e4bbccfd4996cb3dc -> 
  custom:container-muxer-webm: aa71ff27fc2769a1b78a27578f13a17b -> 
  custom:container-demuxer-webm: 4f35f7cbe854078d1ac9338744f61a02 -> 
  custom:video-encoder-webm-vp8: eb34c28f22e8b96e1ab97ce403110664 -> 
  custom:audio-encoder-webm-vorbis: bf7c407c2cedff20999df2af8eb42d56 -> 
  custom:framework-win-MediaFoundation: 216162199b28c13a410421893ffa2e32 -> 
  custom:container-demuxer-ogg: 62fdf1f143b41e24485cea50d1cbac27 -> 
  custom:video-decoder-webm-vp8: 9c59270c3fd7afecdb556c50c9e8de78 -> 
  custom:audio-decoder-ogg-vorbis: bf7c407c2cedff20999df2af8eb42d56 -> 
Editor requested this worker to shutdown with reason: Scaling down because of idle timeout
AssetImportWorker is now disconnected from the server
Process exiting
Exiting without the bug reporter. Application will terminate with return code 0