Using pre-set license
Built from '2022.3/staging' branch; Version is '2022.3.11f1 (d00248457e15) revision 13632072'; Using compiler version '192829333'; Build Type 'Release'
OS: 'Windows 10  (10.0.19045) 64bit Professional' Language: 'en' Physical Memory: 32689 MB
BatchMode: 1, IsHumanControllingUs: 0, StartBugReporterOnCrash: 0, Is64bit: 1, IsPro: 1

COMMAND LINE ARGUMENTS:
C:\Program Files\Unity\Hub\Editor\2022.3.11f1\Editor\Unity.exe
-adb2
-batchMode
-noUpm
-name
AssetImportWorker1
-projectPath
D:/Documents/GitHub/BattleTanks/Battle Tanks
-logFile
Logs/AssetImportWorker1.log
-srvPort
52876
Successfully changed project path to: D:/Documents/GitHub/BattleTanks/Battle Tanks
D:/Documents/GitHub/BattleTanks/Battle Tanks
[UnityMemory] Configuration Parameters - Can be set up in boot.config
    "memorysetup-bucket-allocator-granularity=16"
    "memorysetup-bucket-allocator-bucket-count=8"
    "memorysetup-bucket-allocator-block-size=33554432"
    "memorysetup-bucket-allocator-block-count=8"
    "memorysetup-main-allocator-block-size=16777216"
    "memorysetup-thread-allocator-block-size=16777216"
    "memorysetup-gfx-main-allocator-block-size=16777216"
    "memorysetup-gfx-thread-allocator-block-size=16777216"
    "memorysetup-cache-allocator-block-size=4194304"
    "memorysetup-typetree-allocator-block-size=2097152"
    "memorysetup-profiler-bucket-allocator-granularity=16"
    "memorysetup-profiler-bucket-allocator-bucket-count=8"
    "memorysetup-profiler-bucket-allocator-block-size=33554432"
    "memorysetup-profiler-bucket-allocator-block-count=8"
    "memorysetup-profiler-allocator-block-size=16777216"
    "memorysetup-profiler-editor-allocator-block-size=1048576"
    "memorysetup-temp-allocator-size-main=16777216"
    "memorysetup-job-temp-allocator-block-size=2097152"
    "memorysetup-job-temp-allocator-block-size-background=1048576"
    "memorysetup-job-temp-allocator-reduction-small-platforms=262144"
    "memorysetup-allocator-temp-initial-block-size-main=262144"
    "memorysetup-allocator-temp-initial-block-size-worker=262144"
    "memorysetup-temp-allocator-size-background-worker=32768"
    "memorysetup-temp-allocator-size-job-worker=262144"
    "memorysetup-temp-allocator-size-preload-manager=33554432"
    "memorysetup-temp-allocator-size-nav-mesh-worker=65536"
    "memorysetup-temp-allocator-size-audio-worker=65536"
    "memorysetup-temp-allocator-size-cloud-worker=32768"
    "memorysetup-temp-allocator-size-gi-baking-worker=262144"
    "memorysetup-temp-allocator-size-gfx=262144"
Player connection [18656] Host "[IP] 192.168.1.51 [Port] 0 [Flags] 2 [Guid] 3099866101 [EditorId] 3099866101 [Version] 1048832 [Id] WindowsEditor(7,SARUMAN) [Debug] 1 [PackageName] WindowsEditor [ProjectName] Editor" joined multi-casting on [225.0.0.222:54997]...

Player connection [18656] Host "[IP] 192.168.1.51 [Port] 0 [Flags] 2 [Guid] 3099866101 [EditorId] 3099866101 [Version] 1048832 [Id] WindowsEditor(7,SARUMAN) [Debug] 1 [PackageName] WindowsEditor [ProjectName] Editor" joined alternative multi-casting on [225.0.0.222:34997]...

[Physics::Module] Initialized MultithreadedJobDispatcher with 11 workers.
Refreshing native plugins compatible for Editor in 11.78 ms, found 3 plugins.
Preloading 0 native plugins for Editor in 0.00 ms.
Initialize engine version: 2022.3.11f1 (d00248457e15)
[Subsystems] Discovering subsystems at path C:/Program Files/Unity/Hub/Editor/2022.3.11f1/Editor/Data/Resources/UnitySubsystems
[Subsystems] Discovering subsystems at path D:/Documents/GitHub/BattleTanks/Battle Tanks/Assets
GfxDevice: creating device client; threaded=0; jobified=0
Direct3D:
    Version:  Direct3D 11.0 [level 11.1]
    Renderer: AMD Radeon RX 5700 (ID=0x731f)
    Vendor:   ATI
    VRAM:     8151 MB
    Driver:   26.20.15029.27017
Initialize mono
Mono path[0] = 'C:/Program Files/Unity/Hub/Editor/2022.3.11f1/Editor/Data/Managed'
Mono path[1] = 'C:/Program Files/Unity/Hub/Editor/2022.3.11f1/Editor/Data/MonoBleedingEdge/lib/mono/unityjit-win32'
Mono config path = 'C:/Program Files/Unity/Hub/Editor/2022.3.11f1/Editor/Data/MonoBleedingEdge/etc'
Using monoOptions --debugger-agent=transport=dt_socket,embedding=1,server=y,suspend=n,address=127.0.0.1:56168
Begin MonoManager ReloadAssembly
Registering precompiled unity dll's ...
Register platform support module: C:/Program Files/Unity/Hub/Editor/2022.3.11f1/Editor/Data/PlaybackEngines/WebGLSupport/UnityEditor.WebGL.Extensions.dll
Register platform support module: C:/Program Files/Unity/Hub/Editor/2022.3.11f1/Editor/Data/PlaybackEngines/MacStandaloneSupport/UnityEditor.OSXStandalone.Extensions.dll
Register platform support module: C:/Program Files/Unity/Hub/Editor/2022.3.11f1/Editor/Data/PlaybackEngines/AndroidPlayer/UnityEditor.Android.Extensions.dll
Register platform support module: C:/Program Files/Unity/Hub/Editor/2022.3.11f1/Editor/Data/PlaybackEngines/iOSSupport/UnityEditor.iOS.Extensions.dll
Register platform support module: C:/Program Files/Unity/Hub/Editor/2022.3.11f1/Editor/Data/PlaybackEngines/WindowsStandaloneSupport/UnityEditor.WindowsStandalone.Extensions.dll
Registered in 0.019050 seconds.
- Loaded All Assemblies, in  0.396 seconds
Native extension for WindowsStandalone target not found
[usbmuxd] Start listen thread
[usbmuxd] Listen thread started
Native extension for iOS target not found
Native extension for Android target not found
Android Extension - Scanning For ADB Devices 341 ms
Native extension for OSXStandalone target not found
Native extension for WebGL target not found
Mono: successfully reloaded assembly
- Finished resetting the current domain, in  0.823 seconds
Domain Reload Profiling: 1216ms
	BeginReloadAssembly (111ms)
		ExecutionOrderSort (0ms)
		DisableScriptedObjects (0ms)
		BackupInstance (0ms)
		ReleaseScriptingObjects (0ms)
		CreateAndSetChildDomain (1ms)
	RebuildCommonClasses (34ms)
	RebuildNativeTypeToScriptingClass (11ms)
	initialDomainReloadingComplete (73ms)
	LoadAllAssembliesAndSetupDomain (163ms)
		LoadAssemblies (109ms)
		RebuildTransferFunctionScriptingTraits (0ms)
		AnalyzeDomain (159ms)
			TypeCache.Refresh (157ms)
				TypeCache.ScanAssembly (141ms)
			ScanForSourceGeneratedMonoScriptInfo (1ms)
			ResolveRequiredComponents (1ms)
	FinalizeReload (824ms)
		ReleaseScriptCaches (0ms)
		RebuildScriptCaches (0ms)
		SetupLoadedEditorAssemblies (752ms)
			LogAssemblyErrors (0ms)
			InitializePlatformSupportModulesInManaged (560ms)
			SetLoadedEditorAssemblies (5ms)
			RefreshPlugins (0ms)
			BeforeProcessingInitializeOnLoad (4ms)
			ProcessInitializeOnLoadAttributes (125ms)
			ProcessInitializeOnLoadMethodAttributes (58ms)
			AfterProcessingInitializeOnLoad (0ms)
			EditorAssembliesLoaded (0ms)
		ExecutionOrderSort2 (0ms)
		AwakeInstancesAfterBackupRestoration (0ms)
========================================================================
Worker process is ready to serve import requests
Begin MonoManager ReloadAssembly
- Loaded All Assemblies, in  0.999 seconds
Refreshing native plugins compatible for Editor in 3.44 ms, found 3 plugins.
Native extension for WindowsStandalone target not found
Native extension for iOS target not found
Native extension for Android target not found
Native extension for OSXStandalone target not found
Native extension for WebGL target not found
Package Manager log level set to [2]
[Package Manager] Server::EnsureServerProcessIsRunning -- launch failed, reason: Unity was launched with the -noUpm command-line argument
[Package Manager] UpmClient::Send -- Unable to send message (not connected to UPM process).
[Package Manager] Cannot connect to Unity Package Manager local server
Mono: successfully reloaded assembly
- Finished resetting the current domain, in  1.046 seconds
Domain Reload Profiling: 2042ms
	BeginReloadAssembly (242ms)
		ExecutionOrderSort (0ms)
		DisableScriptedObjects (5ms)
		BackupInstance (0ms)
		ReleaseScriptingObjects (0ms)
		CreateAndSetChildDomain (32ms)
	RebuildCommonClasses (37ms)
	RebuildNativeTypeToScriptingClass (14ms)
	initialDomainReloadingComplete (51ms)
	LoadAllAssembliesAndSetupDomain (652ms)
		LoadAssemblies (527ms)
		RebuildTransferFunctionScriptingTraits (0ms)
		AnalyzeDomain (287ms)
			TypeCache.Refresh (240ms)
				TypeCache.ScanAssembly (217ms)
			ScanForSourceGeneratedMonoScriptInfo (23ms)
			ResolveRequiredComponents (21ms)
	FinalizeReload (1046ms)
		ReleaseScriptCaches (0ms)
		RebuildScriptCaches (0ms)
		SetupLoadedEditorAssemblies (869ms)
			LogAssemblyErrors (0ms)
			InitializePlatformSupportModulesInManaged (46ms)
			SetLoadedEditorAssemblies (5ms)
			RefreshPlugins (0ms)
			BeforeProcessingInitializeOnLoad (125ms)
			ProcessInitializeOnLoadAttributes (662ms)
			ProcessInitializeOnLoadMethodAttributes (20ms)
			AfterProcessingInitializeOnLoad (10ms)
			EditorAssembliesLoaded (0ms)
		ExecutionOrderSort2 (0ms)
		AwakeInstancesAfterBackupRestoration (6ms)
Launched and connected shader compiler UnityShaderCompiler.exe after 0.04 seconds
Refreshing native plugins compatible for Editor in 4.31 ms, found 3 plugins.
Preloading 0 native plugins for Editor in 0.00 ms.
Unloading 4151 Unused Serialized files (Serialized files now loaded: 0)
Unloading 70 unused Assets / (1.3 MB). Loaded Objects now: 4598.
Memory consumption went from 168.3 MB to 167.0 MB.
Total: 3.600800 ms (FindLiveObjects: 0.413800 ms CreateObjectMapping: 0.102300 ms MarkObjects: 2.702300 ms  DeleteObjects: 0.380900 ms)

AssetImportParameters requested are different than current active one (requested -> active):
  custom:container-demuxer-ogg: 62fdf1f143b41e24485cea50d1cbac27 -> 
  custom:video-decoder-ogg-theora: a1e56fd34408186e4bbccfd4996cb3dc -> 
  custom:framework-win-MediaFoundation: 216162199b28c13a410421893ffa2e32 -> 
  custom:container-demuxer-webm: 4f35f7cbe854078d1ac9338744f61a02 -> 
  custom:container-muxer-webm: aa71ff27fc2769a1b78a27578f13a17b -> 
  custom:video-decoder-webm-vp8: 9c59270c3fd7afecdb556c50c9e8de78 -> 
  custom:AudioImporter_EditorPlatform: d09bf68614088b80899f8185d706f6e7 -> 
  custom:video-encoder-webm-vp8: eb34c28f22e8b96e1ab97ce403110664 -> 
  custom:audio-decoder-ogg-vorbis: bf7c407c2cedff20999df2af8eb42d56 -> 
  custom:audio-encoder-webm-vorbis: bf7c407c2cedff20999df2af8eb42d56 -> 
========================================================================
Received Import Request.
  Time since last request: 42027.114605 seconds.
  path: Assets/Resources/Tank.prefab
  artifactKey: Guid(d1d2edf4b999f52449b19a4bc74d25c6) Importer(815301076,1909f56bfc062723c751e8b465ee728b)
Start importing Assets/Resources/Tank.prefab using Guid(d1d2edf4b999f52449b19a4bc74d25c6) Importer(815301076,1909f56bfc062723c751e8b465ee728b)  -> (artifact id: 'd6d0dd5d2af85a93912d806f610a83e3') in 0.261517 seconds
Number of updated asset objects reloaded before import = 0
Number of asset objects unloaded after import = 590
========================================================================
Received Import Request.
  Time since last request: 0.000025 seconds.
  path: Assets/Resources/NormalTankRed Variant.prefab
  artifactKey: Guid(59ed7737b9af6a34fb7a93f30bf6b73c) Importer(815301076,1909f56bfc062723c751e8b465ee728b)
Start importing Assets/Resources/NormalTankRed Variant.prefab using Guid(59ed7737b9af6a34fb7a93f30bf6b73c) Importer(815301076,1909f56bfc062723c751e8b465ee728b)  -> (artifact id: '9b5db5909851fb5cda18e763cf4cf039') in 0.107009 seconds
Number of updated asset objects reloaded before import = 0
Number of asset objects unloaded after import = 1019
========================================================================
Received Prepare
Begin MonoManager ReloadAssembly
- Loaded All Assemblies, in  0.568 seconds
Refreshing native plugins compatible for Editor in 3.75 ms, found 3 plugins.
Native extension for WindowsStandalone target not found
Native extension for iOS target not found
Native extension for Android target not found
Native extension for OSXStandalone target not found
Native extension for WebGL target not found
[Package Manager] Server::EnsureServerProcessIsRunning -- launch failed, reason: Unity was launched with the -noUpm command-line argument
[Package Manager] UpmClient::Send -- Unable to send message (not connected to UPM process).
[Package Manager] Cannot connect to Unity Package Manager local server
Mono: successfully reloaded assembly
- Finished resetting the current domain, in  1.267 seconds
Domain Reload Profiling: 1832ms
	BeginReloadAssembly (167ms)
		ExecutionOrderSort (0ms)
		DisableScriptedObjects (5ms)
		BackupInstance (0ms)
		ReleaseScriptingObjects (0ms)
		CreateAndSetChildDomain (49ms)
	RebuildCommonClasses (35ms)
	RebuildNativeTypeToScriptingClass (12ms)
	initialDomainReloadingComplete (32ms)
	LoadAllAssembliesAndSetupDomain (319ms)
		LoadAssemblies (365ms)
		RebuildTransferFunctionScriptingTraits (0ms)
		AnalyzeDomain (34ms)
			TypeCache.Refresh (13ms)
				TypeCache.ScanAssembly (3ms)
			ScanForSourceGeneratedMonoScriptInfo (11ms)
			ResolveRequiredComponents (9ms)
	FinalizeReload (1267ms)
		ReleaseScriptCaches (0ms)
		RebuildScriptCaches (0ms)
		SetupLoadedEditorAssemblies (855ms)
			LogAssemblyErrors (0ms)
			InitializePlatformSupportModulesInManaged (45ms)
			SetLoadedEditorAssemblies (6ms)
			RefreshPlugins (0ms)
			BeforeProcessingInitializeOnLoad (121ms)
			ProcessInitializeOnLoadAttributes (652ms)
			ProcessInitializeOnLoadMethodAttributes (20ms)
			AfterProcessingInitializeOnLoad (10ms)
			EditorAssembliesLoaded (0ms)
		ExecutionOrderSort2 (0ms)
		AwakeInstancesAfterBackupRestoration (7ms)
Refreshing native plugins compatible for Editor in 3.62 ms, found 3 plugins.
Preloading 0 native plugins for Editor in 0.00 ms.
Unloading 4097 Unused Serialized files (Serialized files now loaded: 0)
Unloading 53 unused Assets / (1.3 MB). Loaded Objects now: 4615.
Memory consumption went from 158.0 MB to 156.7 MB.
Total: 3.609200 ms (FindLiveObjects: 0.391500 ms CreateObjectMapping: 0.111100 ms MarkObjects: 2.752300 ms  DeleteObjects: 0.353400 ms)

Prepare: number of updated asset objects reloaded= 0
AssetImportParameters requested are different than current active one (requested -> active):
  custom:container-demuxer-ogg: 62fdf1f143b41e24485cea50d1cbac27 -> 
  custom:video-decoder-ogg-theora: a1e56fd34408186e4bbccfd4996cb3dc -> 
  custom:framework-win-MediaFoundation: 216162199b28c13a410421893ffa2e32 -> 
  custom:container-demuxer-webm: 4f35f7cbe854078d1ac9338744f61a02 -> 
  custom:container-muxer-webm: aa71ff27fc2769a1b78a27578f13a17b -> 
  custom:video-decoder-webm-vp8: 9c59270c3fd7afecdb556c50c9e8de78 -> 
  custom:AudioImporter_EditorPlatform: d09bf68614088b80899f8185d706f6e7 -> 
  custom:video-encoder-webm-vp8: eb34c28f22e8b96e1ab97ce403110664 -> 
  custom:audio-decoder-ogg-vorbis: bf7c407c2cedff20999df2af8eb42d56 -> 
  custom:audio-encoder-webm-vorbis: bf7c407c2cedff20999df2af8eb42d56 -> 
========================================================================
Received Import Request.
  Time since last request: 49.029210 seconds.
  path: Assets/Resources/Tank.prefab
  artifactKey: Guid(d1d2edf4b999f52449b19a4bc74d25c6) Importer(815301076,1909f56bfc062723c751e8b465ee728b)
Start importing Assets/Resources/Tank.prefab using Guid(d1d2edf4b999f52449b19a4bc74d25c6) Importer(815301076,1909f56bfc062723c751e8b465ee728b)  -> (artifact id: 'a2612cc7a6ce4c86a4f2d07f1ee54ba0') in 0.172701 seconds
Number of updated asset objects reloaded before import = 0
Number of asset objects unloaded after import = 590
========================================================================
Received Import Request.
  Time since last request: 0.000044 seconds.
  path: Assets/Resources/NormalTankRed Variant.prefab
  artifactKey: Guid(59ed7737b9af6a34fb7a93f30bf6b73c) Importer(815301076,1909f56bfc062723c751e8b465ee728b)
Start importing Assets/Resources/NormalTankRed Variant.prefab using Guid(59ed7737b9af6a34fb7a93f30bf6b73c) Importer(815301076,1909f56bfc062723c751e8b465ee728b)  -> (artifact id: 'b772e618911b01b539c27b42c2350272') in 0.098400 seconds
Number of updated asset objects reloaded before import = 0
Number of asset objects unloaded after import = 1019
========================================================================
Received Prepare
Refreshing native plugins compatible for Editor in 3.06 ms, found 3 plugins.
Preloading 0 native plugins for Editor in 0.00 ms.
Unloading 13 Unused Serialized files (Serialized files now loaded: 0)
Unloading 14 unused Assets / (1.2 MB). Loaded Objects now: 4617.
Memory consumption went from 95.6 MB to 94.4 MB.
Total: 3.771300 ms (FindLiveObjects: 0.373300 ms CreateObjectMapping: 0.108600 ms MarkObjects: 2.998300 ms  DeleteObjects: 0.290300 ms)

Prepare: number of updated asset objects reloaded= 0
AssetImportParameters requested are different than current active one (requested -> active):
  custom:container-demuxer-ogg: 62fdf1f143b41e24485cea50d1cbac27 -> 
  custom:video-decoder-ogg-theora: a1e56fd34408186e4bbccfd4996cb3dc -> 
  custom:framework-win-MediaFoundation: 216162199b28c13a410421893ffa2e32 -> 
  custom:CustomObjectIndexerAttribute: 756ad292c208cfabdd7b50bc23989ffe -> 
  custom:container-demuxer-webm: 4f35f7cbe854078d1ac9338744f61a02 -> 
  custom:container-muxer-webm: aa71ff27fc2769a1b78a27578f13a17b -> 
  custom:video-decoder-webm-vp8: 9c59270c3fd7afecdb556c50c9e8de78 -> 
  custom:SearchIndexIgnoredProperties: e643bd26f0fe6173181afceb89e7c659 -> 
  custom:AudioImporter_EditorPlatform: d09bf68614088b80899f8185d706f6e7 -> 
  custom:video-encoder-webm-vp8: eb34c28f22e8b96e1ab97ce403110664 -> 
  custom:audio-decoder-ogg-vorbis: bf7c407c2cedff20999df2af8eb42d56 -> 
  custom:audio-encoder-webm-vorbis: bf7c407c2cedff20999df2af8eb42d56 -> 
========================================================================
Received Prepare
Begin MonoManager ReloadAssembly
- Loaded All Assemblies, in  0.691 seconds
Refreshing native plugins compatible for Editor in 3.32 ms, found 3 plugins.
Native extension for WindowsStandalone target not found
Native extension for iOS target not found
Native extension for Android target not found
Native extension for OSXStandalone target not found
Native extension for WebGL target not found
[Package Manager] Server::EnsureServerProcessIsRunning -- launch failed, reason: Unity was launched with the -noUpm command-line argument
[Package Manager] UpmClient::Send -- Unable to send message (not connected to UPM process).
[Package Manager] Cannot connect to Unity Package Manager local server
Mono: successfully reloaded assembly
- Finished resetting the current domain, in  1.426 seconds
Domain Reload Profiling: 2112ms
	BeginReloadAssembly (179ms)
		ExecutionOrderSort (0ms)
		DisableScriptedObjects (5ms)
		BackupInstance (0ms)
		ReleaseScriptingObjects (0ms)
		CreateAndSetChildDomain (48ms)
	RebuildCommonClasses (57ms)
	RebuildNativeTypeToScriptingClass (21ms)
	initialDomainReloadingComplete (52ms)
	LoadAllAssembliesAndSetupDomain (376ms)
		LoadAssemblies (428ms)
		RebuildTransferFunctionScriptingTraits (0ms)
		AnalyzeDomain (39ms)
			TypeCache.Refresh (14ms)
				TypeCache.ScanAssembly (3ms)
			ScanForSourceGeneratedMonoScriptInfo (14ms)
			ResolveRequiredComponents (11ms)
	FinalizeReload (1426ms)
		ReleaseScriptCaches (0ms)
		RebuildScriptCaches (0ms)
		SetupLoadedEditorAssemblies (946ms)
			LogAssemblyErrors (0ms)
			InitializePlatformSupportModulesInManaged (45ms)
			SetLoadedEditorAssemblies (7ms)
			RefreshPlugins (0ms)
			BeforeProcessingInitializeOnLoad (131ms)
			ProcessInitializeOnLoadAttributes (729ms)
			ProcessInitializeOnLoadMethodAttributes (23ms)
			AfterProcessingInitializeOnLoad (10ms)
			EditorAssembliesLoaded (0ms)
		ExecutionOrderSort2 (0ms)
		AwakeInstancesAfterBackupRestoration (9ms)
Refreshing native plugins compatible for Editor in 4.98 ms, found 3 plugins.
Preloading 0 native plugins for Editor in 0.00 ms.
Unloading 4098 Unused Serialized files (Serialized files now loaded: 0)
Unloading 51 unused Assets / (1.3 MB). Loaded Objects now: 4621.
Memory consumption went from 159.9 MB to 158.7 MB.
Total: 5.173000 ms (FindLiveObjects: 0.670600 ms CreateObjectMapping: 0.131800 ms MarkObjects: 3.820800 ms  DeleteObjects: 0.548400 ms)

Prepare: number of updated asset objects reloaded= 0
AssetImportParameters requested are different than current active one (requested -> active):
  custom:container-demuxer-ogg: 62fdf1f143b41e24485cea50d1cbac27 -> 
  custom:video-decoder-ogg-theora: a1e56fd34408186e4bbccfd4996cb3dc -> 
  custom:framework-win-MediaFoundation: 216162199b28c13a410421893ffa2e32 -> 
  custom:CustomObjectIndexerAttribute: 756ad292c208cfabdd7b50bc23989ffe -> 
  custom:container-demuxer-webm: 4f35f7cbe854078d1ac9338744f61a02 -> 
  custom:container-muxer-webm: aa71ff27fc2769a1b78a27578f13a17b -> 
  custom:video-decoder-webm-vp8: 9c59270c3fd7afecdb556c50c9e8de78 -> 
  custom:SearchIndexIgnoredProperties: e643bd26f0fe6173181afceb89e7c659 -> 
  custom:AudioImporter_EditorPlatform: d09bf68614088b80899f8185d706f6e7 -> 
  custom:video-encoder-webm-vp8: eb34c28f22e8b96e1ab97ce403110664 -> 
  custom:audio-decoder-ogg-vorbis: bf7c407c2cedff20999df2af8eb42d56 -> 
  custom:audio-encoder-webm-vorbis: bf7c407c2cedff20999df2af8eb42d56 -> 
========================================================================
Received Prepare
Begin MonoManager ReloadAssembly
- Loaded All Assemblies, in  0.584 seconds
Refreshing native plugins compatible for Editor in 3.84 ms, found 3 plugins.
Native extension for WindowsStandalone target not found
Native extension for iOS target not found
Native extension for Android target not found
Native extension for OSXStandalone target not found
Native extension for WebGL target not found
[Package Manager] Server::EnsureServerProcessIsRunning -- launch failed, reason: Unity was launched with the -noUpm command-line argument
[Package Manager] UpmClient::Send -- Unable to send message (not connected to UPM process).
[Package Manager] Cannot connect to Unity Package Manager local server
Mono: successfully reloaded assembly
- Finished resetting the current domain, in  1.248 seconds
Domain Reload Profiling: 1829ms
	BeginReloadAssembly (175ms)
		ExecutionOrderSort (0ms)
		DisableScriptedObjects (5ms)
		BackupInstance (0ms)
		ReleaseScriptingObjects (0ms)
		CreateAndSetChildDomain (48ms)
	RebuildCommonClasses (33ms)
	RebuildNativeTypeToScriptingClass (12ms)
	initialDomainReloadingComplete (32ms)
	LoadAllAssembliesAndSetupDomain (330ms)
		LoadAssemblies (381ms)
		RebuildTransferFunctionScriptingTraits (0ms)
		AnalyzeDomain (36ms)
			TypeCache.Refresh (13ms)
				TypeCache.ScanAssembly (3ms)
			ScanForSourceGeneratedMonoScriptInfo (13ms)
			ResolveRequiredComponents (9ms)
	FinalizeReload (1248ms)
		ReleaseScriptCaches (0ms)
		RebuildScriptCaches (0ms)
		SetupLoadedEditorAssemblies (840ms)
			LogAssemblyErrors (0ms)
			InitializePlatformSupportModulesInManaged (46ms)
			SetLoadedEditorAssemblies (5ms)
			RefreshPlugins (0ms)
			BeforeProcessingInitializeOnLoad (121ms)
			ProcessInitializeOnLoadAttributes (638ms)
			ProcessInitializeOnLoadMethodAttributes (20ms)
			AfterProcessingInitializeOnLoad (10ms)
			EditorAssembliesLoaded (0ms)
		ExecutionOrderSort2 (0ms)
		AwakeInstancesAfterBackupRestoration (7ms)
Refreshing native plugins compatible for Editor in 3.35 ms, found 3 plugins.
Preloading 0 native plugins for Editor in 0.00 ms.
Unloading 4098 Unused Serialized files (Serialized files now loaded: 0)
Unloading 51 unused Assets / (1.3 MB). Loaded Objects now: 4626.
Memory consumption went from 161.9 MB to 160.6 MB.
Total: 3.420400 ms (FindLiveObjects: 0.332900 ms CreateObjectMapping: 0.097900 ms MarkObjects: 2.613900 ms  DeleteObjects: 0.374700 ms)

Prepare: number of updated asset objects reloaded= 0
AssetImportParameters requested are different than current active one (requested -> active):
  custom:container-demuxer-ogg: 62fdf1f143b41e24485cea50d1cbac27 -> 
  custom:video-decoder-ogg-theora: a1e56fd34408186e4bbccfd4996cb3dc -> 
  custom:framework-win-MediaFoundation: 216162199b28c13a410421893ffa2e32 -> 
  custom:CustomObjectIndexerAttribute: 756ad292c208cfabdd7b50bc23989ffe -> 
  custom:container-demuxer-webm: 4f35f7cbe854078d1ac9338744f61a02 -> 
  custom:container-muxer-webm: aa71ff27fc2769a1b78a27578f13a17b -> 
  custom:video-decoder-webm-vp8: 9c59270c3fd7afecdb556c50c9e8de78 -> 
  custom:SearchIndexIgnoredProperties: e643bd26f0fe6173181afceb89e7c659 -> 
  custom:AudioImporter_EditorPlatform: d09bf68614088b80899f8185d706f6e7 -> 
  custom:video-encoder-webm-vp8: eb34c28f22e8b96e1ab97ce403110664 -> 
  custom:audio-decoder-ogg-vorbis: bf7c407c2cedff20999df2af8eb42d56 -> 
  custom:audio-encoder-webm-vorbis: bf7c407c2cedff20999df2af8eb42d56 -> 
========================================================================
Received Prepare
Begin MonoManager ReloadAssembly
- Loaded All Assemblies, in  0.552 seconds
Refreshing native plugins compatible for Editor in 3.80 ms, found 3 plugins.
Native extension for WindowsStandalone target not found
Native extension for iOS target not found
Native extension for Android target not found
Native extension for OSXStandalone target not found
Native extension for WebGL target not found
[Package Manager] Server::EnsureServerProcessIsRunning -- launch failed, reason: Unity was launched with the -noUpm command-line argument
[Package Manager] UpmClient::Send -- Unable to send message (not connected to UPM process).
[Package Manager] Cannot connect to Unity Package Manager local server
Mono: successfully reloaded assembly
- Finished resetting the current domain, in  1.295 seconds
Domain Reload Profiling: 1844ms
	BeginReloadAssembly (164ms)
		ExecutionOrderSort (0ms)
		DisableScriptedObjects (5ms)
		BackupInstance (0ms)
		ReleaseScriptingObjects (0ms)
		CreateAndSetChildDomain (43ms)
	RebuildCommonClasses (32ms)
	RebuildNativeTypeToScriptingClass (11ms)
	initialDomainReloadingComplete (32ms)
	LoadAllAssembliesAndSetupDomain (310ms)
		LoadAssemblies (375ms)
		RebuildTransferFunctionScriptingTraits (0ms)
		AnalyzeDomain (19ms)
			TypeCache.Refresh (6ms)
				TypeCache.ScanAssembly (0ms)
			ScanForSourceGeneratedMonoScriptInfo (0ms)
			ResolveRequiredComponents (10ms)
	FinalizeReload (1295ms)
		ReleaseScriptCaches (0ms)
		RebuildScriptCaches (0ms)
		SetupLoadedEditorAssemblies (868ms)
			LogAssemblyErrors (0ms)
			InitializePlatformSupportModulesInManaged (48ms)
			SetLoadedEditorAssemblies (5ms)
			RefreshPlugins (0ms)
			BeforeProcessingInitializeOnLoad (132ms)
			ProcessInitializeOnLoadAttributes (648ms)
			ProcessInitializeOnLoadMethodAttributes (22ms)
			AfterProcessingInitializeOnLoad (13ms)
			EditorAssembliesLoaded (0ms)
		ExecutionOrderSort2 (0ms)
		AwakeInstancesAfterBackupRestoration (10ms)
Refreshing native plugins compatible for Editor in 3.27 ms, found 3 plugins.
Preloading 0 native plugins for Editor in 0.00 ms.
Unloading 4098 Unused Serialized files (Serialized files now loaded: 0)
Unloading 51 unused Assets / (1.3 MB). Loaded Objects now: 4631.
Memory consumption went from 163.8 MB to 162.6 MB.
Total: 3.983100 ms (FindLiveObjects: 0.659900 ms CreateObjectMapping: 0.166800 ms MarkObjects: 2.790600 ms  DeleteObjects: 0.364700 ms)

Prepare: number of updated asset objects reloaded= 0
AssetImportParameters requested are different than current active one (requested -> active):
  custom:container-demuxer-ogg: 62fdf1f143b41e24485cea50d1cbac27 -> 
  custom:video-decoder-ogg-theora: a1e56fd34408186e4bbccfd4996cb3dc -> 
  custom:framework-win-MediaFoundation: 216162199b28c13a410421893ffa2e32 -> 
  custom:CustomObjectIndexerAttribute: 756ad292c208cfabdd7b50bc23989ffe -> 
  custom:container-demuxer-webm: 4f35f7cbe854078d1ac9338744f61a02 -> 
  custom:container-muxer-webm: aa71ff27fc2769a1b78a27578f13a17b -> 
  custom:video-decoder-webm-vp8: 9c59270c3fd7afecdb556c50c9e8de78 -> 
  custom:SearchIndexIgnoredProperties: e643bd26f0fe6173181afceb89e7c659 -> 
  custom:AudioImporter_EditorPlatform: d09bf68614088b80899f8185d706f6e7 -> 
  custom:video-encoder-webm-vp8: eb34c28f22e8b96e1ab97ce403110664 -> 
  custom:audio-decoder-ogg-vorbis: bf7c407c2cedff20999df2af8eb42d56 -> 
  custom:audio-encoder-webm-vorbis: bf7c407c2cedff20999df2af8eb42d56 -> 
========================================================================
Received Prepare
Begin MonoManager ReloadAssembly
- Loaded All Assemblies, in  0.550 seconds
Refreshing native plugins compatible for Editor in 3.46 ms, found 3 plugins.
Native extension for WindowsStandalone target not found
Native extension for iOS target not found
Native extension for Android target not found
Native extension for OSXStandalone target not found
Native extension for WebGL target not found
[Package Manager] Server::EnsureServerProcessIsRunning -- launch failed, reason: Unity was launched with the -noUpm command-line argument
[Package Manager] UpmClient::Send -- Unable to send message (not connected to UPM process).
[Package Manager] Cannot connect to Unity Package Manager local server
Mono: successfully reloaded assembly
- Finished resetting the current domain, in  1.287 seconds
Domain Reload Profiling: 1834ms
	BeginReloadAssembly (163ms)
		ExecutionOrderSort (0ms)
		DisableScriptedObjects (5ms)
		BackupInstance (0ms)
		ReleaseScriptingObjects (0ms)
		CreateAndSetChildDomain (41ms)
	RebuildCommonClasses (33ms)
	RebuildNativeTypeToScriptingClass (11ms)
	initialDomainReloadingComplete (33ms)
	LoadAllAssembliesAndSetupDomain (307ms)
		LoadAssemblies (374ms)
		RebuildTransferFunctionScriptingTraits (0ms)
		AnalyzeDomain (18ms)
			TypeCache.Refresh (6ms)
				TypeCache.ScanAssembly (0ms)
			ScanForSourceGeneratedMonoScriptInfo (0ms)
			ResolveRequiredComponents (9ms)
	FinalizeReload (1288ms)
		ReleaseScriptCaches (0ms)
		RebuildScriptCaches (0ms)
		SetupLoadedEditorAssemblies (857ms)
			LogAssemblyErrors (0ms)
			InitializePlatformSupportModulesInManaged (48ms)
			SetLoadedEditorAssemblies (6ms)
			RefreshPlugins (0ms)
			BeforeProcessingInitializeOnLoad (133ms)
			ProcessInitializeOnLoadAttributes (634ms)
			ProcessInitializeOnLoadMethodAttributes (25ms)
			AfterProcessingInitializeOnLoad (11ms)
			EditorAssembliesLoaded (0ms)
		ExecutionOrderSort2 (0ms)
		AwakeInstancesAfterBackupRestoration (8ms)
Refreshing native plugins compatible for Editor in 3.19 ms, found 3 plugins.
Preloading 0 native plugins for Editor in 0.00 ms.
Unloading 4098 Unused Serialized files (Serialized files now loaded: 0)
Unloading 51 unused Assets / (1.3 MB). Loaded Objects now: 4636.
Memory consumption went from 165.7 MB to 164.4 MB.
Total: 3.674700 ms (FindLiveObjects: 0.490400 ms CreateObjectMapping: 0.101200 ms MarkObjects: 2.726800 ms  DeleteObjects: 0.347900 ms)

Prepare: number of updated asset objects reloaded= 0
AssetImportParameters requested are different than current active one (requested -> active):
  custom:container-demuxer-ogg: 62fdf1f143b41e24485cea50d1cbac27 -> 
  custom:video-decoder-ogg-theora: a1e56fd34408186e4bbccfd4996cb3dc -> 
  custom:framework-win-MediaFoundation: 216162199b28c13a410421893ffa2e32 -> 
  custom:CustomObjectIndexerAttribute: 756ad292c208cfabdd7b50bc23989ffe -> 
  custom:container-demuxer-webm: 4f35f7cbe854078d1ac9338744f61a02 -> 
  custom:container-muxer-webm: aa71ff27fc2769a1b78a27578f13a17b -> 
  custom:video-decoder-webm-vp8: 9c59270c3fd7afecdb556c50c9e8de78 -> 
  custom:SearchIndexIgnoredProperties: e643bd26f0fe6173181afceb89e7c659 -> 
  custom:AudioImporter_EditorPlatform: d09bf68614088b80899f8185d706f6e7 -> 
  custom:video-encoder-webm-vp8: eb34c28f22e8b96e1ab97ce403110664 -> 
  custom:audio-decoder-ogg-vorbis: bf7c407c2cedff20999df2af8eb42d56 -> 
  custom:audio-encoder-webm-vorbis: bf7c407c2cedff20999df2af8eb42d56 -> 
========================================================================
Received Import Request.
  Time since last request: 231.891289 seconds.
  path: Assets/Resources/BulletRed.prefab
  artifactKey: Guid(1a9f82ee3deb80e419b900c57989016a) Importer(815301076,1909f56bfc062723c751e8b465ee728b)
Start importing Assets/Resources/BulletRed.prefab using Guid(1a9f82ee3deb80e419b900c57989016a) Importer(815301076,1909f56bfc062723c751e8b465ee728b)  -> (artifact id: '666e1b469f5f9900d4469fceafaf8510') in 0.086101 seconds
Number of updated asset objects reloaded before import = 0
Number of asset objects unloaded after import = 45
========================================================================
Received Import Request.
  Time since last request: 0.000019 seconds.
  path: Assets/Resources/HeavyTankYellow Variant.prefab
  artifactKey: Guid(1f9d96984d9df16468bddd96c3c20443) Importer(815301076,1909f56bfc062723c751e8b465ee728b)
Start importing Assets/Resources/HeavyTankYellow Variant.prefab using Guid(1f9d96984d9df16468bddd96c3c20443) Importer(815301076,1909f56bfc062723c751e8b465ee728b)  -> (artifact id: '6042575b857f9fd8870503bc7e8acb14') in 0.159997 seconds
Number of updated asset objects reloaded before import = 0
Number of asset objects unloaded after import = 1023
========================================================================
Received Import Request.
  Time since last request: 0.000030 seconds.
  path: Assets/Resources/HeavyTankBlue Variant.prefab
  artifactKey: Guid(2474c6ba138b2d042a69904adf7ac9cf) Importer(815301076,1909f56bfc062723c751e8b465ee728b)
Start importing Assets/Resources/HeavyTankBlue Variant.prefab using Guid(2474c6ba138b2d042a69904adf7ac9cf) Importer(815301076,1909f56bfc062723c751e8b465ee728b)  -> (artifact id: 'e4d12b1b85107798f0332b41158818a9') in 0.083756 seconds
Number of updated asset objects reloaded before import = 0
Number of asset objects unloaded after import = 1023
========================================================================
Received Import Request.
  Time since last request: 0.000019 seconds.
  path: Assets/Resources/HeavyTankGreen Variant.prefab
  artifactKey: Guid(12d8e4bf02377bb4fa4c978b42ef96ca) Importer(815301076,1909f56bfc062723c751e8b465ee728b)
Start importing Assets/Resources/HeavyTankGreen Variant.prefab using Guid(12d8e4bf02377bb4fa4c978b42ef96ca) Importer(815301076,1909f56bfc062723c751e8b465ee728b)  -> (artifact id: '4e22d62802a40ec694ed6c6dc78f3dca') in 0.088174 seconds
Number of updated asset objects reloaded before import = 0
Number of asset objects unloaded after import = 1023
========================================================================
Received Import Request.
  Time since last request: 0.000026 seconds.
  path: Assets/Resources/HeavyTankOrange Variant.prefab
  artifactKey: Guid(c21d5d7784810d14298e84ec18d56761) Importer(815301076,1909f56bfc062723c751e8b465ee728b)
Start importing Assets/Resources/HeavyTankOrange Variant.prefab using Guid(c21d5d7784810d14298e84ec18d56761) Importer(815301076,1909f56bfc062723c751e8b465ee728b)  -> (artifact id: '96bb2859b588d372901a045e7b3480a1') in 0.088217 seconds
Number of updated asset objects reloaded before import = 0
Number of asset objects unloaded after import = 1023
========================================================================
Received Import Request.
  Time since last request: 0.000029 seconds.
  path: Assets/Resources/HeavyTankPink Variant.prefab
  artifactKey: Guid(5b964594878661d43b2d9bbbc8062b38) Importer(815301076,1909f56bfc062723c751e8b465ee728b)
Start importing Assets/Resources/HeavyTankPink Variant.prefab using Guid(5b964594878661d43b2d9bbbc8062b38) Importer(815301076,1909f56bfc062723c751e8b465ee728b)  -> (artifact id: '0d71eae3f1ce94a03c4560738fe01550') in 0.083044 seconds
Number of updated asset objects reloaded before import = 0
Number of asset objects unloaded after import = 1023
========================================================================
Received Import Request.
  Time since last request: 0.000030 seconds.
  path: Assets/Resources/LightTankLightBlue Variant.prefab
  artifactKey: Guid(e19228ed4e661f147bfd428a015ed9f5) Importer(815301076,1909f56bfc062723c751e8b465ee728b)
Start importing Assets/Resources/LightTankLightBlue Variant.prefab using Guid(e19228ed4e661f147bfd428a015ed9f5) Importer(815301076,1909f56bfc062723c751e8b465ee728b)  -> (artifact id: '36222738839e3651bb518b40384141b9') in 0.083654 seconds
Number of updated asset objects reloaded before import = 0
Number of asset objects unloaded after import = 1027
========================================================================
Received Import Request.
  Time since last request: 0.328724 seconds.
  path: Assets/Resources/LightTankPink Variant.prefab
  artifactKey: Guid(7b57c2acc784b9b4d84d72906e93243c) Importer(815301076,1909f56bfc062723c751e8b465ee728b)
Start importing Assets/Resources/LightTankPink Variant.prefab using Guid(7b57c2acc784b9b4d84d72906e93243c) Importer(815301076,1909f56bfc062723c751e8b465ee728b)  -> (artifact id: '0f6a27f8f8d9212c8db9deef694ddb25') in 0.086824 seconds
Number of updated asset objects reloaded before import = 0
Number of asset objects unloaded after import = 1027
========================================================================
Received Import Request.
  Time since last request: 0.000032 seconds.
  path: Assets/Resources/LightTankYellow Variant.prefab
  artifactKey: Guid(78a3a290b504bdb478b3d2293f07a968) Importer(815301076,1909f56bfc062723c751e8b465ee728b)
Start importing Assets/Resources/LightTankYellow Variant.prefab using Guid(78a3a290b504bdb478b3d2293f07a968) Importer(815301076,1909f56bfc062723c751e8b465ee728b)  -> (artifact id: '70d0fb59e53f269c2eac9ecb9c2b064b') in 0.089574 seconds
Number of updated asset objects reloaded before import = 0
Number of asset objects unloaded after import = 1027
========================================================================
Received Import Request.
  Time since last request: 0.000017 seconds.
  path: Assets/Resources/NormalTankBlue Variant.prefab
  artifactKey: Guid(146eddb8dd74d204f999b3cccafa7f8a) Importer(815301076,1909f56bfc062723c751e8b465ee728b)
Start importing Assets/Resources/NormalTankBlue Variant.prefab using Guid(146eddb8dd74d204f999b3cccafa7f8a) Importer(815301076,1909f56bfc062723c751e8b465ee728b)  -> (artifact id: 'fd4f88c24397667c2626129b7e72fb06') in 0.091079 seconds
Number of updated asset objects reloaded before import = 0
Number of asset objects unloaded after import = 1019
========================================================================
Received Import Request.
  Time since last request: 0.000043 seconds.
  path: Assets/Resources/LightTankPurple Variant.prefab
  artifactKey: Guid(90f249ac07d70e94d96bf7cb40744821) Importer(815301076,1909f56bfc062723c751e8b465ee728b)
Start importing Assets/Resources/LightTankPurple Variant.prefab using Guid(90f249ac07d70e94d96bf7cb40744821) Importer(815301076,1909f56bfc062723c751e8b465ee728b)  -> (artifact id: 'db8aaf3d90f4e5bdd64af15c61825677') in 0.091787 seconds
Number of updated asset objects reloaded before import = 0
Number of asset objects unloaded after import = 1027
========================================================================
Received Import Request.
  Time since last request: 0.000038 seconds.
  path: Assets/Resources/NormalTank Variant.prefab
  artifactKey: Guid(6eb63ad41e5215f4991b3ce7edb54cc9) Importer(815301076,1909f56bfc062723c751e8b465ee728b)
Start importing Assets/Resources/NormalTank Variant.prefab using Guid(6eb63ad41e5215f4991b3ce7edb54cc9) Importer(815301076,1909f56bfc062723c751e8b465ee728b)  -> (artifact id: 'fbb463e95a2f4c42ee2ac4f751df8e8d') in 0.083428 seconds
Number of updated asset objects reloaded before import = 0
Number of asset objects unloaded after import = 805
========================================================================
Received Import Request.
  Time since last request: 0.000027 seconds.
  path: Assets/Resources/NormalTankOrange Variant.prefab
  artifactKey: Guid(7122763ffae510c4aaec8f2fe6e002aa) Importer(815301076,1909f56bfc062723c751e8b465ee728b)
Start importing Assets/Resources/NormalTankOrange Variant.prefab using Guid(7122763ffae510c4aaec8f2fe6e002aa) Importer(815301076,1909f56bfc062723c751e8b465ee728b)  -> (artifact id: 'e3d2ffbe0b61b3eb22ae30a4cf2cae3b') in 0.077080 seconds
Number of updated asset objects reloaded before import = 0
Number of asset objects unloaded after import = 1019
========================================================================
Received Import Request.
  Time since last request: 18.691194 seconds.
  path: Assets/Resources/HeavyTankGreen Variant.prefab
  artifactKey: Guid(12d8e4bf02377bb4fa4c978b42ef96ca) Importer(815301076,1909f56bfc062723c751e8b465ee728b)
Start importing Assets/Resources/HeavyTankGreen Variant.prefab using Guid(12d8e4bf02377bb4fa4c978b42ef96ca) Importer(815301076,1909f56bfc062723c751e8b465ee728b)  -> (artifact id: 'deebf39ead936963a1d93e13e68c1a0a') in 0.090820 seconds
Number of updated asset objects reloaded before import = 0
Number of asset objects unloaded after import = 1029
========================================================================
Received Import Request.
  Time since last request: 0.000023 seconds.
  path: Assets/Resources/HeavyTankPurple Variant.prefab
  artifactKey: Guid(c67b4445c0e83384c8ea3e5cb0eea6c9) Importer(815301076,1909f56bfc062723c751e8b465ee728b)
Start importing Assets/Resources/HeavyTankPurple Variant.prefab using Guid(c67b4445c0e83384c8ea3e5cb0eea6c9) Importer(815301076,1909f56bfc062723c751e8b465ee728b)  -> (artifact id: 'd7431229e1c72c04ee0832b349f539fe') in 0.086696 seconds
Number of updated asset objects reloaded before import = 0
Number of asset objects unloaded after import = 1029
========================================================================
Received Import Request.
  Time since last request: 0.000036 seconds.
  path: Assets/Resources/NormalTankLightBlue Variant.prefab
  artifactKey: Guid(d3053e06c68cb1443a1fbf33b1aa6f43) Importer(815301076,1909f56bfc062723c751e8b465ee728b)
Start importing Assets/Resources/NormalTankLightBlue Variant.prefab using Guid(d3053e06c68cb1443a1fbf33b1aa6f43) Importer(815301076,1909f56bfc062723c751e8b465ee728b)  -> (artifact id: '14ba4b9711633649d7c3b749040fd06b') in 0.095528 seconds
Number of updated asset objects reloaded before import = 0
Number of asset objects unloaded after import = 1025
========================================================================
Received Import Request.
  Time since last request: 0.000041 seconds.
  path: Assets/Resources/LightTankBlue Variant.prefab
  artifactKey: Guid(df29ca587e68070439a9f90f1e9bbbe5) Importer(815301076,1909f56bfc062723c751e8b465ee728b)
Start importing Assets/Resources/LightTankBlue Variant.prefab using Guid(df29ca587e68070439a9f90f1e9bbbe5) Importer(815301076,1909f56bfc062723c751e8b465ee728b)  -> (artifact id: 'd740fa9670df1e850c149bb77379cb71') in 0.088212 seconds
Number of updated asset objects reloaded before import = 0
Number of asset objects unloaded after import = 1033
========================================================================
Received Import Request.
  Time since last request: 0.000020 seconds.
  path: Assets/Resources/HeavyTankOrange Variant.prefab
  artifactKey: Guid(c21d5d7784810d14298e84ec18d56761) Importer(815301076,1909f56bfc062723c751e8b465ee728b)
Start importing Assets/Resources/HeavyTankOrange Variant.prefab using Guid(c21d5d7784810d14298e84ec18d56761) Importer(815301076,1909f56bfc062723c751e8b465ee728b)  -> (artifact id: 'c031d178b7b7f5e434102cfcc24e9457') in 0.087424 seconds
Number of updated asset objects reloaded before import = 0
Number of asset objects unloaded after import = 1029
========================================================================
Received Import Request.
  Time since last request: 0.000021 seconds.
  path: Assets/Resources/LightTankRed Variant.prefab
  artifactKey: Guid(45bfb682cc6e75447887f4392e1101bb) Importer(815301076,1909f56bfc062723c751e8b465ee728b)
Start importing Assets/Resources/LightTankRed Variant.prefab using Guid(45bfb682cc6e75447887f4392e1101bb) Importer(815301076,1909f56bfc062723c751e8b465ee728b)  -> (artifact id: 'b021b08311ce949dd419924b846da2d3') in 0.086840 seconds
Number of updated asset objects reloaded before import = 0
Number of asset objects unloaded after import = 1033
========================================================================
Received Import Request.
  Time since last request: 0.000034 seconds.
  path: Assets/Resources/NormalTank Variant.prefab
  artifactKey: Guid(6eb63ad41e5215f4991b3ce7edb54cc9) Importer(815301076,1909f56bfc062723c751e8b465ee728b)
Start importing Assets/Resources/NormalTank Variant.prefab using Guid(6eb63ad41e5215f4991b3ce7edb54cc9) Importer(815301076,1909f56bfc062723c751e8b465ee728b)  -> (artifact id: '035573d4afab7d431034e79d6dae5ee9') in 0.085376 seconds
Number of updated asset objects reloaded before import = 0
Number of asset objects unloaded after import = 811
========================================================================
Received Import Request.
  Time since last request: 0.000017 seconds.
  path: Assets/Resources/LightTank Variant.prefab
  artifactKey: Guid(e1b4e73166571a746a234b3684443b5f) Importer(815301076,1909f56bfc062723c751e8b465ee728b)
Start importing Assets/Resources/LightTank Variant.prefab using Guid(e1b4e73166571a746a234b3684443b5f) Importer(815301076,1909f56bfc062723c751e8b465ee728b)  -> (artifact id: '9b49b0a25752ba618065b66eccc05e03') in 0.084367 seconds
Number of updated asset objects reloaded before import = 0
Number of asset objects unloaded after import = 815
========================================================================
Received Import Request.
  Time since last request: 0.000030 seconds.
  path: Assets/Resources/LightTankGreen Variant.prefab
  artifactKey: Guid(e119abb6ff8347d4fafd121eb91d46a7) Importer(815301076,1909f56bfc062723c751e8b465ee728b)
Start importing Assets/Resources/LightTankGreen Variant.prefab using Guid(e119abb6ff8347d4fafd121eb91d46a7) Importer(815301076,1909f56bfc062723c751e8b465ee728b)  -> (artifact id: 'a81002500bab7b5a61b24b8e4d5302af') in 0.086191 seconds
Number of updated asset objects reloaded before import = 0
Number of asset objects unloaded after import = 1033
========================================================================
Received Import Request.
  Time since last request: 0.000027 seconds.
  path: Assets/Resources/HeavyTankLightBlue Variant.prefab
  artifactKey: Guid(dcdd1189522d22a40be3a252e91d30f3) Importer(815301076,1909f56bfc062723c751e8b465ee728b)
Start importing Assets/Resources/HeavyTankLightBlue Variant.prefab using Guid(dcdd1189522d22a40be3a252e91d30f3) Importer(815301076,1909f56bfc062723c751e8b465ee728b)  -> (artifact id: 'ef576884b0426cebaf866f9cc99f6060') in 0.088767 seconds
Number of updated asset objects reloaded before import = 0
Number of asset objects unloaded after import = 1029
========================================================================
Received Import Request.
  Time since last request: 20.732611 seconds.
  path: Assets/Resources/HeavyTankGreen Variant.prefab
  artifactKey: Guid(12d8e4bf02377bb4fa4c978b42ef96ca) Importer(815301076,1909f56bfc062723c751e8b465ee728b)
Start importing Assets/Resources/HeavyTankGreen Variant.prefab using Guid(12d8e4bf02377bb4fa4c978b42ef96ca) Importer(815301076,1909f56bfc062723c751e8b465ee728b)  -> (artifact id: 'f68708a3c9074ad107b23777ca789300') in 0.094528 seconds
Number of updated asset objects reloaded before import = 0
Number of asset objects unloaded after import = 1030
========================================================================
Received Import Request.
  Time since last request: 0.000017 seconds.
  path: Assets/Resources/HeavyTankYellow Variant.prefab
  artifactKey: Guid(1f9d96984d9df16468bddd96c3c20443) Importer(815301076,1909f56bfc062723c751e8b465ee728b)
Start importing Assets/Resources/HeavyTankYellow Variant.prefab using Guid(1f9d96984d9df16468bddd96c3c20443) Importer(815301076,1909f56bfc062723c751e8b465ee728b)  -> (artifact id: 'db3212c407eec7b84d7c61db989d0ecc') in 0.081677 seconds
Number of updated asset objects reloaded before import = 0
Number of asset objects unloaded after import = 1030
========================================================================
Received Import Request.
  Time since last request: 0.000030 seconds.
  path: Assets/Resources/HeavyTankOrange Variant.prefab
  artifactKey: Guid(c21d5d7784810d14298e84ec18d56761) Importer(815301076,1909f56bfc062723c751e8b465ee728b)
Start importing Assets/Resources/HeavyTankOrange Variant.prefab using Guid(c21d5d7784810d14298e84ec18d56761) Importer(815301076,1909f56bfc062723c751e8b465ee728b)  -> (artifact id: '58cc9ad549ed0eb068737fbf5ecd3eb2') in 0.085740 seconds
Number of updated asset objects reloaded before import = 0
Number of asset objects unloaded after import = 1030
========================================================================
Received Import Request.
  Time since last request: 0.000033 seconds.
  path: Assets/Resources/LightTankPink Variant.prefab
  artifactKey: Guid(7b57c2acc784b9b4d84d72906e93243c) Importer(815301076,1909f56bfc062723c751e8b465ee728b)
Start importing Assets/Resources/LightTankPink Variant.prefab using Guid(7b57c2acc784b9b4d84d72906e93243c) Importer(815301076,1909f56bfc062723c751e8b465ee728b)  -> (artifact id: '67373a6585a3d43f3a1247d43001eda9') in 0.081076 seconds
Number of updated asset objects reloaded before import = 0
Number of asset objects unloaded after import = 1034
========================================================================
Received Import Request.
  Time since last request: 0.000046 seconds.
  path: Assets/Resources/LightTank Variant.prefab
  artifactKey: Guid(e1b4e73166571a746a234b3684443b5f) Importer(815301076,1909f56bfc062723c751e8b465ee728b)
Start importing Assets/Resources/LightTank Variant.prefab using Guid(e1b4e73166571a746a234b3684443b5f) Importer(815301076,1909f56bfc062723c751e8b465ee728b)  -> (artifact id: 'de3aee4a564829af59665803dfc73229') in 0.085821 seconds
Number of updated asset objects reloaded before import = 0
Number of asset objects unloaded after import = 816
========================================================================
Received Import Request.
  Time since last request: 0.000021 seconds.
  path: Assets/Resources/HeavyTankLightBlue Variant.prefab
  artifactKey: Guid(dcdd1189522d22a40be3a252e91d30f3) Importer(815301076,1909f56bfc062723c751e8b465ee728b)
Start importing Assets/Resources/HeavyTankLightBlue Variant.prefab using Guid(dcdd1189522d22a40be3a252e91d30f3) Importer(815301076,1909f56bfc062723c751e8b465ee728b)  -> (artifact id: 'cbd4492350d3f6dbd4adb2afc6a58f54') in 0.087666 seconds
Number of updated asset objects reloaded before import = 0
Number of asset objects unloaded after import = 1030
========================================================================
Received Import Request.
  Time since last request: 6.040363 seconds.
  path: Assets/Resources/HeavyTankGreen Variant.prefab
  artifactKey: Guid(12d8e4bf02377bb4fa4c978b42ef96ca) Importer(815301076,1909f56bfc062723c751e8b465ee728b)
Start importing Assets/Resources/HeavyTankGreen Variant.prefab using Guid(12d8e4bf02377bb4fa4c978b42ef96ca) Importer(815301076,1909f56bfc062723c751e8b465ee728b)  -> (artifact id: '9e64fd3ce5c23633f9f4e9ae3ce60991') in 0.089058 seconds
Number of updated asset objects reloaded before import = 0
Number of asset objects unloaded after import = 1030
========================================================================
Received Import Request.
  Time since last request: 0.000022 seconds.
  path: Assets/Resources/HeavyTankPurple Variant.prefab
  artifactKey: Guid(c67b4445c0e83384c8ea3e5cb0eea6c9) Importer(815301076,1909f56bfc062723c751e8b465ee728b)
Start importing Assets/Resources/HeavyTankPurple Variant.prefab using Guid(c67b4445c0e83384c8ea3e5cb0eea6c9) Importer(815301076,1909f56bfc062723c751e8b465ee728b)  -> (artifact id: '993ed53934a0a08cf3e9b54e0ddaf232') in 0.088172 seconds
Number of updated asset objects reloaded before import = 0
Number of asset objects unloaded after import = 1030
========================================================================
Received Import Request.
  Time since last request: 0.000041 seconds.
  path: Assets/Resources/HeavyTankRed Variant.prefab
  artifactKey: Guid(5ae80ada484c1b247be14d7e316512a1) Importer(815301076,1909f56bfc062723c751e8b465ee728b)
Start importing Assets/Resources/HeavyTankRed Variant.prefab using Guid(5ae80ada484c1b247be14d7e316512a1) Importer(815301076,1909f56bfc062723c751e8b465ee728b)  -> (artifact id: '2659c67d0a49242cc10945e6a3aa72bc') in 0.087126 seconds
Number of updated asset objects reloaded before import = 0
Number of asset objects unloaded after import = 1030
========================================================================
Received Import Request.
  Time since last request: 0.000024 seconds.
  path: Assets/Resources/LightTankGreen Variant.prefab
  artifactKey: Guid(e119abb6ff8347d4fafd121eb91d46a7) Importer(815301076,1909f56bfc062723c751e8b465ee728b)
Start importing Assets/Resources/LightTankGreen Variant.prefab using Guid(e119abb6ff8347d4fafd121eb91d46a7) Importer(815301076,1909f56bfc062723c751e8b465ee728b)  -> (artifact id: '1e48a12022039e8f8e5f8bc2b7cd4b77') in 0.088193 seconds
Number of updated asset objects reloaded before import = 0
Number of asset objects unloaded after import = 1034
========================================================================
Received Prepare
Refreshing native plugins compatible for Editor in 3.07 ms, found 3 plugins.
Preloading 0 native plugins for Editor in 0.00 ms.
Unloading 12 Unused Serialized files (Serialized files now loaded: 0)
Unloading 14 unused Assets / (1.2 MB). Loaded Objects now: 4638.
Memory consumption went from 105.5 MB to 104.2 MB.
Total: 3.911700 ms (FindLiveObjects: 0.391000 ms CreateObjectMapping: 0.096800 ms MarkObjects: 3.098600 ms  DeleteObjects: 0.324800 ms)

Prepare: number of updated asset objects reloaded= 0
AssetImportParameters requested are different than current active one (requested -> active):
  custom:container-demuxer-ogg: 62fdf1f143b41e24485cea50d1cbac27 -> 
  custom:video-decoder-ogg-theora: a1e56fd34408186e4bbccfd4996cb3dc -> 
  custom:framework-win-MediaFoundation: 216162199b28c13a410421893ffa2e32 -> 
  custom:CustomObjectIndexerAttribute: 756ad292c208cfabdd7b50bc23989ffe -> 
  custom:container-demuxer-webm: 4f35f7cbe854078d1ac9338744f61a02 -> 
  custom:container-muxer-webm: aa71ff27fc2769a1b78a27578f13a17b -> 
  custom:video-decoder-webm-vp8: 9c59270c3fd7afecdb556c50c9e8de78 -> 
  custom:SearchIndexIgnoredProperties: e643bd26f0fe6173181afceb89e7c659 -> 
  custom:AudioImporter_EditorPlatform: d09bf68614088b80899f8185d706f6e7 -> 
  custom:video-encoder-webm-vp8: eb34c28f22e8b96e1ab97ce403110664 -> 
  custom:audio-decoder-ogg-vorbis: bf7c407c2cedff20999df2af8eb42d56 -> 
  custom:audio-encoder-webm-vorbis: bf7c407c2cedff20999df2af8eb42d56 -> 
========================================================================
Received Prepare
Begin MonoManager ReloadAssembly
- Loaded All Assemblies, in  0.608 seconds
Refreshing native plugins compatible for Editor in 3.72 ms, found 3 plugins.
Native extension for WindowsStandalone target not found
Native extension for iOS target not found
Native extension for Android target not found
Native extension for OSXStandalone target not found
Native extension for WebGL target not found
[Package Manager] Server::EnsureServerProcessIsRunning -- launch failed, reason: Unity was launched with the -noUpm command-line argument
[Package Manager] UpmClient::Send -- Unable to send message (not connected to UPM process).
[Package Manager] Cannot connect to Unity Package Manager local server
Mono: successfully reloaded assembly
- Finished resetting the current domain, in  1.395 seconds
Domain Reload Profiling: 1999ms
	BeginReloadAssembly (185ms)
		ExecutionOrderSort (0ms)
		DisableScriptedObjects (5ms)
		BackupInstance (0ms)
		ReleaseScriptingObjects (0ms)
		CreateAndSetChildDomain (51ms)
	RebuildCommonClasses (33ms)
	RebuildNativeTypeToScriptingClass (12ms)
	initialDomainReloadingComplete (35ms)
	LoadAllAssembliesAndSetupDomain (337ms)
		LoadAssemblies (412ms)
		RebuildTransferFunctionScriptingTraits (0ms)
		AnalyzeDomain (20ms)
			TypeCache.Refresh (9ms)
				TypeCache.ScanAssembly (0ms)
			ScanForSourceGeneratedMonoScriptInfo (0ms)
			ResolveRequiredComponents (10ms)
	FinalizeReload (1396ms)
		ReleaseScriptCaches (0ms)
		RebuildScriptCaches (0ms)
		SetupLoadedEditorAssemblies (920ms)
			LogAssemblyErrors (0ms)
			InitializePlatformSupportModulesInManaged (50ms)
			SetLoadedEditorAssemblies (7ms)
			RefreshPlugins (0ms)
			BeforeProcessingInitializeOnLoad (144ms)
			ProcessInitializeOnLoadAttributes (682ms)
			ProcessInitializeOnLoadMethodAttributes (22ms)
			AfterProcessingInitializeOnLoad (14ms)
			EditorAssembliesLoaded (0ms)
		ExecutionOrderSort2 (0ms)
		AwakeInstancesAfterBackupRestoration (10ms)
Refreshing native plugins compatible for Editor in 3.25 ms, found 3 plugins.
Preloading 0 native plugins for Editor in 0.00 ms.
Unloading 4098 Unused Serialized files (Serialized files now loaded: 0)
Unloading 51 unused Assets / (1.3 MB). Loaded Objects now: 4642.
Memory consumption went from 169.9 MB to 168.6 MB.
Total: 3.610000 ms (FindLiveObjects: 0.421800 ms CreateObjectMapping: 0.109000 ms MarkObjects: 2.761400 ms  DeleteObjects: 0.316700 ms)

Prepare: number of updated asset objects reloaded= 0
AssetImportParameters requested are different than current active one (requested -> active):
  custom:container-demuxer-ogg: 62fdf1f143b41e24485cea50d1cbac27 -> 
  custom:video-decoder-ogg-theora: a1e56fd34408186e4bbccfd4996cb3dc -> 
  custom:framework-win-MediaFoundation: 216162199b28c13a410421893ffa2e32 -> 
  custom:CustomObjectIndexerAttribute: 756ad292c208cfabdd7b50bc23989ffe -> 
  custom:container-demuxer-webm: 4f35f7cbe854078d1ac9338744f61a02 -> 
  custom:container-muxer-webm: aa71ff27fc2769a1b78a27578f13a17b -> 
  custom:video-decoder-webm-vp8: 9c59270c3fd7afecdb556c50c9e8de78 -> 
  custom:SearchIndexIgnoredProperties: e643bd26f0fe6173181afceb89e7c659 -> 
  custom:AudioImporter_EditorPlatform: d09bf68614088b80899f8185d706f6e7 -> 
  custom:video-encoder-webm-vp8: eb34c28f22e8b96e1ab97ce403110664 -> 
  custom:audio-decoder-ogg-vorbis: bf7c407c2cedff20999df2af8eb42d56 -> 
  custom:audio-encoder-webm-vorbis: bf7c407c2cedff20999df2af8eb42d56 -> 
TcpMessagingSession - receive error
AssetImportWorkerClient::OnTransportError - code=10054 error=An existing connection was forcibly closed by the remote host.
