Using pre-set license
Built from '2022.3/staging' branch; Version is '2022.3.11f1 (d00248457e15) revision 13632072'; Using compiler version '192829333'; Build Type 'Release'
OS: 'Windows 10  (10.0.19045) 64bit Professional' Language: 'en' Physical Memory: 32689 MB
BatchMode: 1, IsHumanControllingUs: 0, StartBugReporterOnCrash: 0, Is64bit: 1, IsPro: 1

COMMAND LINE ARGUMENTS:
C:\Program Files\Unity\Hub\Editor\2022.3.11f1\Editor\Unity.exe
-adb2
-batchMode
-noUpm
-name
AssetImportWorker5
-projectPath
D:/Documents/GitHub/BattleTanks/Battle Tanks
-logFile
Logs/AssetImportWorker5.log
-srvPort
50575
Successfully changed project path to: D:/Documents/GitHub/BattleTanks/Battle Tanks
D:/Documents/GitHub/BattleTanks/Battle Tanks
[UnityMemory] Configuration Parameters - Can be set up in boot.config
    "memorysetup-bucket-allocator-granularity=16"
    "memorysetup-bucket-allocator-bucket-count=8"
    "memorysetup-bucket-allocator-block-size=33554432"
    "memorysetup-bucket-allocator-block-count=8"
    "memorysetup-main-allocator-block-size=16777216"
    "memorysetup-thread-allocator-block-size=16777216"
    "memorysetup-gfx-main-allocator-block-size=16777216"
    "memorysetup-gfx-thread-allocator-block-size=16777216"
    "memorysetup-cache-allocator-block-size=4194304"
    "memorysetup-typetree-allocator-block-size=2097152"
    "memorysetup-profiler-bucket-allocator-granularity=16"
    "memorysetup-profiler-bucket-allocator-bucket-count=8"
    "memorysetup-profiler-bucket-allocator-block-size=33554432"
    "memorysetup-profiler-bucket-allocator-block-count=8"
    "memorysetup-profiler-allocator-block-size=16777216"
    "memorysetup-profiler-editor-allocator-block-size=1048576"
    "memorysetup-temp-allocator-size-main=16777216"
    "memorysetup-job-temp-allocator-block-size=2097152"
    "memorysetup-job-temp-allocator-block-size-background=1048576"
    "memorysetup-job-temp-allocator-reduction-small-platforms=262144"
    "memorysetup-allocator-temp-initial-block-size-main=262144"
    "memorysetup-allocator-temp-initial-block-size-worker=262144"
    "memorysetup-temp-allocator-size-background-worker=32768"
    "memorysetup-temp-allocator-size-job-worker=262144"
    "memorysetup-temp-allocator-size-preload-manager=33554432"
    "memorysetup-temp-allocator-size-nav-mesh-worker=65536"
    "memorysetup-temp-allocator-size-audio-worker=65536"
    "memorysetup-temp-allocator-size-cloud-worker=32768"
    "memorysetup-temp-allocator-size-gi-baking-worker=262144"
    "memorysetup-temp-allocator-size-gfx=262144"
Player connection [23748] Host "[IP] 192.168.1.51 [Port] 0 [Flags] 2 [Guid] 1065405512 [EditorId] 1065405512 [Version] 1048832 [Id] WindowsEditor(7,SARUMAN) [Debug] 1 [PackageName] WindowsEditor [ProjectName] Editor" joined multi-casting on [225.0.0.222:54997]...

Player connection [23748] Host "[IP] 192.168.1.51 [Port] 0 [Flags] 2 [Guid] 1065405512 [EditorId] 1065405512 [Version] 1048832 [Id] WindowsEditor(7,SARUMAN) [Debug] 1 [PackageName] WindowsEditor [ProjectName] Editor" joined alternative multi-casting on [225.0.0.222:34997]...

[Physics::Module] Initialized MultithreadedJobDispatcher with 11 workers.
Refreshing native plugins compatible for Editor in 13.21 ms, found 3 plugins.
Preloading 0 native plugins for Editor in 0.00 ms.
Initialize engine version: 2022.3.11f1 (d00248457e15)
[Subsystems] Discovering subsystems at path C:/Program Files/Unity/Hub/Editor/2022.3.11f1/Editor/Data/Resources/UnitySubsystems
[Subsystems] Discovering subsystems at path D:/Documents/GitHub/BattleTanks/Battle Tanks/Assets
GfxDevice: creating device client; threaded=0; jobified=0
Direct3D:
    Version:  Direct3D 11.0 [level 11.1]
    Renderer: AMD Radeon RX 5700 (ID=0x731f)
    Vendor:   ATI
    VRAM:     8151 MB
    Driver:   26.20.15029.27017
Initialize mono
Mono path[0] = 'C:/Program Files/Unity/Hub/Editor/2022.3.11f1/Editor/Data/Managed'
Mono path[1] = 'C:/Program Files/Unity/Hub/Editor/2022.3.11f1/Editor/Data/MonoBleedingEdge/lib/mono/unityjit-win32'
Mono config path = 'C:/Program Files/Unity/Hub/Editor/2022.3.11f1/Editor/Data/MonoBleedingEdge/etc'
Using monoOptions --debugger-agent=transport=dt_socket,embedding=1,server=y,suspend=n,address=127.0.0.1:56744
Begin MonoManager ReloadAssembly
Registering precompiled unity dll's ...
Register platform support module: C:/Program Files/Unity/Hub/Editor/2022.3.11f1/Editor/Data/PlaybackEngines/WebGLSupport/UnityEditor.WebGL.Extensions.dll
Register platform support module: C:/Program Files/Unity/Hub/Editor/2022.3.11f1/Editor/Data/PlaybackEngines/MacStandaloneSupport/UnityEditor.OSXStandalone.Extensions.dll
Register platform support module: C:/Program Files/Unity/Hub/Editor/2022.3.11f1/Editor/Data/PlaybackEngines/AndroidPlayer/UnityEditor.Android.Extensions.dll
Register platform support module: C:/Program Files/Unity/Hub/Editor/2022.3.11f1/Editor/Data/PlaybackEngines/iOSSupport/UnityEditor.iOS.Extensions.dll
Register platform support module: C:/Program Files/Unity/Hub/Editor/2022.3.11f1/Editor/Data/PlaybackEngines/WindowsStandaloneSupport/UnityEditor.WindowsStandalone.Extensions.dll
Registered in 0.022112 seconds.
- Loaded All Assemblies, in  0.414 seconds
Native extension for WindowsStandalone target not found
[usbmuxd] Start listen thread
[usbmuxd] Listen thread started
Native extension for iOS target not found
Native extension for Android target not found
Android Extension - Scanning For ADB Devices 276 ms
Native extension for OSXStandalone target not found
Native extension for WebGL target not found
Mono: successfully reloaded assembly
- Finished resetting the current domain, in  0.624 seconds
Domain Reload Profiling: 1035ms
	BeginReloadAssembly (122ms)
		ExecutionOrderSort (0ms)
		DisableScriptedObjects (0ms)
		BackupInstance (0ms)
		ReleaseScriptingObjects (0ms)
		CreateAndSetChildDomain (1ms)
	RebuildCommonClasses (35ms)
	RebuildNativeTypeToScriptingClass (13ms)
	initialDomainReloadingComplete (81ms)
	LoadAllAssembliesAndSetupDomain (161ms)
		LoadAssemblies (120ms)
		RebuildTransferFunctionScriptingTraits (0ms)
		AnalyzeDomain (157ms)
			TypeCache.Refresh (155ms)
				TypeCache.ScanAssembly (140ms)
			ScanForSourceGeneratedMonoScriptInfo (1ms)
			ResolveRequiredComponents (1ms)
	FinalizeReload (624ms)
		ReleaseScriptCaches (0ms)
		RebuildScriptCaches (0ms)
		SetupLoadedEditorAssemblies (558ms)
			LogAssemblyErrors (0ms)
			InitializePlatformSupportModulesInManaged (422ms)
			SetLoadedEditorAssemblies (4ms)
			RefreshPlugins (0ms)
			BeforeProcessingInitializeOnLoad (2ms)
			ProcessInitializeOnLoadAttributes (89ms)
			ProcessInitializeOnLoadMethodAttributes (41ms)
			AfterProcessingInitializeOnLoad (0ms)
			EditorAssembliesLoaded (0ms)
		ExecutionOrderSort2 (0ms)
		AwakeInstancesAfterBackupRestoration (0ms)
========================================================================
Worker process is ready to serve import requests
Begin MonoManager ReloadAssembly
- Loaded All Assemblies, in  0.743 seconds
Refreshing native plugins compatible for Editor in 3.19 ms, found 3 plugins.
Native extension for WindowsStandalone target not found
Native extension for iOS target not found
Native extension for Android target not found
Native extension for OSXStandalone target not found
Native extension for WebGL target not found
Package Manager log level set to [2]
[Package Manager] Server::EnsureServerProcessIsRunning -- launch failed, reason: Unity was launched with the -noUpm command-line argument
[Package Manager] UpmClient::Send -- Unable to send message (not connected to UPM process).
[Package Manager] Cannot connect to Unity Package Manager local server
Mono: successfully reloaded assembly
- Finished resetting the current domain, in  0.962 seconds
Domain Reload Profiling: 1702ms
	BeginReloadAssembly (138ms)
		ExecutionOrderSort (0ms)
		DisableScriptedObjects (5ms)
		BackupInstance (0ms)
		ReleaseScriptingObjects (0ms)
		CreateAndSetChildDomain (22ms)
	RebuildCommonClasses (31ms)
	RebuildNativeTypeToScriptingClass (11ms)
	initialDomainReloadingComplete (42ms)
	LoadAllAssembliesAndSetupDomain (518ms)
		LoadAssemblies (365ms)
		RebuildTransferFunctionScriptingTraits (0ms)
		AnalyzeDomain (233ms)
			TypeCache.Refresh (204ms)
				TypeCache.ScanAssembly (183ms)
			ScanForSourceGeneratedMonoScriptInfo (21ms)
			ResolveRequiredComponents (7ms)
	FinalizeReload (962ms)
		ReleaseScriptCaches (0ms)
		RebuildScriptCaches (0ms)
		SetupLoadedEditorAssemblies (803ms)
			LogAssemblyErrors (0ms)
			InitializePlatformSupportModulesInManaged (48ms)
			SetLoadedEditorAssemblies (5ms)
			RefreshPlugins (0ms)
			BeforeProcessingInitializeOnLoad (115ms)
			ProcessInitializeOnLoadAttributes (604ms)
			ProcessInitializeOnLoadMethodAttributes (19ms)
			AfterProcessingInitializeOnLoad (12ms)
			EditorAssembliesLoaded (0ms)
		ExecutionOrderSort2 (0ms)
		AwakeInstancesAfterBackupRestoration (5ms)
Launched and connected shader compiler UnityShaderCompiler.exe after 0.04 seconds
Refreshing native plugins compatible for Editor in 3.14 ms, found 3 plugins.
Preloading 0 native plugins for Editor in 0.00 ms.
Unloading 4098 Unused Serialized files (Serialized files now loaded: 0)
Unloading 70 unused Assets / (1.3 MB). Loaded Objects now: 4544.
Memory consumption went from 167.1 MB to 165.8 MB.
Total: 3.506300 ms (FindLiveObjects: 0.340900 ms CreateObjectMapping: 0.098600 ms MarkObjects: 2.687700 ms  DeleteObjects: 0.378300 ms)

AssetImportParameters requested are different than current active one (requested -> active):
  custom:container-demuxer-ogg: 62fdf1f143b41e24485cea50d1cbac27 -> 
  custom:video-decoder-ogg-theora: a1e56fd34408186e4bbccfd4996cb3dc -> 
  custom:framework-win-MediaFoundation: 216162199b28c13a410421893ffa2e32 -> 
  custom:CustomObjectIndexerAttribute: 756ad292c208cfabdd7b50bc23989ffe -> 
  custom:container-demuxer-webm: 4f35f7cbe854078d1ac9338744f61a02 -> 
  custom:container-muxer-webm: aa71ff27fc2769a1b78a27578f13a17b -> 
  custom:video-decoder-webm-vp8: 9c59270c3fd7afecdb556c50c9e8de78 -> 
  custom:SearchIndexIgnoredProperties: e643bd26f0fe6173181afceb89e7c659 -> 
  custom:AudioImporter_EditorPlatform: d09bf68614088b80899f8185d706f6e7 -> 
  custom:video-encoder-webm-vp8: eb34c28f22e8b96e1ab97ce403110664 -> 
  custom:audio-decoder-ogg-vorbis: bf7c407c2cedff20999df2af8eb42d56 -> 
  custom:audio-encoder-webm-vorbis: bf7c407c2cedff20999df2af8eb42d56 -> 
========================================================================
Received Import Request.
  Time since last request: 5531.916549 seconds.
  path: Assets/Resources/HeavyTankGreen Variant.prefab
  artifactKey: Guid(12d8e4bf02377bb4fa4c978b42ef96ca) Importer(815301076,1909f56bfc062723c751e8b465ee728b)
Start importing Assets/Resources/HeavyTankGreen Variant.prefab using Guid(12d8e4bf02377bb4fa4c978b42ef96ca) Importer(815301076,1909f56bfc062723c751e8b465ee728b)  -> (artifact id: '545892c463ab69136df81838a738bb0e') in 0.211621 seconds
Number of updated asset objects reloaded before import = 0
Number of asset objects unloaded after import = 1095
========================================================================
Received Import Request.
  Time since last request: 0.000025 seconds.
  path: Assets/Resources/NormalTankPink Variant.prefab
  artifactKey: Guid(6c7621352019fd849ac88dce198a9e07) Importer(815301076,1909f56bfc062723c751e8b465ee728b)
Start importing Assets/Resources/NormalTankPink Variant.prefab using Guid(6c7621352019fd849ac88dce198a9e07) Importer(815301076,1909f56bfc062723c751e8b465ee728b)  -> (artifact id: 'bb7ed97baf2e951e574cc086ff7d0855') in 0.072152 seconds
Number of updated asset objects reloaded before import = 0
Number of asset objects unloaded after import = 1091
========================================================================
Received Import Request.
  Time since last request: 0.000030 seconds.
  path: Assets/Resources/Tank.prefab
  artifactKey: Guid(d1d2edf4b999f52449b19a4bc74d25c6) Importer(815301076,1909f56bfc062723c751e8b465ee728b)
Start importing Assets/Resources/Tank.prefab using Guid(d1d2edf4b999f52449b19a4bc74d25c6) Importer(815301076,1909f56bfc062723c751e8b465ee728b)  -> (artifact id: '281c422b7b1fdcfe85d38d0a1c488b49') in 0.067763 seconds
Number of updated asset objects reloaded before import = 0
Number of asset objects unloaded after import = 578
========================================================================
Received Import Request.
  Time since last request: 0.000018 seconds.
  path: Assets/Resources/LightTankPurple Variant.prefab
  artifactKey: Guid(90f249ac07d70e94d96bf7cb40744821) Importer(815301076,1909f56bfc062723c751e8b465ee728b)
Start importing Assets/Resources/LightTankPurple Variant.prefab using Guid(90f249ac07d70e94d96bf7cb40744821) Importer(815301076,1909f56bfc062723c751e8b465ee728b)  -> (artifact id: '396580837000e262655faf6328b4c69e') in 0.082679 seconds
Number of updated asset objects reloaded before import = 0
Number of asset objects unloaded after import = 1099
========================================================================
Received Import Request.
  Time since last request: 0.000019 seconds.
  path: Assets/Resources/NormalTankGreen Variant.prefab
  artifactKey: Guid(7f863be675929db4b867aef0165ff1fb) Importer(815301076,1909f56bfc062723c751e8b465ee728b)
Start importing Assets/Resources/NormalTankGreen Variant.prefab using Guid(7f863be675929db4b867aef0165ff1fb) Importer(815301076,1909f56bfc062723c751e8b465ee728b)  -> (artifact id: 'f2fac612b90adbb81e80bb6148d141cd') in 0.073378 seconds
Number of updated asset objects reloaded before import = 0
Number of asset objects unloaded after import = 1091
========================================================================
Received Import Request.
  Time since last request: 0.000019 seconds.
  path: Assets/Resources/NormalTankRed Variant.prefab
  artifactKey: Guid(59ed7737b9af6a34fb7a93f30bf6b73c) Importer(815301076,1909f56bfc062723c751e8b465ee728b)
Start importing Assets/Resources/NormalTankRed Variant.prefab using Guid(59ed7737b9af6a34fb7a93f30bf6b73c) Importer(815301076,1909f56bfc062723c751e8b465ee728b)  -> (artifact id: 'bb88cec0cd28a88d2920f26381b4f6ac') in 0.071782 seconds
Number of updated asset objects reloaded before import = 0
Number of asset objects unloaded after import = 1091
========================================================================
Received Import Request.
  Time since last request: 0.000028 seconds.
  path: Assets/Resources/LightTankGreen Variant.prefab
  artifactKey: Guid(e119abb6ff8347d4fafd121eb91d46a7) Importer(815301076,1909f56bfc062723c751e8b465ee728b)
Start importing Assets/Resources/LightTankGreen Variant.prefab using Guid(e119abb6ff8347d4fafd121eb91d46a7) Importer(815301076,1909f56bfc062723c751e8b465ee728b)  -> (artifact id: 'fcf2f9a1db7f99f1f1e5849d065ab35a') in 0.071372 seconds
Number of updated asset objects reloaded before import = 0
Number of asset objects unloaded after import = 1099
========================================================================
Received Import Request.
  Time since last request: 0.000023 seconds.
  path: Assets/Resources/HeavyTankLightBlue Variant.prefab
  artifactKey: Guid(dcdd1189522d22a40be3a252e91d30f3) Importer(815301076,1909f56bfc062723c751e8b465ee728b)
Start importing Assets/Resources/HeavyTankLightBlue Variant.prefab using Guid(dcdd1189522d22a40be3a252e91d30f3) Importer(815301076,1909f56bfc062723c751e8b465ee728b)  -> (artifact id: '30f98e2f2b73877f135b16e124a31ffc') in 0.069941 seconds
Number of updated asset objects reloaded before import = 0
Number of asset objects unloaded after import = 1095
========================================================================
Received Import Request.
  Time since last request: 8.690506 seconds.
  path: Assets/Resources/HeavyTankGreen Variant.prefab
  artifactKey: Guid(12d8e4bf02377bb4fa4c978b42ef96ca) Importer(815301076,1909f56bfc062723c751e8b465ee728b)
Start importing Assets/Resources/HeavyTankGreen Variant.prefab using Guid(12d8e4bf02377bb4fa4c978b42ef96ca) Importer(815301076,1909f56bfc062723c751e8b465ee728b)  -> (artifact id: '90868c7ea93f7e6240a3eb58c7182fe3') in 0.078859 seconds
Number of updated asset objects reloaded before import = 0
Number of asset objects unloaded after import = 1095
========================================================================
Received Import Request.
  Time since last request: 0.000023 seconds.
  path: Assets/Resources/HeavyTankYellow Variant.prefab
  artifactKey: Guid(1f9d96984d9df16468bddd96c3c20443) Importer(815301076,1909f56bfc062723c751e8b465ee728b)
Start importing Assets/Resources/HeavyTankYellow Variant.prefab using Guid(1f9d96984d9df16468bddd96c3c20443) Importer(815301076,1909f56bfc062723c751e8b465ee728b)  -> (artifact id: 'a1ea9cfb772070601e1f558ff8b8f46d') in 0.068302 seconds
Number of updated asset objects reloaded before import = 0
Number of asset objects unloaded after import = 1095
========================================================================
Received Import Request.
  Time since last request: 0.000026 seconds.
  path: Assets/Resources/HeavyTankPink Variant.prefab
  artifactKey: Guid(5b964594878661d43b2d9bbbc8062b38) Importer(815301076,1909f56bfc062723c751e8b465ee728b)
Start importing Assets/Resources/HeavyTankPink Variant.prefab using Guid(5b964594878661d43b2d9bbbc8062b38) Importer(815301076,1909f56bfc062723c751e8b465ee728b)  -> (artifact id: 'cbedfa27e5c29278231e7df9dc285a08') in 0.068024 seconds
Number of updated asset objects reloaded before import = 0
Number of asset objects unloaded after import = 1095
========================================================================
Received Prepare
Begin MonoManager ReloadAssembly
- Loaded All Assemblies, in  0.615 seconds
Refreshing native plugins compatible for Editor in 3.43 ms, found 3 plugins.
Native extension for WindowsStandalone target not found
Native extension for iOS target not found
Native extension for Android target not found
Native extension for OSXStandalone target not found
Native extension for WebGL target not found
[Package Manager] Server::EnsureServerProcessIsRunning -- launch failed, reason: Unity was launched with the -noUpm command-line argument
[Package Manager] UpmClient::Send -- Unable to send message (not connected to UPM process).
[Package Manager] Cannot connect to Unity Package Manager local server
Mono: successfully reloaded assembly
- Finished resetting the current domain, in  1.370 seconds
Domain Reload Profiling: 1982ms
	BeginReloadAssembly (173ms)
		ExecutionOrderSort (0ms)
		DisableScriptedObjects (5ms)
		BackupInstance (0ms)
		ReleaseScriptingObjects (0ms)
		CreateAndSetChildDomain (45ms)
	RebuildCommonClasses (35ms)
	RebuildNativeTypeToScriptingClass (15ms)
	initialDomainReloadingComplete (38ms)
	LoadAllAssembliesAndSetupDomain (350ms)
		LoadAssemblies (423ms)
		RebuildTransferFunctionScriptingTraits (0ms)
		AnalyzeDomain (17ms)
			TypeCache.Refresh (7ms)
				TypeCache.ScanAssembly (0ms)
			ScanForSourceGeneratedMonoScriptInfo (0ms)
			ResolveRequiredComponents (9ms)
	FinalizeReload (1371ms)
		ReleaseScriptCaches (0ms)
		RebuildScriptCaches (0ms)
		SetupLoadedEditorAssemblies (908ms)
			LogAssemblyErrors (0ms)
			InitializePlatformSupportModulesInManaged (49ms)
			SetLoadedEditorAssemblies (6ms)
			RefreshPlugins (0ms)
			BeforeProcessingInitializeOnLoad (137ms)
			ProcessInitializeOnLoadAttributes (681ms)
			ProcessInitializeOnLoadMethodAttributes (26ms)
			AfterProcessingInitializeOnLoad (11ms)
			EditorAssembliesLoaded (0ms)
		ExecutionOrderSort2 (0ms)
		AwakeInstancesAfterBackupRestoration (7ms)
Refreshing native plugins compatible for Editor in 4.06 ms, found 3 plugins.
Preloading 0 native plugins for Editor in 0.00 ms.
Unloading 4044 Unused Serialized files (Serialized files now loaded: 0)
Unloading 51 unused Assets / (1.3 MB). Loaded Objects now: 4561.
Memory consumption went from 158.7 MB to 157.4 MB.
Total: 3.510900 ms (FindLiveObjects: 0.436100 ms CreateObjectMapping: 0.098000 ms MarkObjects: 2.605100 ms  DeleteObjects: 0.370600 ms)

Prepare: number of updated asset objects reloaded= 0
AssetImportParameters requested are different than current active one (requested -> active):
  custom:container-demuxer-ogg: 62fdf1f143b41e24485cea50d1cbac27 -> 
  custom:video-decoder-ogg-theora: a1e56fd34408186e4bbccfd4996cb3dc -> 
  custom:framework-win-MediaFoundation: 216162199b28c13a410421893ffa2e32 -> 
  custom:CustomObjectIndexerAttribute: 756ad292c208cfabdd7b50bc23989ffe -> 
  custom:container-demuxer-webm: 4f35f7cbe854078d1ac9338744f61a02 -> 
  custom:container-muxer-webm: aa71ff27fc2769a1b78a27578f13a17b -> 
  custom:video-decoder-webm-vp8: 9c59270c3fd7afecdb556c50c9e8de78 -> 
  custom:SearchIndexIgnoredProperties: e643bd26f0fe6173181afceb89e7c659 -> 
  custom:AudioImporter_EditorPlatform: d09bf68614088b80899f8185d706f6e7 -> 
  custom:video-encoder-webm-vp8: eb34c28f22e8b96e1ab97ce403110664 -> 
  custom:audio-decoder-ogg-vorbis: bf7c407c2cedff20999df2af8eb42d56 -> 
  custom:audio-encoder-webm-vorbis: bf7c407c2cedff20999df2af8eb42d56 -> 
========================================================================
Received Import Request.
  Time since last request: 59.625652 seconds.
  path: Assets/Resources/HeavyTankGreen Variant.prefab
  artifactKey: Guid(12d8e4bf02377bb4fa4c978b42ef96ca) Importer(815301076,1909f56bfc062723c751e8b465ee728b)
Start importing Assets/Resources/HeavyTankGreen Variant.prefab using Guid(12d8e4bf02377bb4fa4c978b42ef96ca) Importer(815301076,1909f56bfc062723c751e8b465ee728b)  -> (artifact id: '961c2754ad900d2c329543e8f7e23f97') in 0.177879 seconds
Number of updated asset objects reloaded before import = 0
Number of asset objects unloaded after import = 1095
========================================================================
Received Import Request.
  Time since last request: 0.000021 seconds.
  path: Assets/Resources/HeavyTankPurple Variant.prefab
  artifactKey: Guid(c67b4445c0e83384c8ea3e5cb0eea6c9) Importer(815301076,1909f56bfc062723c751e8b465ee728b)
Start importing Assets/Resources/HeavyTankPurple Variant.prefab using Guid(c67b4445c0e83384c8ea3e5cb0eea6c9) Importer(815301076,1909f56bfc062723c751e8b465ee728b)  -> (artifact id: 'd723414bde082f1b581d3b7d3d3261f9') in 0.072140 seconds
Number of updated asset objects reloaded before import = 0
Number of asset objects unloaded after import = 1095
========================================================================
Received Import Request.
  Time since last request: 0.000030 seconds.
  path: Assets/Resources/HeavyTankRed Variant.prefab
  artifactKey: Guid(5ae80ada484c1b247be14d7e316512a1) Importer(815301076,1909f56bfc062723c751e8b465ee728b)
Start importing Assets/Resources/HeavyTankRed Variant.prefab using Guid(5ae80ada484c1b247be14d7e316512a1) Importer(815301076,1909f56bfc062723c751e8b465ee728b)  -> (artifact id: 'eb36c0237fd7c5274142055c389e25bd') in 0.072242 seconds
Number of updated asset objects reloaded before import = 0
Number of asset objects unloaded after import = 1095
========================================================================
Received Import Request.
  Time since last request: 11.624639 seconds.
  path: Assets/Resources/HeavyTankGreen Variant.prefab
  artifactKey: Guid(12d8e4bf02377bb4fa4c978b42ef96ca) Importer(815301076,1909f56bfc062723c751e8b465ee728b)
Start importing Assets/Resources/HeavyTankGreen Variant.prefab using Guid(12d8e4bf02377bb4fa4c978b42ef96ca) Importer(815301076,1909f56bfc062723c751e8b465ee728b)  -> (artifact id: '39e226d4910740d40af4e017fa16222a') in 0.077387 seconds
Number of updated asset objects reloaded before import = 0
Number of asset objects unloaded after import = 1095
========================================================================
Received Import Request.
  Time since last request: 0.000025 seconds.
  path: Assets/Resources/HeavyTankPurple Variant.prefab
  artifactKey: Guid(c67b4445c0e83384c8ea3e5cb0eea6c9) Importer(815301076,1909f56bfc062723c751e8b465ee728b)
Start importing Assets/Resources/HeavyTankPurple Variant.prefab using Guid(c67b4445c0e83384c8ea3e5cb0eea6c9) Importer(815301076,1909f56bfc062723c751e8b465ee728b)  -> (artifact id: '1f4a3e19642587a16b979991fa624c38') in 0.072898 seconds
Number of updated asset objects reloaded before import = 0
Number of asset objects unloaded after import = 1095
========================================================================
Received Import Request.
  Time since last request: 0.000037 seconds.
  path: Assets/Resources/HeavyTankRed Variant.prefab
  artifactKey: Guid(5ae80ada484c1b247be14d7e316512a1) Importer(815301076,1909f56bfc062723c751e8b465ee728b)
Start importing Assets/Resources/HeavyTankRed Variant.prefab using Guid(5ae80ada484c1b247be14d7e316512a1) Importer(815301076,1909f56bfc062723c751e8b465ee728b)  -> (artifact id: 'f6d6fb905e992019666800bf5e54213b') in 0.073557 seconds
Number of updated asset objects reloaded before import = 0
Number of asset objects unloaded after import = 1095
========================================================================
Received Import Request.
  Time since last request: 8.616526 seconds.
  path: Assets/Resources/LightTankGreen Variant.prefab
  artifactKey: Guid(e119abb6ff8347d4fafd121eb91d46a7) Importer(815301076,1909f56bfc062723c751e8b465ee728b)
Start importing Assets/Resources/LightTankGreen Variant.prefab using Guid(e119abb6ff8347d4fafd121eb91d46a7) Importer(815301076,1909f56bfc062723c751e8b465ee728b)  -> (artifact id: '2542765d5e016ef7c5003831a93670e8') in 0.083453 seconds
Number of updated asset objects reloaded before import = 0
Number of asset objects unloaded after import = 1099
========================================================================
Received Import Request.
  Time since last request: 0.000025 seconds.
  path: Assets/Resources/LightTankRed Variant.prefab
  artifactKey: Guid(45bfb682cc6e75447887f4392e1101bb) Importer(815301076,1909f56bfc062723c751e8b465ee728b)
Start importing Assets/Resources/LightTankRed Variant.prefab using Guid(45bfb682cc6e75447887f4392e1101bb) Importer(815301076,1909f56bfc062723c751e8b465ee728b)  -> (artifact id: 'd8e8838ede002b1a27b325d364407fa1') in 0.068301 seconds
Number of updated asset objects reloaded before import = 0
Number of asset objects unloaded after import = 1099
========================================================================
Received Import Request.
  Time since last request: 0.000029 seconds.
  path: Assets/Resources/LightTankPink Variant.prefab
  artifactKey: Guid(7b57c2acc784b9b4d84d72906e93243c) Importer(815301076,1909f56bfc062723c751e8b465ee728b)
Start importing Assets/Resources/LightTankPink Variant.prefab using Guid(7b57c2acc784b9b4d84d72906e93243c) Importer(815301076,1909f56bfc062723c751e8b465ee728b)  -> (artifact id: '06db8688b546fc4773ba600c3f3b3c06') in 0.069529 seconds
Number of updated asset objects reloaded before import = 0
Number of asset objects unloaded after import = 1099
========================================================================
Received Prepare
Begin MonoManager ReloadAssembly
- Loaded All Assemblies, in  0.609 seconds
Refreshing native plugins compatible for Editor in 4.02 ms, found 3 plugins.
Native extension for WindowsStandalone target not found
Native extension for iOS target not found
Native extension for Android target not found
Native extension for OSXStandalone target not found
Native extension for WebGL target not found
[Package Manager] Server::EnsureServerProcessIsRunning -- launch failed, reason: Unity was launched with the -noUpm command-line argument
[Package Manager] UpmClient::Send -- Unable to send message (not connected to UPM process).
[Package Manager] Cannot connect to Unity Package Manager local server
Mono: successfully reloaded assembly
- Finished resetting the current domain, in  1.391 seconds
Domain Reload Profiling: 1996ms
	BeginReloadAssembly (167ms)
		ExecutionOrderSort (0ms)
		DisableScriptedObjects (5ms)
		BackupInstance (0ms)
		ReleaseScriptingObjects (0ms)
		CreateAndSetChildDomain (45ms)
	RebuildCommonClasses (40ms)
	RebuildNativeTypeToScriptingClass (11ms)
	initialDomainReloadingComplete (42ms)
	LoadAllAssembliesAndSetupDomain (345ms)
		LoadAssemblies (407ms)
		RebuildTransferFunctionScriptingTraits (0ms)
		AnalyzeDomain (22ms)
			TypeCache.Refresh (9ms)
				TypeCache.ScanAssembly (0ms)
			ScanForSourceGeneratedMonoScriptInfo (0ms)
			ResolveRequiredComponents (11ms)
	FinalizeReload (1391ms)
		ReleaseScriptCaches (0ms)
		RebuildScriptCaches (0ms)
		SetupLoadedEditorAssemblies (925ms)
			LogAssemblyErrors (0ms)
			InitializePlatformSupportModulesInManaged (48ms)
			SetLoadedEditorAssemblies (7ms)
			RefreshPlugins (0ms)
			BeforeProcessingInitializeOnLoad (149ms)
			ProcessInitializeOnLoadAttributes (676ms)
			ProcessInitializeOnLoadMethodAttributes (28ms)
			AfterProcessingInitializeOnLoad (16ms)
			EditorAssembliesLoaded (0ms)
		ExecutionOrderSort2 (0ms)
		AwakeInstancesAfterBackupRestoration (9ms)
Refreshing native plugins compatible for Editor in 3.49 ms, found 3 plugins.
Preloading 0 native plugins for Editor in 0.00 ms.
Unloading 4044 Unused Serialized files (Serialized files now loaded: 0)
Unloading 51 unused Assets / (1.3 MB). Loaded Objects now: 4566.
Memory consumption went from 160.7 MB to 159.5 MB.
Total: 3.730700 ms (FindLiveObjects: 0.403700 ms CreateObjectMapping: 0.100600 ms MarkObjects: 2.829200 ms  DeleteObjects: 0.396100 ms)

Prepare: number of updated asset objects reloaded= 0
AssetImportParameters requested are different than current active one (requested -> active):
  custom:container-demuxer-ogg: 62fdf1f143b41e24485cea50d1cbac27 -> 
  custom:video-decoder-ogg-theora: a1e56fd34408186e4bbccfd4996cb3dc -> 
  custom:framework-win-MediaFoundation: 216162199b28c13a410421893ffa2e32 -> 
  custom:CustomObjectIndexerAttribute: 756ad292c208cfabdd7b50bc23989ffe -> 
  custom:container-demuxer-webm: 4f35f7cbe854078d1ac9338744f61a02 -> 
  custom:container-muxer-webm: aa71ff27fc2769a1b78a27578f13a17b -> 
  custom:video-decoder-webm-vp8: 9c59270c3fd7afecdb556c50c9e8de78 -> 
  custom:SearchIndexIgnoredProperties: e643bd26f0fe6173181afceb89e7c659 -> 
  custom:AudioImporter_EditorPlatform: d09bf68614088b80899f8185d706f6e7 -> 
  custom:video-encoder-webm-vp8: eb34c28f22e8b96e1ab97ce403110664 -> 
  custom:audio-decoder-ogg-vorbis: bf7c407c2cedff20999df2af8eb42d56 -> 
  custom:audio-encoder-webm-vorbis: bf7c407c2cedff20999df2af8eb42d56 -> 
Editor requested this worker to shutdown with reason: Scaling down because of idle timeout
TcpMessagingSession - receive error: operation aborted. errorcode: 995, details: The I/O operation has been aborted because of either a thread exit or an application request.
AssetImportWorker is now disconnected from the server
Process exiting
Exiting without the bug reporter. Application will terminate with return code 0