Using pre-set license
Built from '2022.3/staging' branch; Version is '2022.3.11f1 (d00248457e15) revision 13632072'; Using compiler version '192829333'; Build Type 'Release'
OS: 'Windows 10  (10.0.19045) 64bit Professional' Language: 'en' Physical Memory: 32689 MB
BatchMode: 1, IsHumanControllingUs: 0, StartBugReporterOnCrash: 0, Is64bit: 1, IsPro: 1

COMMAND LINE ARGUMENTS:
C:\Program Files\Unity\Hub\Editor\2022.3.11f1\Editor\Unity.exe
-adb2
-batchMode
-noUpm
-name
AssetImportWorker9
-projectPath
D:/Documents/GitHub/BattleTanks/Battle Tanks
-logFile
Logs/AssetImportWorker9.log
-srvPort
55273
Successfully changed project path to: D:/Documents/GitHub/BattleTanks/Battle Tanks
D:/Documents/GitHub/BattleTanks/Battle Tanks
[UnityMemory] Configuration Parameters - Can be set up in boot.config
    "memorysetup-bucket-allocator-granularity=16"
    "memorysetup-bucket-allocator-bucket-count=8"
    "memorysetup-bucket-allocator-block-size=33554432"
    "memorysetup-bucket-allocator-block-count=8"
    "memorysetup-main-allocator-block-size=16777216"
    "memorysetup-thread-allocator-block-size=16777216"
    "memorysetup-gfx-main-allocator-block-size=16777216"
    "memorysetup-gfx-thread-allocator-block-size=16777216"
    "memorysetup-cache-allocator-block-size=4194304"
    "memorysetup-typetree-allocator-block-size=2097152"
    "memorysetup-profiler-bucket-allocator-granularity=16"
    "memorysetup-profiler-bucket-allocator-bucket-count=8"
    "memorysetup-profiler-bucket-allocator-block-size=33554432"
    "memorysetup-profiler-bucket-allocator-block-count=8"
    "memorysetup-profiler-allocator-block-size=16777216"
    "memorysetup-profiler-editor-allocator-block-size=1048576"
    "memorysetup-temp-allocator-size-main=16777216"
    "memorysetup-job-temp-allocator-block-size=2097152"
    "memorysetup-job-temp-allocator-block-size-background=1048576"
    "memorysetup-job-temp-allocator-reduction-small-platforms=262144"
    "memorysetup-allocator-temp-initial-block-size-main=262144"
    "memorysetup-allocator-temp-initial-block-size-worker=262144"
    "memorysetup-temp-allocator-size-background-worker=32768"
    "memorysetup-temp-allocator-size-job-worker=262144"
    "memorysetup-temp-allocator-size-preload-manager=33554432"
    "memorysetup-temp-allocator-size-nav-mesh-worker=65536"
    "memorysetup-temp-allocator-size-audio-worker=65536"
    "memorysetup-temp-allocator-size-cloud-worker=32768"
    "memorysetup-temp-allocator-size-gi-baking-worker=262144"
    "memorysetup-temp-allocator-size-gfx=262144"
Player connection [11300] Host "[IP] 192.168.1.51 [Port] 0 [Flags] 2 [Guid] 559282371 [EditorId] 559282371 [Version] 1048832 [Id] WindowsEditor(7,SARUMAN) [Debug] 1 [PackageName] WindowsEditor [ProjectName] Editor" joined multi-casting on [225.0.0.222:54997]...

Player connection [11300] Host "[IP] 192.168.1.51 [Port] 0 [Flags] 2 [Guid] 559282371 [EditorId] 559282371 [Version] 1048832 [Id] WindowsEditor(7,SARUMAN) [Debug] 1 [PackageName] WindowsEditor [ProjectName] Editor" joined alternative multi-casting on [225.0.0.222:34997]...

[Physics::Module] Initialized MultithreadedJobDispatcher with 11 workers.
Refreshing native plugins compatible for Editor in 11.51 ms, found 3 plugins.
Preloading 0 native plugins for Editor in 0.00 ms.
Initialize engine version: 2022.3.11f1 (d00248457e15)
[Subsystems] Discovering subsystems at path C:/Program Files/Unity/Hub/Editor/2022.3.11f1/Editor/Data/Resources/UnitySubsystems
[Subsystems] Discovering subsystems at path D:/Documents/GitHub/BattleTanks/Battle Tanks/Assets
GfxDevice: creating device client; threaded=0; jobified=0
Direct3D:
    Version:  Direct3D 11.0 [level 11.1]
    Renderer: AMD Radeon RX 5700 (ID=0x731f)
    Vendor:   ATI
    VRAM:     8151 MB
    Driver:   26.20.15029.27017
Initialize mono
Mono path[0] = 'C:/Program Files/Unity/Hub/Editor/2022.3.11f1/Editor/Data/Managed'
Mono path[1] = 'C:/Program Files/Unity/Hub/Editor/2022.3.11f1/Editor/Data/MonoBleedingEdge/lib/mono/unityjit-win32'
Mono config path = 'C:/Program Files/Unity/Hub/Editor/2022.3.11f1/Editor/Data/MonoBleedingEdge/etc'
Using monoOptions --debugger-agent=transport=dt_socket,embedding=1,server=y,suspend=n,address=127.0.0.1:56988
Begin MonoManager ReloadAssembly
Registering precompiled unity dll's ...
Register platform support module: C:/Program Files/Unity/Hub/Editor/2022.3.11f1/Editor/Data/PlaybackEngines/WebGLSupport/UnityEditor.WebGL.Extensions.dll
Register platform support module: C:/Program Files/Unity/Hub/Editor/2022.3.11f1/Editor/Data/PlaybackEngines/MacStandaloneSupport/UnityEditor.OSXStandalone.Extensions.dll
Register platform support module: C:/Program Files/Unity/Hub/Editor/2022.3.11f1/Editor/Data/PlaybackEngines/AndroidPlayer/UnityEditor.Android.Extensions.dll
Register platform support module: C:/Program Files/Unity/Hub/Editor/2022.3.11f1/Editor/Data/PlaybackEngines/iOSSupport/UnityEditor.iOS.Extensions.dll
Register platform support module: C:/Program Files/Unity/Hub/Editor/2022.3.11f1/Editor/Data/PlaybackEngines/WindowsStandaloneSupport/UnityEditor.WindowsStandalone.Extensions.dll
Registered in 0.052053 seconds.
- Loaded All Assemblies, in  0.493 seconds
Native extension for WindowsStandalone target not found
[usbmuxd] Start listen thread
[usbmuxd] Listen thread started
Native extension for iOS target not found
Native extension for Android target not found
Android Extension - Scanning For ADB Devices 256 ms
Native extension for OSXStandalone target not found
Native extension for WebGL target not found
Mono: successfully reloaded assembly
- Finished resetting the current domain, in  0.673 seconds
Domain Reload Profiling: 1162ms
	BeginReloadAssembly (130ms)
		ExecutionOrderSort (0ms)
		DisableScriptedObjects (0ms)
		BackupInstance (0ms)
		ReleaseScriptingObjects (0ms)
		CreateAndSetChildDomain (1ms)
	RebuildCommonClasses (47ms)
	RebuildNativeTypeToScriptingClass (14ms)
	initialDomainReloadingComplete (122ms)
	LoadAllAssembliesAndSetupDomain (176ms)
		LoadAssemblies (129ms)
		RebuildTransferFunctionScriptingTraits (0ms)
		AnalyzeDomain (171ms)
			TypeCache.Refresh (169ms)
				TypeCache.ScanAssembly (152ms)
			ScanForSourceGeneratedMonoScriptInfo (1ms)
			ResolveRequiredComponents (1ms)
	FinalizeReload (673ms)
		ReleaseScriptCaches (0ms)
		RebuildScriptCaches (0ms)
		SetupLoadedEditorAssemblies (609ms)
			LogAssemblyErrors (0ms)
			InitializePlatformSupportModulesInManaged (405ms)
			SetLoadedEditorAssemblies (5ms)
			RefreshPlugins (0ms)
			BeforeProcessingInitializeOnLoad (2ms)
			ProcessInitializeOnLoadAttributes (151ms)
			ProcessInitializeOnLoadMethodAttributes (46ms)
			AfterProcessingInitializeOnLoad (0ms)
			EditorAssembliesLoaded (0ms)
		ExecutionOrderSort2 (0ms)
		AwakeInstancesAfterBackupRestoration (0ms)
========================================================================
Worker process is ready to serve import requests
Begin MonoManager ReloadAssembly
- Loaded All Assemblies, in  0.870 seconds
Refreshing native plugins compatible for Editor in 4.26 ms, found 3 plugins.
Native extension for WindowsStandalone target not found
Native extension for iOS target not found
Native extension for Android target not found
Native extension for OSXStandalone target not found
Native extension for WebGL target not found
Package Manager log level set to [2]
[Package Manager] Server::EnsureServerProcessIsRunning -- launch failed, reason: Unity was launched with the -noUpm command-line argument
[Package Manager] UpmClient::Send -- Unable to send message (not connected to UPM process).
[Package Manager] Cannot connect to Unity Package Manager local server
Mono: successfully reloaded assembly
- Finished resetting the current domain, in  1.027 seconds
Domain Reload Profiling: 1895ms
	BeginReloadAssembly (149ms)
		ExecutionOrderSort (0ms)
		DisableScriptedObjects (5ms)
		BackupInstance (0ms)
		ReleaseScriptingObjects (0ms)
		CreateAndSetChildDomain (21ms)
	RebuildCommonClasses (32ms)
	RebuildNativeTypeToScriptingClass (11ms)
	initialDomainReloadingComplete (43ms)
	LoadAllAssembliesAndSetupDomain (633ms)
		LoadAssemblies (377ms)
		RebuildTransferFunctionScriptingTraits (0ms)
		AnalyzeDomain (336ms)
			TypeCache.Refresh (303ms)
				TypeCache.ScanAssembly (280ms)
			ScanForSourceGeneratedMonoScriptInfo (23ms)
			ResolveRequiredComponents (7ms)
	FinalizeReload (1028ms)
		ReleaseScriptCaches (0ms)
		RebuildScriptCaches (0ms)
		SetupLoadedEditorAssemblies (855ms)
			LogAssemblyErrors (0ms)
			InitializePlatformSupportModulesInManaged (46ms)
			SetLoadedEditorAssemblies (6ms)
			RefreshPlugins (0ms)
			BeforeProcessingInitializeOnLoad (125ms)
			ProcessInitializeOnLoadAttributes (645ms)
			ProcessInitializeOnLoadMethodAttributes (21ms)
			AfterProcessingInitializeOnLoad (12ms)
			EditorAssembliesLoaded (0ms)
		ExecutionOrderSort2 (0ms)
		AwakeInstancesAfterBackupRestoration (6ms)
Launched and connected shader compiler UnityShaderCompiler.exe after 0.05 seconds
Refreshing native plugins compatible for Editor in 3.75 ms, found 3 plugins.
Preloading 0 native plugins for Editor in 0.00 ms.
Unloading 4098 Unused Serialized files (Serialized files now loaded: 0)
Unloading 70 unused Assets / (1.3 MB). Loaded Objects now: 4544.
Memory consumption went from 167.2 MB to 165.9 MB.
Total: 4.660800 ms (FindLiveObjects: 0.597600 ms CreateObjectMapping: 0.142100 ms MarkObjects: 3.479000 ms  DeleteObjects: 0.440200 ms)

AssetImportParameters requested are different than current active one (requested -> active):
  custom:container-demuxer-ogg: 62fdf1f143b41e24485cea50d1cbac27 -> 
  custom:video-decoder-ogg-theora: a1e56fd34408186e4bbccfd4996cb3dc -> 
  custom:framework-win-MediaFoundation: 216162199b28c13a410421893ffa2e32 -> 
  custom:CustomObjectIndexerAttribute: 756ad292c208cfabdd7b50bc23989ffe -> 
  custom:container-demuxer-webm: 4f35f7cbe854078d1ac9338744f61a02 -> 
  custom:container-muxer-webm: aa71ff27fc2769a1b78a27578f13a17b -> 
  custom:video-decoder-webm-vp8: 9c59270c3fd7afecdb556c50c9e8de78 -> 
  custom:SearchIndexIgnoredProperties: e643bd26f0fe6173181afceb89e7c659 -> 
  custom:AudioImporter_EditorPlatform: d09bf68614088b80899f8185d706f6e7 -> 
  custom:video-encoder-webm-vp8: eb34c28f22e8b96e1ab97ce403110664 -> 
  custom:audio-decoder-ogg-vorbis: bf7c407c2cedff20999df2af8eb42d56 -> 
  custom:audio-encoder-webm-vorbis: bf7c407c2cedff20999df2af8eb42d56 -> 
========================================================================
Received Prepare
Begin MonoManager ReloadAssembly
- Loaded All Assemblies, in  0.587 seconds
Refreshing native plugins compatible for Editor in 3.81 ms, found 3 plugins.
Native extension for WindowsStandalone target not found
Native extension for iOS target not found
Native extension for Android target not found
Native extension for OSXStandalone target not found
Native extension for WebGL target not found
[Package Manager] Server::EnsureServerProcessIsRunning -- launch failed, reason: Unity was launched with the -noUpm command-line argument
[Package Manager] UpmClient::Send -- Unable to send message (not connected to UPM process).
[Package Manager] Cannot connect to Unity Package Manager local server
Mono: successfully reloaded assembly
- Finished resetting the current domain, in  1.416 seconds
Domain Reload Profiling: 1999ms
	BeginReloadAssembly (175ms)
		ExecutionOrderSort (0ms)
		DisableScriptedObjects (6ms)
		BackupInstance (0ms)
		ReleaseScriptingObjects (0ms)
		CreateAndSetChildDomain (48ms)
	RebuildCommonClasses (38ms)
	RebuildNativeTypeToScriptingClass (11ms)
	initialDomainReloadingComplete (38ms)
	LoadAllAssembliesAndSetupDomain (321ms)
		LoadAssemblies (389ms)
		RebuildTransferFunctionScriptingTraits (0ms)
		AnalyzeDomain (20ms)
			TypeCache.Refresh (7ms)
				TypeCache.ScanAssembly (0ms)
			ScanForSourceGeneratedMonoScriptInfo (0ms)
			ResolveRequiredComponents (11ms)
	FinalizeReload (1417ms)
		ReleaseScriptCaches (0ms)
		RebuildScriptCaches (0ms)
		SetupLoadedEditorAssemblies (979ms)
			LogAssemblyErrors (0ms)
			InitializePlatformSupportModulesInManaged (46ms)
			SetLoadedEditorAssemblies (8ms)
			RefreshPlugins (0ms)
			BeforeProcessingInitializeOnLoad (131ms)
			ProcessInitializeOnLoadAttributes (756ms)
			ProcessInitializeOnLoadMethodAttributes (28ms)
			AfterProcessingInitializeOnLoad (10ms)
			EditorAssembliesLoaded (0ms)
		ExecutionOrderSort2 (0ms)
		AwakeInstancesAfterBackupRestoration (8ms)
Refreshing native plugins compatible for Editor in 3.90 ms, found 3 plugins.
Preloading 0 native plugins for Editor in 0.00 ms.
Unloading 4045 Unused Serialized files (Serialized files now loaded: 0)
Unloading 52 unused Assets / (1.3 MB). Loaded Objects now: 4549.
Memory consumption went from 156.6 MB to 155.3 MB.
Total: 3.619100 ms (FindLiveObjects: 0.383700 ms CreateObjectMapping: 0.099800 ms MarkObjects: 2.819100 ms  DeleteObjects: 0.315300 ms)

Prepare: number of updated asset objects reloaded= 0
AssetImportParameters requested are different than current active one (requested -> active):
  custom:container-demuxer-ogg: 62fdf1f143b41e24485cea50d1cbac27 -> 
  custom:video-decoder-ogg-theora: a1e56fd34408186e4bbccfd4996cb3dc -> 
  custom:framework-win-MediaFoundation: 216162199b28c13a410421893ffa2e32 -> 
  custom:CustomObjectIndexerAttribute: 756ad292c208cfabdd7b50bc23989ffe -> 
  custom:container-demuxer-webm: 4f35f7cbe854078d1ac9338744f61a02 -> 
  custom:container-muxer-webm: aa71ff27fc2769a1b78a27578f13a17b -> 
  custom:video-decoder-webm-vp8: 9c59270c3fd7afecdb556c50c9e8de78 -> 
  custom:SearchIndexIgnoredProperties: e643bd26f0fe6173181afceb89e7c659 -> 
  custom:AudioImporter_EditorPlatform: d09bf68614088b80899f8185d706f6e7 -> 
  custom:video-encoder-webm-vp8: eb34c28f22e8b96e1ab97ce403110664 -> 
  custom:audio-decoder-ogg-vorbis: bf7c407c2cedff20999df2af8eb42d56 -> 
  custom:audio-encoder-webm-vorbis: bf7c407c2cedff20999df2af8eb42d56 -> 
========================================================================
Received Import Request.
  Time since last request: 46296.531004 seconds.
  path: Assets/Resources/HeavyTankYellow Variant.prefab
  artifactKey: Guid(1f9d96984d9df16468bddd96c3c20443) Importer(815301076,1909f56bfc062723c751e8b465ee728b)
Start importing Assets/Resources/HeavyTankYellow Variant.prefab using Guid(1f9d96984d9df16468bddd96c3c20443) Importer(815301076,1909f56bfc062723c751e8b465ee728b)  -> (artifact id: '640838c8ee8afb0b77d020042b16ddc3') in 0.230934 seconds
Number of updated asset objects reloaded before import = 0
Number of asset objects unloaded after import = 1101
========================================================================
Received Import Request.
  Time since last request: 0.000030 seconds.
  path: Assets/Resources/HeavyTankGreen Variant.prefab
  artifactKey: Guid(12d8e4bf02377bb4fa4c978b42ef96ca) Importer(815301076,1909f56bfc062723c751e8b465ee728b)
Start importing Assets/Resources/HeavyTankGreen Variant.prefab using Guid(12d8e4bf02377bb4fa4c978b42ef96ca) Importer(815301076,1909f56bfc062723c751e8b465ee728b)  -> (artifact id: '468cd80f83ad3c2bd4c6b84a2e6b03c0') in 0.080173 seconds
Number of updated asset objects reloaded before import = 0
Number of asset objects unloaded after import = 1101
========================================================================
Received Import Request.
  Time since last request: 0.000021 seconds.
  path: Assets/Resources/LightTankPurple Variant.prefab
  artifactKey: Guid(90f249ac07d70e94d96bf7cb40744821) Importer(815301076,1909f56bfc062723c751e8b465ee728b)
Start importing Assets/Resources/LightTankPurple Variant.prefab using Guid(90f249ac07d70e94d96bf7cb40744821) Importer(815301076,1909f56bfc062723c751e8b465ee728b)  -> (artifact id: '2af0ba5ab96abbc25b8aa6966f7c71ad') in 0.072749 seconds
Number of updated asset objects reloaded before import = 0
Number of asset objects unloaded after import = 1105
========================================================================
Received Import Request.
  Time since last request: 0.000025 seconds.
  path: Assets/Resources/NormalTankGreen Variant.prefab
  artifactKey: Guid(7f863be675929db4b867aef0165ff1fb) Importer(815301076,1909f56bfc062723c751e8b465ee728b)
Start importing Assets/Resources/NormalTankGreen Variant.prefab using Guid(7f863be675929db4b867aef0165ff1fb) Importer(815301076,1909f56bfc062723c751e8b465ee728b)  -> (artifact id: 'eca3f04c4f722585a5c324741cc396f2') in 0.073602 seconds
Number of updated asset objects reloaded before import = 0
Number of asset objects unloaded after import = 1097
========================================================================
Received Import Request.
  Time since last request: 0.000024 seconds.
  path: Assets/Resources/HeavyTankPink Variant.prefab
  artifactKey: Guid(5b964594878661d43b2d9bbbc8062b38) Importer(815301076,1909f56bfc062723c751e8b465ee728b)
Start importing Assets/Resources/HeavyTankPink Variant.prefab using Guid(5b964594878661d43b2d9bbbc8062b38) Importer(815301076,1909f56bfc062723c751e8b465ee728b)  -> (artifact id: '01b327ad92eb1eb09be0a98862e27eb8') in 0.069955 seconds
Number of updated asset objects reloaded before import = 0
Number of asset objects unloaded after import = 1101
========================================================================
Received Import Request.
  Time since last request: 0.000023 seconds.
  path: Assets/Resources/NormalTankYellow Variant.prefab
  artifactKey: Guid(706c9891ebe761940a368bd8c120c0ac) Importer(815301076,1909f56bfc062723c751e8b465ee728b)
Start importing Assets/Resources/NormalTankYellow Variant.prefab using Guid(706c9891ebe761940a368bd8c120c0ac) Importer(815301076,1909f56bfc062723c751e8b465ee728b)  -> (artifact id: '3e662ede729eeb8b711f8624d2f2efee') in 0.071194 seconds
Number of updated asset objects reloaded before import = 0
Number of asset objects unloaded after import = 1097
========================================================================
Received Import Request.
  Time since last request: 0.000023 seconds.
  path: Assets/Resources/NormalTankOrange Variant.prefab
  artifactKey: Guid(7122763ffae510c4aaec8f2fe6e002aa) Importer(815301076,1909f56bfc062723c751e8b465ee728b)
Start importing Assets/Resources/NormalTankOrange Variant.prefab using Guid(7122763ffae510c4aaec8f2fe6e002aa) Importer(815301076,1909f56bfc062723c751e8b465ee728b)  -> (artifact id: '3b52d3f69ad1cf3de07463736b113b61') in 0.078636 seconds
Number of updated asset objects reloaded before import = 0
Number of asset objects unloaded after import = 1097
========================================================================
Received Import Request.
  Time since last request: 22.562386 seconds.
  path: Assets/Resources/HeavyTankGreen Variant.prefab
  artifactKey: Guid(12d8e4bf02377bb4fa4c978b42ef96ca) Importer(815301076,1909f56bfc062723c751e8b465ee728b)
Start importing Assets/Resources/HeavyTankGreen Variant.prefab using Guid(12d8e4bf02377bb4fa4c978b42ef96ca) Importer(815301076,1909f56bfc062723c751e8b465ee728b)  -> (artifact id: 'bc71ca61b5790781858613dbc29e2585') in 0.070969 seconds
Number of updated asset objects reloaded before import = 0
Number of asset objects unloaded after import = 1101
========================================================================
Received Import Request.
  Time since last request: 0.000019 seconds.
  path: Assets/Resources/LightTankYellow Variant.prefab
  artifactKey: Guid(78a3a290b504bdb478b3d2293f07a968) Importer(815301076,1909f56bfc062723c751e8b465ee728b)
Start importing Assets/Resources/LightTankYellow Variant.prefab using Guid(78a3a290b504bdb478b3d2293f07a968) Importer(815301076,1909f56bfc062723c751e8b465ee728b)  -> (artifact id: 'b9b02cfbd6d9c78b18f24caf37bcfd74') in 0.075510 seconds
Number of updated asset objects reloaded before import = 0
Number of asset objects unloaded after import = 1105
========================================================================
Received Import Request.
  Time since last request: 0.000027 seconds.
  path: Assets/Resources/NormalTankLightBlue Variant.prefab
  artifactKey: Guid(d3053e06c68cb1443a1fbf33b1aa6f43) Importer(815301076,1909f56bfc062723c751e8b465ee728b)
Start importing Assets/Resources/NormalTankLightBlue Variant.prefab using Guid(d3053e06c68cb1443a1fbf33b1aa6f43) Importer(815301076,1909f56bfc062723c751e8b465ee728b)  -> (artifact id: '776d8bc9b313ab19677955b04b4a568d') in 0.076407 seconds
Number of updated asset objects reloaded before import = 0
Number of asset objects unloaded after import = 1097
========================================================================
Received Import Request.
  Time since last request: 0.000023 seconds.
  path: Assets/Resources/NormalTankBlue Variant.prefab
  artifactKey: Guid(146eddb8dd74d204f999b3cccafa7f8a) Importer(815301076,1909f56bfc062723c751e8b465ee728b)
Start importing Assets/Resources/NormalTankBlue Variant.prefab using Guid(146eddb8dd74d204f999b3cccafa7f8a) Importer(815301076,1909f56bfc062723c751e8b465ee728b)  -> (artifact id: 'bb4ad0963261e666bbdab718e0a179ae') in 0.072336 seconds
Number of updated asset objects reloaded before import = 0
Number of asset objects unloaded after import = 1097
========================================================================
Received Import Request.
  Time since last request: 0.000017 seconds.
  path: Assets/Resources/HeavyTankRed Variant.prefab
  artifactKey: Guid(5ae80ada484c1b247be14d7e316512a1) Importer(815301076,1909f56bfc062723c751e8b465ee728b)
Start importing Assets/Resources/HeavyTankRed Variant.prefab using Guid(5ae80ada484c1b247be14d7e316512a1) Importer(815301076,1909f56bfc062723c751e8b465ee728b)  -> (artifact id: 'f874d1cb9d91cda960d032fb7bad0ab2') in 0.076358 seconds
Number of updated asset objects reloaded before import = 0
Number of asset objects unloaded after import = 1101
========================================================================
Received Import Request.
  Time since last request: 0.000025 seconds.
  path: Assets/Resources/NormalTankGreen Variant.prefab
  artifactKey: Guid(7f863be675929db4b867aef0165ff1fb) Importer(815301076,1909f56bfc062723c751e8b465ee728b)
Start importing Assets/Resources/NormalTankGreen Variant.prefab using Guid(7f863be675929db4b867aef0165ff1fb) Importer(815301076,1909f56bfc062723c751e8b465ee728b)  -> (artifact id: '3fc4b262fe00c9a1c0a5b57480d61022') in 0.096346 seconds
Number of updated asset objects reloaded before import = 0
Number of asset objects unloaded after import = 1097
========================================================================
Received Import Request.
  Time since last request: 0.000030 seconds.
  path: Assets/Resources/NormalTank Variant.prefab
  artifactKey: Guid(6eb63ad41e5215f4991b3ce7edb54cc9) Importer(815301076,1909f56bfc062723c751e8b465ee728b)
Start importing Assets/Resources/NormalTank Variant.prefab using Guid(6eb63ad41e5215f4991b3ce7edb54cc9) Importer(815301076,1909f56bfc062723c751e8b465ee728b)  -> (artifact id: '3c2ced3c4ee4bc539e08bbe17fd29046') in 0.074262 seconds
Number of updated asset objects reloaded before import = 0
Number of asset objects unloaded after import = 841
========================================================================
Received Import Request.
  Time since last request: 0.000022 seconds.
  path: Assets/Resources/NormalTankYellow Variant.prefab
  artifactKey: Guid(706c9891ebe761940a368bd8c120c0ac) Importer(815301076,1909f56bfc062723c751e8b465ee728b)
Start importing Assets/Resources/NormalTankYellow Variant.prefab using Guid(706c9891ebe761940a368bd8c120c0ac) Importer(815301076,1909f56bfc062723c751e8b465ee728b)  -> (artifact id: '04e0c74e09960b455915da19e7e61bab') in 0.102284 seconds
Number of updated asset objects reloaded before import = 0
Number of asset objects unloaded after import = 1097
========================================================================
Received Import Request.
  Time since last request: 0.000018 seconds.
  path: Assets/Resources/NormalTankOrange Variant.prefab
  artifactKey: Guid(7122763ffae510c4aaec8f2fe6e002aa) Importer(815301076,1909f56bfc062723c751e8b465ee728b)
Start importing Assets/Resources/NormalTankOrange Variant.prefab using Guid(7122763ffae510c4aaec8f2fe6e002aa) Importer(815301076,1909f56bfc062723c751e8b465ee728b)  -> (artifact id: '5c4632a54e4073bf6a72b6cbb0020531') in 0.091884 seconds
Number of updated asset objects reloaded before import = 0
Number of asset objects unloaded after import = 1097
========================================================================
Received Prepare
Begin MonoManager ReloadAssembly
- Loaded All Assemblies, in  0.660 seconds
Refreshing native plugins compatible for Editor in 3.63 ms, found 3 plugins.
Native extension for WindowsStandalone target not found
Native extension for iOS target not found
Native extension for Android target not found
Native extension for OSXStandalone target not found
Native extension for WebGL target not found
[Package Manager] Server::EnsureServerProcessIsRunning -- launch failed, reason: Unity was launched with the -noUpm command-line argument
[Package Manager] UpmClient::Send -- Unable to send message (not connected to UPM process).
[Package Manager] Cannot connect to Unity Package Manager local server
Mono: successfully reloaded assembly
- Finished resetting the current domain, in  1.392 seconds
Domain Reload Profiling: 2048ms
	BeginReloadAssembly (216ms)
		ExecutionOrderSort (0ms)
		DisableScriptedObjects (5ms)
		BackupInstance (0ms)
		ReleaseScriptingObjects (0ms)
		CreateAndSetChildDomain (59ms)
	RebuildCommonClasses (35ms)
	RebuildNativeTypeToScriptingClass (12ms)
	initialDomainReloadingComplete (35ms)
	LoadAllAssembliesAndSetupDomain (358ms)
		LoadAssemblies (423ms)
		RebuildTransferFunctionScriptingTraits (0ms)
		AnalyzeDomain (40ms)
			TypeCache.Refresh (14ms)
				TypeCache.ScanAssembly (3ms)
			ScanForSourceGeneratedMonoScriptInfo (16ms)
			ResolveRequiredComponents (8ms)
	FinalizeReload (1392ms)
		ReleaseScriptCaches (0ms)
		RebuildScriptCaches (0ms)
		SetupLoadedEditorAssemblies (939ms)
			LogAssemblyErrors (0ms)
			InitializePlatformSupportModulesInManaged (45ms)
			SetLoadedEditorAssemblies (6ms)
			RefreshPlugins (0ms)
			BeforeProcessingInitializeOnLoad (129ms)
			ProcessInitializeOnLoadAttributes (725ms)
			ProcessInitializeOnLoadMethodAttributes (21ms)
			AfterProcessingInitializeOnLoad (13ms)
			EditorAssembliesLoaded (0ms)
		ExecutionOrderSort2 (0ms)
		AwakeInstancesAfterBackupRestoration (8ms)
Refreshing native plugins compatible for Editor in 4.07 ms, found 3 plugins.
Preloading 0 native plugins for Editor in 0.00 ms.
Unloading 4044 Unused Serialized files (Serialized files now loaded: 0)
Unloading 51 unused Assets / (1.3 MB). Loaded Objects now: 4566.
Memory consumption went from 160.8 MB to 159.5 MB.
Total: 3.719500 ms (FindLiveObjects: 0.417900 ms CreateObjectMapping: 0.101900 ms MarkObjects: 2.692100 ms  DeleteObjects: 0.506400 ms)

Prepare: number of updated asset objects reloaded= 0
AssetImportParameters requested are different than current active one (requested -> active):
  custom:container-demuxer-ogg: 62fdf1f143b41e24485cea50d1cbac27 -> 
  custom:video-decoder-ogg-theora: a1e56fd34408186e4bbccfd4996cb3dc -> 
  custom:framework-win-MediaFoundation: 216162199b28c13a410421893ffa2e32 -> 
  custom:CustomObjectIndexerAttribute: 756ad292c208cfabdd7b50bc23989ffe -> 
  custom:container-demuxer-webm: 4f35f7cbe854078d1ac9338744f61a02 -> 
  custom:container-muxer-webm: aa71ff27fc2769a1b78a27578f13a17b -> 
  custom:video-decoder-webm-vp8: 9c59270c3fd7afecdb556c50c9e8de78 -> 
  custom:SearchIndexIgnoredProperties: e643bd26f0fe6173181afceb89e7c659 -> 
  custom:AudioImporter_EditorPlatform: d09bf68614088b80899f8185d706f6e7 -> 
  custom:video-encoder-webm-vp8: eb34c28f22e8b96e1ab97ce403110664 -> 
  custom:audio-decoder-ogg-vorbis: bf7c407c2cedff20999df2af8eb42d56 -> 
  custom:audio-encoder-webm-vorbis: bf7c407c2cedff20999df2af8eb42d56 -> 
========================================================================
Received Import Request.
  Time since last request: 6.553844 seconds.
  path: Assets/Resources/HeavyTankPurple Variant.prefab
  artifactKey: Guid(c67b4445c0e83384c8ea3e5cb0eea6c9) Importer(815301076,1909f56bfc062723c751e8b465ee728b)
Start importing Assets/Resources/HeavyTankPurple Variant.prefab using Guid(c67b4445c0e83384c8ea3e5cb0eea6c9) Importer(815301076,1909f56bfc062723c751e8b465ee728b)  -> (artifact id: 'c0331aa7d020e2de3ad2d7ba2d3960ea') in 0.233859 seconds
Number of updated asset objects reloaded before import = 0
Number of asset objects unloaded after import = 1101
========================================================================
Received Import Request.
  Time since last request: 0.000033 seconds.
  path: Assets/Resources/NormalTankLightBlue Variant.prefab
  artifactKey: Guid(d3053e06c68cb1443a1fbf33b1aa6f43) Importer(815301076,1909f56bfc062723c751e8b465ee728b)
Start importing Assets/Resources/NormalTankLightBlue Variant.prefab using Guid(d3053e06c68cb1443a1fbf33b1aa6f43) Importer(815301076,1909f56bfc062723c751e8b465ee728b)  -> (artifact id: '9964c0eb075408a6fe912c09bbec04c3') in 0.077972 seconds
Number of updated asset objects reloaded before import = 0
Number of asset objects unloaded after import = 1097
========================================================================
Received Import Request.
  Time since last request: 0.000026 seconds.
  path: Assets/Resources/HeavyTankBlue Variant.prefab
  artifactKey: Guid(2474c6ba138b2d042a69904adf7ac9cf) Importer(815301076,1909f56bfc062723c751e8b465ee728b)
Start importing Assets/Resources/HeavyTankBlue Variant.prefab using Guid(2474c6ba138b2d042a69904adf7ac9cf) Importer(815301076,1909f56bfc062723c751e8b465ee728b)  -> (artifact id: '053ca24b0ccae05d4d7cb003ef68a91d') in 0.103597 seconds
Number of updated asset objects reloaded before import = 0
Number of asset objects unloaded after import = 1101
========================================================================
Received Import Request.
  Time since last request: 0.000023 seconds.
  path: Assets/Resources/HeavyTankGreen Variant.prefab
  artifactKey: Guid(12d8e4bf02377bb4fa4c978b42ef96ca) Importer(815301076,1909f56bfc062723c751e8b465ee728b)
Start importing Assets/Resources/HeavyTankGreen Variant.prefab using Guid(12d8e4bf02377bb4fa4c978b42ef96ca) Importer(815301076,1909f56bfc062723c751e8b465ee728b)  -> (artifact id: '13790091bc3bcbcc94a4b6a850fd515a') in 0.093170 seconds
Number of updated asset objects reloaded before import = 0
Number of asset objects unloaded after import = 1101
========================================================================
Received Import Request.
  Time since last request: 0.000033 seconds.
  path: Assets/Resources/LightTankPurple Variant.prefab
  artifactKey: Guid(90f249ac07d70e94d96bf7cb40744821) Importer(815301076,1909f56bfc062723c751e8b465ee728b)
Start importing Assets/Resources/LightTankPurple Variant.prefab using Guid(90f249ac07d70e94d96bf7cb40744821) Importer(815301076,1909f56bfc062723c751e8b465ee728b)  -> (artifact id: 'f6754629626e3ad0ac4806e50f3e3646') in 0.105310 seconds
Number of updated asset objects reloaded before import = 0
Number of asset objects unloaded after import = 1105
========================================================================
Received Import Request.
  Time since last request: 0.000129 seconds.
  path: Assets/Resources/NormalTankGreen Variant.prefab
  artifactKey: Guid(7f863be675929db4b867aef0165ff1fb) Importer(815301076,1909f56bfc062723c751e8b465ee728b)
Start importing Assets/Resources/NormalTankGreen Variant.prefab using Guid(7f863be675929db4b867aef0165ff1fb) Importer(815301076,1909f56bfc062723c751e8b465ee728b)  -> (artifact id: '542a4e393e3c15a8cd3700f589636870') in 0.068537 seconds
Number of updated asset objects reloaded before import = 0
Number of asset objects unloaded after import = 1097
========================================================================
Received Import Request.
  Time since last request: 0.000017 seconds.
  path: Assets/Resources/HeavyTankPink Variant.prefab
  artifactKey: Guid(5b964594878661d43b2d9bbbc8062b38) Importer(815301076,1909f56bfc062723c751e8b465ee728b)
Start importing Assets/Resources/HeavyTankPink Variant.prefab using Guid(5b964594878661d43b2d9bbbc8062b38) Importer(815301076,1909f56bfc062723c751e8b465ee728b)  -> (artifact id: 'd699940dc81d582fb9ea16e6c267dc59') in 0.070783 seconds
Number of updated asset objects reloaded before import = 0
Number of asset objects unloaded after import = 1101
========================================================================
Received Import Request.
  Time since last request: 0.000016 seconds.
  path: Assets/Resources/NormalTankYellow Variant.prefab
  artifactKey: Guid(706c9891ebe761940a368bd8c120c0ac) Importer(815301076,1909f56bfc062723c751e8b465ee728b)
Start importing Assets/Resources/NormalTankYellow Variant.prefab using Guid(706c9891ebe761940a368bd8c120c0ac) Importer(815301076,1909f56bfc062723c751e8b465ee728b)  -> (artifact id: '3c1b95356e5d431138fec0ea124ee960') in 0.069755 seconds
Number of updated asset objects reloaded before import = 0
Number of asset objects unloaded after import = 1097
========================================================================
Received Import Request.
  Time since last request: 0.000021 seconds.
  path: Assets/Resources/NormalTankOrange Variant.prefab
  artifactKey: Guid(7122763ffae510c4aaec8f2fe6e002aa) Importer(815301076,1909f56bfc062723c751e8b465ee728b)
Start importing Assets/Resources/NormalTankOrange Variant.prefab using Guid(7122763ffae510c4aaec8f2fe6e002aa) Importer(815301076,1909f56bfc062723c751e8b465ee728b)  -> (artifact id: 'fecc83ab6fe2104f518e6858306ae17f') in 0.083207 seconds
Number of updated asset objects reloaded before import = 0
Number of asset objects unloaded after import = 1097
Editor requested this worker to shutdown with reason: Scaling down because of idle timeout
TcpMessagingSession - receive error: operation aborted. errorcode: 995, details: The I/O operation has been aborted because of either a thread exit or an application request.
AssetImportWorker is now disconnected from the server
Process exiting
Exiting without the bug reporter. Application will terminate with return code 0