Using pre-set license
Built from '2021.3/staging' branch; Version is '2021.3.11f1 (0a5ca18544bf) revision 679073'; Using compiler version '192829333'; Build Type 'Release'
OS: 'Windows 10  (10.0.19044) 64bit Professional' Language: 'en' Physical Memory: 32689 MB
BatchMode: 1, IsHumanControllingUs: 0, StartBugReporterOnCrash: 0, Is64bit: 1, IsPro: 1

COMMAND LINE ARGUMENTS:
C:\Program Files\Unity\Hub\Editor\2021.3.11f1\Editor\Unity.exe
-adb2
-batchMode
-noUpm
-name
AssetImportWorker13
-projectPath
D:/Documents/GitHub/BattleTanks/Battle Tanks
-logFile
Logs/AssetImportWorker13.log
-srvPort
61332
Successfully changed project path to: D:/Documents/GitHub/BattleTanks/Battle Tanks
D:/Documents/GitHub/BattleTanks/Battle Tanks
[UnityMemory] Configuration Parameters - Can be set up in boot.config
    "memorysetup-bucket-allocator-granularity=16"
    "memorysetup-bucket-allocator-bucket-count=8"
    "memorysetup-bucket-allocator-block-size=33554432"
    "memorysetup-bucket-allocator-block-count=8"
    "memorysetup-main-allocator-block-size=16777216"
    "memorysetup-thread-allocator-block-size=16777216"
    "memorysetup-gfx-main-allocator-block-size=16777216"
    "memorysetup-gfx-thread-allocator-block-size=16777216"
    "memorysetup-cache-allocator-block-size=4194304"
    "memorysetup-typetree-allocator-block-size=2097152"
    "memorysetup-profiler-bucket-allocator-granularity=16"
    "memorysetup-profiler-bucket-allocator-bucket-count=8"
    "memorysetup-profiler-bucket-allocator-block-size=33554432"
    "memorysetup-profiler-bucket-allocator-block-count=8"
    "memorysetup-profiler-allocator-block-size=16777216"
    "memorysetup-profiler-editor-allocator-block-size=1048576"
    "memorysetup-temp-allocator-size-main=16777216"
    "memorysetup-job-temp-allocator-block-size=2097152"
    "memorysetup-job-temp-allocator-block-size-background=1048576"
    "memorysetup-job-temp-allocator-reduction-small-platforms=262144"
    "memorysetup-temp-allocator-size-background-worker=32768"
    "memorysetup-temp-allocator-size-job-worker=262144"
    "memorysetup-temp-allocator-size-preload-manager=33554432"
    "memorysetup-temp-allocator-size-nav-mesh-worker=65536"
    "memorysetup-temp-allocator-size-audio-worker=65536"
    "memorysetup-temp-allocator-size-cloud-worker=32768"
    "memorysetup-temp-allocator-size-gi-baking-worker=262144"
    "memorysetup-temp-allocator-size-gfx=262144"
Refreshing native plugins compatible for Editor in 98.68 ms, found 3 plugins.
Preloading 0 native plugins for Editor in 0.00 ms.
Initialize engine version: 2021.3.11f1 (0a5ca18544bf)
[Subsystems] Discovering subsystems at path C:/Program Files/Unity/Hub/Editor/2021.3.11f1/Editor/Data/Resources/UnitySubsystems
[Subsystems] Discovering subsystems at path D:/Documents/GitHub/BattleTanks/Battle Tanks/Assets
GfxDevice: creating device client; threaded=0; jobified=0
Direct3D:
    Version:  Direct3D 11.0 [level 11.1]
    Renderer: AMD Radeon RX 5700 (ID=0x731f)
    Vendor:   ATI
    VRAM:     8151 MB
    Driver:   26.20.15029.27017
Initialize mono
Mono path[0] = 'C:/Program Files/Unity/Hub/Editor/2021.3.11f1/Editor/Data/Managed'
Mono path[1] = 'C:/Program Files/Unity/Hub/Editor/2021.3.11f1/Editor/Data/MonoBleedingEdge/lib/mono/unityjit-win32'
Mono config path = 'C:/Program Files/Unity/Hub/Editor/2021.3.11f1/Editor/Data/MonoBleedingEdge/etc'
Using monoOptions --debugger-agent=transport=dt_socket,embedding=1,server=y,suspend=n,address=127.0.0.1:56484
Begin MonoManager ReloadAssembly
Registering precompiled unity dll's ...
Register platform support module: C:/Program Files/Unity/Hub/Editor/2021.3.11f1/Editor/Data/PlaybackEngines/MacStandaloneSupport/UnityEditor.OSXStandalone.Extensions.dll
Register platform support module: C:/Program Files/Unity/Hub/Editor/2021.3.11f1/Editor/Data/PlaybackEngines/iOSSupport/UnityEditor.iOS.Extensions.dll
Register platform support module: C:/Program Files/Unity/Hub/Editor/2021.3.11f1/Editor/Data/PlaybackEngines/WindowsStandaloneSupport/UnityEditor.WindowsStandalone.Extensions.dll
Registered in 0.009084 seconds.
Native extension for WindowsStandalone target not found
[usbmuxd] Start listen thread
[usbmuxd] Listen thread started
Native extension for iOS target not found
Native extension for OSXStandalone target not found
Refreshing native plugins compatible for Editor in 80.55 ms, found 3 plugins.
Preloading 0 native plugins for Editor in 0.00 ms.
Mono: successfully reloaded assembly
- Completed reload, in  0.605 seconds
Domain Reload Profiling:
	ReloadAssembly (605ms)
		BeginReloadAssembly (67ms)
			ExecutionOrderSort (0ms)
			DisableScriptedObjects (0ms)
			BackupInstance (0ms)
			ReleaseScriptingObjects (0ms)
			CreateAndSetChildDomain (1ms)
		EndReloadAssembly (434ms)
			LoadAssemblies (65ms)
			RebuildTransferFunctionScriptingTraits (0ms)
			SetupTypeCache (89ms)
			ReleaseScriptCaches (0ms)
			RebuildScriptCaches (33ms)
			SetupLoadedEditorAssemblies (267ms)
				LogAssemblyErrors (0ms)
				InitializePlatformSupportModulesInManaged (26ms)
				SetLoadedEditorAssemblies (0ms)
				RefreshPlugins (81ms)
				BeforeProcessingInitializeOnLoad (1ms)
				ProcessInitializeOnLoadAttributes (120ms)
				ProcessInitializeOnLoadMethodAttributes (38ms)
				AfterProcessingInitializeOnLoad (0ms)
				EditorAssembliesLoaded (0ms)
			ExecutionOrderSort2 (0ms)
			AwakeInstancesAfterBackupRestoration (0ms)
Platform modules already initialized, skipping
Registering precompiled user dll's ...
Registered in 0.006423 seconds.
Begin MonoManager ReloadAssembly
Symbol file LoadedFromMemory doesn't match image D:\Documents\GitHub\BattleTanks\Battle Tanks\Library\PackageCache\com.unity.visualscripting@1.7.8\Editor\VisualScripting.Core\Dependencies\YamlDotNet\Unity.VisualScripting.YamlDotNet.dll
Symbol file LoadedFromMemory doesn't match image D:\Documents\GitHub\BattleTanks\Battle Tanks\Library\PackageCache\com.unity.visualscripting@1.7.8\Editor\VisualScripting.Core\Dependencies\DotNetZip\Unity.VisualScripting.IonicZip.dll
Native extension for WindowsStandalone target not found
Native extension for iOS target not found
Native extension for OSXStandalone target not found
Refreshing native plugins compatible for Editor in 0.79 ms, found 3 plugins.
Preloading 0 native plugins for Editor in 0.00 ms.
Mono: successfully reloaded assembly
- Completed reload, in  1.212 seconds
Domain Reload Profiling:
	ReloadAssembly (1213ms)
		BeginReloadAssembly (103ms)
			ExecutionOrderSort (0ms)
			DisableScriptedObjects (6ms)
			BackupInstance (0ms)
			ReleaseScriptingObjects (0ms)
			CreateAndSetChildDomain (19ms)
		EndReloadAssembly (1006ms)
			LoadAssemblies (78ms)
			RebuildTransferFunctionScriptingTraits (0ms)
			SetupTypeCache (266ms)
			ReleaseScriptCaches (1ms)
			RebuildScriptCaches (59ms)
			SetupLoadedEditorAssemblies (568ms)
				LogAssemblyErrors (0ms)
				InitializePlatformSupportModulesInManaged (23ms)
				SetLoadedEditorAssemblies (0ms)
				RefreshPlugins (1ms)
				BeforeProcessingInitializeOnLoad (90ms)
				ProcessInitializeOnLoadAttributes (413ms)
				ProcessInitializeOnLoadMethodAttributes (31ms)
				AfterProcessingInitializeOnLoad (9ms)
				EditorAssembliesLoaded (0ms)
			ExecutionOrderSort2 (0ms)
			AwakeInstancesAfterBackupRestoration (7ms)
Platform modules already initialized, skipping
========================================================================
Worker process is ready to serve import requests
Launched and connected shader compiler UnityShaderCompiler.exe after 0.04 seconds
Refreshing native plugins compatible for Editor in 0.76 ms, found 3 plugins.
Preloading 0 native plugins for Editor in 0.00 ms.
Unloading 3782 Unused Serialized files (Serialized files now loaded: 0)
Unloading 40 unused Assets / (113.7 KB). Loaded Objects now: 4232.
Memory consumption went from 136.1 MB to 136.0 MB.
Total: 3.059300 ms (FindLiveObjects: 0.338600 ms CreateObjectMapping: 0.111600 ms MarkObjects: 2.491500 ms  DeleteObjects: 0.116700 ms)

AssetImportParameters requested are different than current active one (requested -> active):
  custom:video-decoder-ogg-theora: a1e56fd34408186e4bbccfd4996cb3dc -> 
  custom:container-muxer-webm: aa71ff27fc2769a1b78a27578f13a17b -> 
  custom:container-demuxer-webm: 4f35f7cbe854078d1ac9338744f61a02 -> 
  custom:video-encoder-webm-vp8: eb34c28f22e8b96e1ab97ce403110664 -> 
  custom:audio-encoder-webm-vorbis: bf7c407c2cedff20999df2af8eb42d56 -> 
  custom:framework-win-MediaFoundation: 216162199b28c13a410421893ffa2e32 -> 
  custom:container-demuxer-ogg: 62fdf1f143b41e24485cea50d1cbac27 -> 
  custom:video-decoder-webm-vp8: 9c59270c3fd7afecdb556c50c9e8de78 -> 
  custom:audio-decoder-ogg-vorbis: bf7c407c2cedff20999df2af8eb42d56 -> 
========================================================================
Received Import Request.
  Time since last request: 26034.636578 seconds.
  path: Assets/Resources/LightBlueTank Variant.prefab
  artifactKey: Guid(5d7a2608d880b2c4abad2b27fa0b218b) Importer(815301076,1909f56bfc062723c751e8b465ee728b)
Start importing Assets/Resources/LightBlueTank Variant.prefab using Guid(5d7a2608d880b2c4abad2b27fa0b218b) Importer(815301076,1909f56bfc062723c751e8b465ee728b)  -> (artifact id: '69f36955da92eca402559e3abe18126d') in 0.185970 seconds 
========================================================================
Received Import Request.
  Time since last request: 3.503464 seconds.
  path: Assets/Resources/LightBlueTank Variant.prefab
  artifactKey: Guid(5d7a2608d880b2c4abad2b27fa0b218b) Importer(815301076,1909f56bfc062723c751e8b465ee728b)
Start importing Assets/Resources/LightBlueTank Variant.prefab using Guid(5d7a2608d880b2c4abad2b27fa0b218b) Importer(815301076,1909f56bfc062723c751e8b465ee728b)  -> (artifact id: 'c3fc8401437cfc06ad727ce63d2512ba') in 0.041522 seconds 
========================================================================
Received Import Request.
  Time since last request: 0.000019 seconds.
  path: Assets/Resources/LightRedTank Variant.prefab
  artifactKey: Guid(2eb118ed14b1fcb4baa08894366f77ca) Importer(815301076,1909f56bfc062723c751e8b465ee728b)
Start importing Assets/Resources/LightRedTank Variant.prefab using Guid(2eb118ed14b1fcb4baa08894366f77ca) Importer(815301076,1909f56bfc062723c751e8b465ee728b)  -> (artifact id: '3d40a56f534e969ba99dbf49c3559fc8') in 0.035647 seconds 
========================================================================
Received Import Request.
  Time since last request: 2.148144 seconds.
  path: Assets/Resources/LightBlueTank Variant.prefab
  artifactKey: Guid(5d7a2608d880b2c4abad2b27fa0b218b) Importer(815301076,1909f56bfc062723c751e8b465ee728b)
Start importing Assets/Resources/LightBlueTank Variant.prefab using Guid(5d7a2608d880b2c4abad2b27fa0b218b) Importer(815301076,1909f56bfc062723c751e8b465ee728b)  -> (artifact id: 'b0997247d3db49aa2ee7cc5e9666f8c0') in 0.034177 seconds 
========================================================================
Received Import Request.
  Time since last request: 0.000038 seconds.
  path: Assets/Resources/NormalBlueTank Variant.prefab
  artifactKey: Guid(aa3f3e06402784944998bec3ec15f3e0) Importer(815301076,1909f56bfc062723c751e8b465ee728b)
Start importing Assets/Resources/NormalBlueTank Variant.prefab using Guid(aa3f3e06402784944998bec3ec15f3e0) Importer(815301076,1909f56bfc062723c751e8b465ee728b)  -> (artifact id: 'eee3f75ee54a82ec29cfb7051a77ba81') in 0.043804 seconds 
========================================================================
Received Import Request.
  Time since last request: 8.639582 seconds.
  path: Assets/Resources/LightBlueTank Variant.prefab
  artifactKey: Guid(5d7a2608d880b2c4abad2b27fa0b218b) Importer(815301076,1909f56bfc062723c751e8b465ee728b)
Start importing Assets/Resources/LightBlueTank Variant.prefab using Guid(5d7a2608d880b2c4abad2b27fa0b218b) Importer(815301076,1909f56bfc062723c751e8b465ee728b)  -> (artifact id: 'd938cd00fa17a0b93b0a2fb201baedf4') in 0.035608 seconds 
========================================================================
Received Import Request.
  Time since last request: 0.000028 seconds.
  path: Assets/Resources/LightRedTank Variant.prefab
  artifactKey: Guid(2eb118ed14b1fcb4baa08894366f77ca) Importer(815301076,1909f56bfc062723c751e8b465ee728b)
Start importing Assets/Resources/LightRedTank Variant.prefab using Guid(2eb118ed14b1fcb4baa08894366f77ca) Importer(815301076,1909f56bfc062723c751e8b465ee728b)  -> (artifact id: '536d224e10a7d8d4111580c6ee5d76d8') in 0.035969 seconds 
========================================================================
Received Import Request.
  Time since last request: 8.184924 seconds.
  path: Assets/Resources/LightBlueTank Variant.prefab
  artifactKey: Guid(5d7a2608d880b2c4abad2b27fa0b218b) Importer(815301076,1909f56bfc062723c751e8b465ee728b)
Start importing Assets/Resources/LightBlueTank Variant.prefab using Guid(5d7a2608d880b2c4abad2b27fa0b218b) Importer(815301076,1909f56bfc062723c751e8b465ee728b)  -> (artifact id: '9166bf75290d1fd15a0a78553ae90b70') in 0.032052 seconds 
========================================================================
Received Import Request.
  Time since last request: 0.000027 seconds.
  path: Assets/Resources/NormalBlueTank Variant.prefab
  artifactKey: Guid(aa3f3e06402784944998bec3ec15f3e0) Importer(815301076,1909f56bfc062723c751e8b465ee728b)
Start importing Assets/Resources/NormalBlueTank Variant.prefab using Guid(aa3f3e06402784944998bec3ec15f3e0) Importer(815301076,1909f56bfc062723c751e8b465ee728b)  -> (artifact id: '3cee64ad58dae755c657573fae60159e') in 0.042380 seconds 
========================================================================
Received Import Request.
  Time since last request: 4.616327 seconds.
  path: Assets/Resources/LightBlueTank Variant.prefab
  artifactKey: Guid(5d7a2608d880b2c4abad2b27fa0b218b) Importer(815301076,1909f56bfc062723c751e8b465ee728b)
Start importing Assets/Resources/LightBlueTank Variant.prefab using Guid(5d7a2608d880b2c4abad2b27fa0b218b) Importer(815301076,1909f56bfc062723c751e8b465ee728b)  -> (artifact id: '4d7808bc2c30563650eac987f2082ebd') in 0.034481 seconds 
========================================================================
Received Import Request.
  Time since last request: 0.000018 seconds.
  path: Assets/Resources/NormalBlueTank Variant.prefab
  artifactKey: Guid(aa3f3e06402784944998bec3ec15f3e0) Importer(815301076,1909f56bfc062723c751e8b465ee728b)
Start importing Assets/Resources/NormalBlueTank Variant.prefab using Guid(aa3f3e06402784944998bec3ec15f3e0) Importer(815301076,1909f56bfc062723c751e8b465ee728b)  -> (artifact id: '46cfa48b32a09675302fbf26db0579d4') in 0.042240 seconds 
========================================================================
Received Import Request.
  Time since last request: 2.159251 seconds.
  path: Assets/Resources/LightBlueTank Variant.prefab
  artifactKey: Guid(5d7a2608d880b2c4abad2b27fa0b218b) Importer(815301076,1909f56bfc062723c751e8b465ee728b)
Start importing Assets/Resources/LightBlueTank Variant.prefab using Guid(5d7a2608d880b2c4abad2b27fa0b218b) Importer(815301076,1909f56bfc062723c751e8b465ee728b)  -> (artifact id: 'b9b25db36845cd934365584100a489c8') in 0.032711 seconds 
========================================================================
Received Import Request.
  Time since last request: 0.000019 seconds.
  path: Assets/Resources/LightRedTank Variant.prefab
  artifactKey: Guid(2eb118ed14b1fcb4baa08894366f77ca) Importer(815301076,1909f56bfc062723c751e8b465ee728b)
Start importing Assets/Resources/LightRedTank Variant.prefab using Guid(2eb118ed14b1fcb4baa08894366f77ca) Importer(815301076,1909f56bfc062723c751e8b465ee728b)  -> (artifact id: 'adbfd9992cb2c980f4573a3746aadfc6') in 0.034160 seconds 
========================================================================
Received Import Request.
  Time since last request: 6.714113 seconds.
  path: Assets/Resources/LightBlueTank Variant.prefab
  artifactKey: Guid(5d7a2608d880b2c4abad2b27fa0b218b) Importer(815301076,1909f56bfc062723c751e8b465ee728b)
Start importing Assets/Resources/LightBlueTank Variant.prefab using Guid(5d7a2608d880b2c4abad2b27fa0b218b) Importer(815301076,1909f56bfc062723c751e8b465ee728b)  -> (artifact id: '97999a3549c476e32d2ee373e16b3093') in 0.034429 seconds 
========================================================================
Received Import Request.
  Time since last request: 0.000021 seconds.
  path: Assets/Resources/NormalBlueTank Variant.prefab
  artifactKey: Guid(aa3f3e06402784944998bec3ec15f3e0) Importer(815301076,1909f56bfc062723c751e8b465ee728b)
Start importing Assets/Resources/NormalBlueTank Variant.prefab using Guid(aa3f3e06402784944998bec3ec15f3e0) Importer(815301076,1909f56bfc062723c751e8b465ee728b)  -> (artifact id: 'c107a37daec0085fe9e1d368ca337ca6') in 0.043895 seconds 
========================================================================
Received Import Request.
  Time since last request: 1.228626 seconds.
  path: Assets/Resources/LightBlueTank Variant.prefab
  artifactKey: Guid(5d7a2608d880b2c4abad2b27fa0b218b) Importer(815301076,1909f56bfc062723c751e8b465ee728b)
Start importing Assets/Resources/LightBlueTank Variant.prefab using Guid(5d7a2608d880b2c4abad2b27fa0b218b) Importer(815301076,1909f56bfc062723c751e8b465ee728b)  -> (artifact id: '8e8f42a5d4acad4251098664b7369845') in 0.035866 seconds 
========================================================================
Received Import Request.
  Time since last request: 0.000026 seconds.
  path: Assets/Resources/LightRedTank Variant.prefab
  artifactKey: Guid(2eb118ed14b1fcb4baa08894366f77ca) Importer(815301076,1909f56bfc062723c751e8b465ee728b)
Start importing Assets/Resources/LightRedTank Variant.prefab using Guid(2eb118ed14b1fcb4baa08894366f77ca) Importer(815301076,1909f56bfc062723c751e8b465ee728b)  -> (artifact id: '51fd018c66adec15d3f8180caf43ab90') in 0.033897 seconds 
========================================================================
Received Import Request.
  Time since last request: 4.251137 seconds.
  path: Assets/Resources/LightBlueTank Variant.prefab
  artifactKey: Guid(5d7a2608d880b2c4abad2b27fa0b218b) Importer(815301076,1909f56bfc062723c751e8b465ee728b)
Start importing Assets/Resources/LightBlueTank Variant.prefab using Guid(5d7a2608d880b2c4abad2b27fa0b218b) Importer(815301076,1909f56bfc062723c751e8b465ee728b)  -> (artifact id: 'a26409937aab77d12f222388f66fc7f8') in 0.034980 seconds 
========================================================================
Received Import Request.
  Time since last request: 0.000025 seconds.
  path: Assets/Resources/NormalBlueTank Variant.prefab
  artifactKey: Guid(aa3f3e06402784944998bec3ec15f3e0) Importer(815301076,1909f56bfc062723c751e8b465ee728b)
Start importing Assets/Resources/NormalBlueTank Variant.prefab using Guid(aa3f3e06402784944998bec3ec15f3e0) Importer(815301076,1909f56bfc062723c751e8b465ee728b)  -> (artifact id: '9324e9bff8907de9070bbb7fcb7fca4a') in 0.046686 seconds 
========================================================================
Received Import Request.
  Time since last request: 1.600621 seconds.
  path: Assets/Resources/LightBlueTank Variant.prefab
  artifactKey: Guid(5d7a2608d880b2c4abad2b27fa0b218b) Importer(815301076,1909f56bfc062723c751e8b465ee728b)
Start importing Assets/Resources/LightBlueTank Variant.prefab using Guid(5d7a2608d880b2c4abad2b27fa0b218b) Importer(815301076,1909f56bfc062723c751e8b465ee728b)  -> (artifact id: 'd8c3e98164d19290ae7178aae4c690f6') in 0.033992 seconds 
========================================================================
Received Import Request.
  Time since last request: 0.000025 seconds.
  path: Assets/Resources/NormalBlueTank Variant.prefab
  artifactKey: Guid(aa3f3e06402784944998bec3ec15f3e0) Importer(815301076,1909f56bfc062723c751e8b465ee728b)
Start importing Assets/Resources/NormalBlueTank Variant.prefab using Guid(aa3f3e06402784944998bec3ec15f3e0) Importer(815301076,1909f56bfc062723c751e8b465ee728b)  -> (artifact id: '462eb7416fc4efc3dde4c44ef338b45a') in 0.044194 seconds 
========================================================================
Received Import Request.
  Time since last request: 6.270743 seconds.
  path: Assets/Resources/LightBlueTank Variant.prefab
  artifactKey: Guid(5d7a2608d880b2c4abad2b27fa0b218b) Importer(815301076,1909f56bfc062723c751e8b465ee728b)
Start importing Assets/Resources/LightBlueTank Variant.prefab using Guid(5d7a2608d880b2c4abad2b27fa0b218b) Importer(815301076,1909f56bfc062723c751e8b465ee728b)  -> (artifact id: 'ef6038f9095ce3e9194b260074a5cd44') in 0.033335 seconds 
========================================================================
Received Import Request.
  Time since last request: 0.000027 seconds.
  path: Assets/Resources/LightRedTank Variant.prefab
  artifactKey: Guid(2eb118ed14b1fcb4baa08894366f77ca) Importer(815301076,1909f56bfc062723c751e8b465ee728b)
Start importing Assets/Resources/LightRedTank Variant.prefab using Guid(2eb118ed14b1fcb4baa08894366f77ca) Importer(815301076,1909f56bfc062723c751e8b465ee728b)  -> (artifact id: 'e1d23c0c2056440b43cf31db178f7e6f') in 0.033622 seconds 
========================================================================
Received Import Request.
  Time since last request: 2.036835 seconds.
  path: Assets/Resources/LightBlueTank Variant.prefab
  artifactKey: Guid(5d7a2608d880b2c4abad2b27fa0b218b) Importer(815301076,1909f56bfc062723c751e8b465ee728b)
Start importing Assets/Resources/LightBlueTank Variant.prefab using Guid(5d7a2608d880b2c4abad2b27fa0b218b) Importer(815301076,1909f56bfc062723c751e8b465ee728b)  -> (artifact id: 'b02829cdc765e8356927c09ec5cc0393') in 0.032937 seconds 
========================================================================
Received Import Request.
  Time since last request: 0.000020 seconds.
  path: Assets/Resources/NormalBlueTank Variant.prefab
  artifactKey: Guid(aa3f3e06402784944998bec3ec15f3e0) Importer(815301076,1909f56bfc062723c751e8b465ee728b)
Start importing Assets/Resources/NormalBlueTank Variant.prefab using Guid(aa3f3e06402784944998bec3ec15f3e0) Importer(815301076,1909f56bfc062723c751e8b465ee728b)  -> (artifact id: 'b33ed15833c28234581ea45695608a6d') in 0.043199 seconds 
========================================================================
Received Import Request.
  Time since last request: 1.385543 seconds.
  path: Assets/Resources/LightBlueTank Variant.prefab
  artifactKey: Guid(5d7a2608d880b2c4abad2b27fa0b218b) Importer(815301076,1909f56bfc062723c751e8b465ee728b)
Start importing Assets/Resources/LightBlueTank Variant.prefab using Guid(5d7a2608d880b2c4abad2b27fa0b218b) Importer(815301076,1909f56bfc062723c751e8b465ee728b)  -> (artifact id: '389af21109888e3460562e90ff532865') in 0.031640 seconds 
========================================================================
Received Import Request.
  Time since last request: 0.000033 seconds.
  path: Assets/Resources/Tank.prefab
  artifactKey: Guid(d1d2edf4b999f52449b19a4bc74d25c6) Importer(815301076,1909f56bfc062723c751e8b465ee728b)
Start importing Assets/Resources/Tank.prefab using Guid(d1d2edf4b999f52449b19a4bc74d25c6) Importer(815301076,1909f56bfc062723c751e8b465ee728b)  -> (artifact id: '524f06b0c838f2c19c479f7f5a2496fe') in 0.030559 seconds 
========================================================================
Received Import Request.
  Time since last request: 0.000026 seconds.
  path: Assets/Resources/NormalRedTank Variant.prefab
  artifactKey: Guid(b513df06648f81741bd3630b4ba405a9) Importer(815301076,1909f56bfc062723c751e8b465ee728b)
Start importing Assets/Resources/NormalRedTank Variant.prefab using Guid(b513df06648f81741bd3630b4ba405a9) Importer(815301076,1909f56bfc062723c751e8b465ee728b)  -> (artifact id: '0b0add6899abff57ab85424e39f809eb') in 0.036921 seconds 
========================================================================
Received Import Request.
  Time since last request: 0.778359 seconds.
  path: Assets/Resources/LightBlueTank Variant.prefab
  artifactKey: Guid(5d7a2608d880b2c4abad2b27fa0b218b) Importer(815301076,1909f56bfc062723c751e8b465ee728b)
Start importing Assets/Resources/LightBlueTank Variant.prefab using Guid(5d7a2608d880b2c4abad2b27fa0b218b) Importer(815301076,1909f56bfc062723c751e8b465ee728b)  -> (artifact id: '13a7d9d1f982d852fc73f458caf19b78') in 0.034590 seconds 
========================================================================
Received Import Request.
  Time since last request: 0.000024 seconds.
  path: Assets/Resources/NormalBlueTank Variant.prefab
  artifactKey: Guid(aa3f3e06402784944998bec3ec15f3e0) Importer(815301076,1909f56bfc062723c751e8b465ee728b)
Start importing Assets/Resources/NormalBlueTank Variant.prefab using Guid(aa3f3e06402784944998bec3ec15f3e0) Importer(815301076,1909f56bfc062723c751e8b465ee728b)  -> (artifact id: '8ac1cf31e318bada2f1e84a526c1ea14') in 0.042619 seconds 
========================================================================
Received Import Request.
  Time since last request: 2.214419 seconds.
  path: Assets/Resources/LightBlueTank Variant.prefab
  artifactKey: Guid(5d7a2608d880b2c4abad2b27fa0b218b) Importer(815301076,1909f56bfc062723c751e8b465ee728b)
Start importing Assets/Resources/LightBlueTank Variant.prefab using Guid(5d7a2608d880b2c4abad2b27fa0b218b) Importer(815301076,1909f56bfc062723c751e8b465ee728b)  -> (artifact id: 'aa64fd58cfe999106e2923fc995ceae6') in 0.037025 seconds 
========================================================================
Received Import Request.
  Time since last request: 0.000020 seconds.
  path: Assets/Resources/NormalBlueTank Variant.prefab
  artifactKey: Guid(aa3f3e06402784944998bec3ec15f3e0) Importer(815301076,1909f56bfc062723c751e8b465ee728b)
Start importing Assets/Resources/NormalBlueTank Variant.prefab using Guid(aa3f3e06402784944998bec3ec15f3e0) Importer(815301076,1909f56bfc062723c751e8b465ee728b)  -> (artifact id: '838315b108f47cc8f50e2052b75c4e37') in 0.042951 seconds 
========================================================================
Received Import Request.
  Time since last request: 1.600367 seconds.
  path: Assets/Resources/LightBlueTank Variant.prefab
  artifactKey: Guid(5d7a2608d880b2c4abad2b27fa0b218b) Importer(815301076,1909f56bfc062723c751e8b465ee728b)
Start importing Assets/Resources/LightBlueTank Variant.prefab using Guid(5d7a2608d880b2c4abad2b27fa0b218b) Importer(815301076,1909f56bfc062723c751e8b465ee728b)  -> (artifact id: '717489f5a7de0be77e9db609c60ddef3') in 0.037650 seconds 
========================================================================
Received Import Request.
  Time since last request: 0.000022 seconds.
  path: Assets/Resources/LightRedTank Variant.prefab
  artifactKey: Guid(2eb118ed14b1fcb4baa08894366f77ca) Importer(815301076,1909f56bfc062723c751e8b465ee728b)
Start importing Assets/Resources/LightRedTank Variant.prefab using Guid(2eb118ed14b1fcb4baa08894366f77ca) Importer(815301076,1909f56bfc062723c751e8b465ee728b)  -> (artifact id: '8a63db0e866306b032910fe4b1eaabe4') in 0.041733 seconds 
========================================================================
Received Import Request.
  Time since last request: 3.867121 seconds.
  path: Assets/Resources/LightBlueTank Variant.prefab
  artifactKey: Guid(5d7a2608d880b2c4abad2b27fa0b218b) Importer(815301076,1909f56bfc062723c751e8b465ee728b)
Start importing Assets/Resources/LightBlueTank Variant.prefab using Guid(5d7a2608d880b2c4abad2b27fa0b218b) Importer(815301076,1909f56bfc062723c751e8b465ee728b)  -> (artifact id: 'fad4ace90860658b3d853d2c49b464a6') in 0.035669 seconds 
========================================================================
Received Import Request.
  Time since last request: 0.000018 seconds.
  path: Assets/Resources/NormalBlueTank Variant.prefab
  artifactKey: Guid(aa3f3e06402784944998bec3ec15f3e0) Importer(815301076,1909f56bfc062723c751e8b465ee728b)
Start importing Assets/Resources/NormalBlueTank Variant.prefab using Guid(aa3f3e06402784944998bec3ec15f3e0) Importer(815301076,1909f56bfc062723c751e8b465ee728b)  -> (artifact id: 'bf77cd2106dad3d8f1f7176ae7d36022') in 0.041396 seconds 
========================================================================
Received Import Request.
  Time since last request: 3.228195 seconds.
  path: Assets/Resources/LightBlueTank Variant.prefab
  artifactKey: Guid(5d7a2608d880b2c4abad2b27fa0b218b) Importer(815301076,1909f56bfc062723c751e8b465ee728b)
Start importing Assets/Resources/LightBlueTank Variant.prefab using Guid(5d7a2608d880b2c4abad2b27fa0b218b) Importer(815301076,1909f56bfc062723c751e8b465ee728b)  -> (artifact id: 'e81652fd4c1736f34851d277c11d781a') in 0.033660 seconds 
========================================================================
Received Import Request.
  Time since last request: 0.000022 seconds.
  path: Assets/Resources/Tank.prefab
  artifactKey: Guid(d1d2edf4b999f52449b19a4bc74d25c6) Importer(815301076,1909f56bfc062723c751e8b465ee728b)
Start importing Assets/Resources/Tank.prefab using Guid(d1d2edf4b999f52449b19a4bc74d25c6) Importer(815301076,1909f56bfc062723c751e8b465ee728b)  -> (artifact id: '481eafa425933f23934af219b260caa0') in 0.034052 seconds 
========================================================================
Received Import Request.
  Time since last request: 0.000031 seconds.
  path: Assets/Resources/NormalRedTank Variant.prefab
  artifactKey: Guid(b513df06648f81741bd3630b4ba405a9) Importer(815301076,1909f56bfc062723c751e8b465ee728b)
Start importing Assets/Resources/NormalRedTank Variant.prefab using Guid(b513df06648f81741bd3630b4ba405a9) Importer(815301076,1909f56bfc062723c751e8b465ee728b)  -> (artifact id: '2b2633baa7bdeddca9a2fc86ea1842ec') in 0.035454 seconds 
========================================================================
Received Import Request.
  Time since last request: 3.585484 seconds.
  path: Assets/Resources/LightBlueTank Variant.prefab
  artifactKey: Guid(5d7a2608d880b2c4abad2b27fa0b218b) Importer(815301076,1909f56bfc062723c751e8b465ee728b)
Start importing Assets/Resources/LightBlueTank Variant.prefab using Guid(5d7a2608d880b2c4abad2b27fa0b218b) Importer(815301076,1909f56bfc062723c751e8b465ee728b)  -> (artifact id: '162394784a401a21cd1f41680677b753') in 0.035346 seconds 
========================================================================
Received Import Request.
  Time since last request: 0.000021 seconds.
  path: Assets/Resources/NormalBlueTank Variant.prefab
  artifactKey: Guid(aa3f3e06402784944998bec3ec15f3e0) Importer(815301076,1909f56bfc062723c751e8b465ee728b)
Start importing Assets/Resources/NormalBlueTank Variant.prefab using Guid(aa3f3e06402784944998bec3ec15f3e0) Importer(815301076,1909f56bfc062723c751e8b465ee728b)  -> (artifact id: 'eb497a17762505a2c1564ef9a53d416a') in 0.045730 seconds 
========================================================================
Received Import Request.
  Time since last request: 0.607801 seconds.
  path: Assets/Resources/LightBlueTank Variant.prefab
  artifactKey: Guid(5d7a2608d880b2c4abad2b27fa0b218b) Importer(815301076,1909f56bfc062723c751e8b465ee728b)
Start importing Assets/Resources/LightBlueTank Variant.prefab using Guid(5d7a2608d880b2c4abad2b27fa0b218b) Importer(815301076,1909f56bfc062723c751e8b465ee728b)  -> (artifact id: '645c7a40ecf5fde76e2965f5a3197061') in 0.033054 seconds 
========================================================================
Received Import Request.
  Time since last request: 0.000022 seconds.
  path: Assets/Resources/Tank.prefab
  artifactKey: Guid(d1d2edf4b999f52449b19a4bc74d25c6) Importer(815301076,1909f56bfc062723c751e8b465ee728b)
Start importing Assets/Resources/Tank.prefab using Guid(d1d2edf4b999f52449b19a4bc74d25c6) Importer(815301076,1909f56bfc062723c751e8b465ee728b)  -> (artifact id: '36094baa3e85a54b6ed92aa0882f6730') in 0.029343 seconds 
========================================================================
Received Import Request.
  Time since last request: 0.000034 seconds.
  path: Assets/Resources/NormalRedTank Variant.prefab
  artifactKey: Guid(b513df06648f81741bd3630b4ba405a9) Importer(815301076,1909f56bfc062723c751e8b465ee728b)
Start importing Assets/Resources/NormalRedTank Variant.prefab using Guid(b513df06648f81741bd3630b4ba405a9) Importer(815301076,1909f56bfc062723c751e8b465ee728b)  -> (artifact id: '35e49d95abbb02ddd5aece52ba0d4134') in 0.034943 seconds 
========================================================================
Received Import Request.
  Time since last request: 0.973663 seconds.
  path: Assets/Resources/LightBlueTank Variant.prefab
  artifactKey: Guid(5d7a2608d880b2c4abad2b27fa0b218b) Importer(815301076,1909f56bfc062723c751e8b465ee728b)
Start importing Assets/Resources/LightBlueTank Variant.prefab using Guid(5d7a2608d880b2c4abad2b27fa0b218b) Importer(815301076,1909f56bfc062723c751e8b465ee728b)  -> (artifact id: 'fbe7628ba8c36164b51363fd122219e3') in 0.034091 seconds 
========================================================================
Received Import Request.
  Time since last request: 0.000018 seconds.
  path: Assets/Resources/LightRedTank Variant.prefab
  artifactKey: Guid(2eb118ed14b1fcb4baa08894366f77ca) Importer(815301076,1909f56bfc062723c751e8b465ee728b)
Start importing Assets/Resources/LightRedTank Variant.prefab using Guid(2eb118ed14b1fcb4baa08894366f77ca) Importer(815301076,1909f56bfc062723c751e8b465ee728b)  -> (artifact id: '2aeb4fb27e44406d1babb82a03c2aa79') in 0.033492 seconds 
========================================================================
Received Import Request.
  Time since last request: 8.073644 seconds.
  path: Assets/Resources/LightBlueTank Variant.prefab
  artifactKey: Guid(5d7a2608d880b2c4abad2b27fa0b218b) Importer(815301076,1909f56bfc062723c751e8b465ee728b)
Start importing Assets/Resources/LightBlueTank Variant.prefab using Guid(5d7a2608d880b2c4abad2b27fa0b218b) Importer(815301076,1909f56bfc062723c751e8b465ee728b)  -> (artifact id: '66554e55e2910d27a42541f02800e206') in 0.034627 seconds 
========================================================================
Received Import Request.
  Time since last request: 0.000023 seconds.
  path: Assets/Resources/LightRedTank Variant.prefab
  artifactKey: Guid(2eb118ed14b1fcb4baa08894366f77ca) Importer(815301076,1909f56bfc062723c751e8b465ee728b)
Start importing Assets/Resources/LightRedTank Variant.prefab using Guid(2eb118ed14b1fcb4baa08894366f77ca) Importer(815301076,1909f56bfc062723c751e8b465ee728b)  -> (artifact id: '52f5b5bd88d1ea7087d43d03d0313fab') in 0.033191 seconds 
========================================================================
Received Import Request.
  Time since last request: 5.712069 seconds.
  path: Assets/Resources/LightBlueTank Variant.prefab
  artifactKey: Guid(5d7a2608d880b2c4abad2b27fa0b218b) Importer(815301076,1909f56bfc062723c751e8b465ee728b)
Start importing Assets/Resources/LightBlueTank Variant.prefab using Guid(5d7a2608d880b2c4abad2b27fa0b218b) Importer(815301076,1909f56bfc062723c751e8b465ee728b)  -> (artifact id: '7e8a66d66ae5eee30b489bd6ffa0da8f') in 0.034231 seconds 
========================================================================
Received Import Request.
  Time since last request: 0.000018 seconds.
  path: Assets/Resources/LightRedTank Variant.prefab
  artifactKey: Guid(2eb118ed14b1fcb4baa08894366f77ca) Importer(815301076,1909f56bfc062723c751e8b465ee728b)
Start importing Assets/Resources/LightRedTank Variant.prefab using Guid(2eb118ed14b1fcb4baa08894366f77ca) Importer(815301076,1909f56bfc062723c751e8b465ee728b)  -> (artifact id: '85dec4d27fea66191e8404879a45a667') in 0.032389 seconds 
========================================================================
Received Import Request.
  Time since last request: 7.783772 seconds.
  path: Assets/Resources/LightBlueTank Variant.prefab
  artifactKey: Guid(5d7a2608d880b2c4abad2b27fa0b218b) Importer(815301076,1909f56bfc062723c751e8b465ee728b)
Start importing Assets/Resources/LightBlueTank Variant.prefab using Guid(5d7a2608d880b2c4abad2b27fa0b218b) Importer(815301076,1909f56bfc062723c751e8b465ee728b)  -> (artifact id: 'fb797dcfbc6b28b45bc3f0740f9f6754') in 0.034183 seconds 
========================================================================
Received Import Request.
  Time since last request: 0.000030 seconds.
  path: Assets/Resources/NormalBlueTank Variant.prefab
  artifactKey: Guid(aa3f3e06402784944998bec3ec15f3e0) Importer(815301076,1909f56bfc062723c751e8b465ee728b)
Start importing Assets/Resources/NormalBlueTank Variant.prefab using Guid(aa3f3e06402784944998bec3ec15f3e0) Importer(815301076,1909f56bfc062723c751e8b465ee728b)  -> (artifact id: '06b2a4348f9e283c12b32e263d76c4c6') in 0.045254 seconds 
========================================================================
Received Import Request.
  Time since last request: 11.548072 seconds.
  path: Assets/Resources/LightBlueTank Variant.prefab
  artifactKey: Guid(5d7a2608d880b2c4abad2b27fa0b218b) Importer(815301076,1909f56bfc062723c751e8b465ee728b)
Start importing Assets/Resources/LightBlueTank Variant.prefab using Guid(5d7a2608d880b2c4abad2b27fa0b218b) Importer(815301076,1909f56bfc062723c751e8b465ee728b)  -> (artifact id: '7c296e18151f99993e7eafd86968e8c9') in 0.035852 seconds 
========================================================================
Received Import Request.
  Time since last request: 0.000021 seconds.
  path: Assets/Resources/LightRedTank Variant.prefab
  artifactKey: Guid(2eb118ed14b1fcb4baa08894366f77ca) Importer(815301076,1909f56bfc062723c751e8b465ee728b)
Start importing Assets/Resources/LightRedTank Variant.prefab using Guid(2eb118ed14b1fcb4baa08894366f77ca) Importer(815301076,1909f56bfc062723c751e8b465ee728b)  -> (artifact id: '8d0a3caa6b3570bac98ad5cb1fa69559') in 0.033127 seconds 
========================================================================
Received Import Request.
  Time since last request: 7.047610 seconds.
  path: Assets/Resources/LightBlueTank Variant.prefab
  artifactKey: Guid(5d7a2608d880b2c4abad2b27fa0b218b) Importer(815301076,1909f56bfc062723c751e8b465ee728b)
Start importing Assets/Resources/LightBlueTank Variant.prefab using Guid(5d7a2608d880b2c4abad2b27fa0b218b) Importer(815301076,1909f56bfc062723c751e8b465ee728b)  -> (artifact id: 'cb7baa097a39a231c84545de77e09e70') in 0.037147 seconds 
========================================================================
Received Import Request.
  Time since last request: 0.000022 seconds.
  path: Assets/Resources/LightRedTank Variant.prefab
  artifactKey: Guid(2eb118ed14b1fcb4baa08894366f77ca) Importer(815301076,1909f56bfc062723c751e8b465ee728b)
Start importing Assets/Resources/LightRedTank Variant.prefab using Guid(2eb118ed14b1fcb4baa08894366f77ca) Importer(815301076,1909f56bfc062723c751e8b465ee728b)  -> (artifact id: 'f933f48566971a75734bbcdf5fd38f09') in 0.035293 seconds 
========================================================================
Received Import Request.
  Time since last request: 2.612181 seconds.
  path: Assets/Resources/LightBlueTank Variant.prefab
  artifactKey: Guid(5d7a2608d880b2c4abad2b27fa0b218b) Importer(815301076,1909f56bfc062723c751e8b465ee728b)
Start importing Assets/Resources/LightBlueTank Variant.prefab using Guid(5d7a2608d880b2c4abad2b27fa0b218b) Importer(815301076,1909f56bfc062723c751e8b465ee728b)  -> (artifact id: '40c19e29d29b5b629a84d724a3ad3fe1') in 0.037028 seconds 
========================================================================
Received Import Request.
  Time since last request: 0.000026 seconds.
  path: Assets/Resources/NormalBlueTank Variant.prefab
  artifactKey: Guid(aa3f3e06402784944998bec3ec15f3e0) Importer(815301076,1909f56bfc062723c751e8b465ee728b)
Start importing Assets/Resources/NormalBlueTank Variant.prefab using Guid(aa3f3e06402784944998bec3ec15f3e0) Importer(815301076,1909f56bfc062723c751e8b465ee728b)  -> (artifact id: '351014fcb9563583866d324794e13af6') in 0.045492 seconds 
========================================================================
Received Import Request.
  Time since last request: 1.998399 seconds.
  path: Assets/Resources/LightBlueTank Variant.prefab
  artifactKey: Guid(5d7a2608d880b2c4abad2b27fa0b218b) Importer(815301076,1909f56bfc062723c751e8b465ee728b)
Start importing Assets/Resources/LightBlueTank Variant.prefab using Guid(5d7a2608d880b2c4abad2b27fa0b218b) Importer(815301076,1909f56bfc062723c751e8b465ee728b)  -> (artifact id: 'ae0f7b13215bd18cab615af25f087243') in 0.033645 seconds 
========================================================================
Received Import Request.
  Time since last request: 0.000020 seconds.
  path: Assets/Resources/LightRedTank Variant.prefab
  artifactKey: Guid(2eb118ed14b1fcb4baa08894366f77ca) Importer(815301076,1909f56bfc062723c751e8b465ee728b)
Start importing Assets/Resources/LightRedTank Variant.prefab using Guid(2eb118ed14b1fcb4baa08894366f77ca) Importer(815301076,1909f56bfc062723c751e8b465ee728b)  -> (artifact id: '8732be62a1f12083ba2811dbf58f8a10') in 0.032436 seconds 
========================================================================
Received Import Request.
  Time since last request: 0.000044 seconds.
  path: Assets/Resources/NormalRedTank Variant.prefab
  artifactKey: Guid(b513df06648f81741bd3630b4ba405a9) Importer(815301076,1909f56bfc062723c751e8b465ee728b)
Start importing Assets/Resources/NormalRedTank Variant.prefab using Guid(b513df06648f81741bd3630b4ba405a9) Importer(815301076,1909f56bfc062723c751e8b465ee728b)  -> (artifact id: '5b4b1dde571dbb6e963d0c208af29395') in 0.035581 seconds 
========================================================================
Received Import Request.
  Time since last request: 2.178880 seconds.
  path: Assets/Resources/LightBlueTank Variant.prefab
  artifactKey: Guid(5d7a2608d880b2c4abad2b27fa0b218b) Importer(815301076,1909f56bfc062723c751e8b465ee728b)
Start importing Assets/Resources/LightBlueTank Variant.prefab using Guid(5d7a2608d880b2c4abad2b27fa0b218b) Importer(815301076,1909f56bfc062723c751e8b465ee728b)  -> (artifact id: '30d3b43463e40d9e809b45e8aaa16375') in 0.034426 seconds 
========================================================================
Received Import Request.
  Time since last request: 0.000021 seconds.
  path: Assets/Resources/LightRedTank Variant.prefab
  artifactKey: Guid(2eb118ed14b1fcb4baa08894366f77ca) Importer(815301076,1909f56bfc062723c751e8b465ee728b)
Start importing Assets/Resources/LightRedTank Variant.prefab using Guid(2eb118ed14b1fcb4baa08894366f77ca) Importer(815301076,1909f56bfc062723c751e8b465ee728b)  -> (artifact id: '289075e41e485d9893184b919e7e4ae1') in 0.035343 seconds 
========================================================================
Received Import Request.
  Time since last request: 35.200381 seconds.
  path: Assets/Resources/LightBlueTank Variant.prefab
  artifactKey: Guid(5d7a2608d880b2c4abad2b27fa0b218b) Importer(815301076,1909f56bfc062723c751e8b465ee728b)
Start importing Assets/Resources/LightBlueTank Variant.prefab using Guid(5d7a2608d880b2c4abad2b27fa0b218b) Importer(815301076,1909f56bfc062723c751e8b465ee728b)  -> (artifact id: '48ac0428bd6b51500ffff087e517e413') in 0.038667 seconds 
========================================================================
Received Import Request.
  Time since last request: 0.000022 seconds.
  path: Assets/Resources/Tank.prefab
  artifactKey: Guid(d1d2edf4b999f52449b19a4bc74d25c6) Importer(815301076,1909f56bfc062723c751e8b465ee728b)
Start importing Assets/Resources/Tank.prefab using Guid(d1d2edf4b999f52449b19a4bc74d25c6) Importer(815301076,1909f56bfc062723c751e8b465ee728b)  -> (artifact id: 'b9e7cdff0bcad790b1bcb52e4d9cf69c') in 0.033504 seconds 
========================================================================
Received Import Request.
  Time since last request: 0.000026 seconds.
  path: Assets/Resources/NormalRedTank Variant.prefab
  artifactKey: Guid(b513df06648f81741bd3630b4ba405a9) Importer(815301076,1909f56bfc062723c751e8b465ee728b)
Start importing Assets/Resources/NormalRedTank Variant.prefab using Guid(b513df06648f81741bd3630b4ba405a9) Importer(815301076,1909f56bfc062723c751e8b465ee728b)  -> (artifact id: 'b2bef08c46ae9e91ce52ffaa1af99d22') in 0.037162 seconds 
========================================================================
Received Prepare
Registering precompiled user dll's ...
Registered in 0.007036 seconds.
Begin MonoManager ReloadAssembly
Symbol file LoadedFromMemory doesn't match image D:\Documents\GitHub\BattleTanks\Battle Tanks\Library\PackageCache\com.unity.visualscripting@1.7.8\Editor\VisualScripting.Core\Dependencies\YamlDotNet\Unity.VisualScripting.YamlDotNet.dll
Symbol file LoadedFromMemory doesn't match image D:\Documents\GitHub\BattleTanks\Battle Tanks\Library\PackageCache\com.unity.visualscripting@1.7.8\Editor\VisualScripting.Core\Dependencies\DotNetZip\Unity.VisualScripting.IonicZip.dll
Native extension for WindowsStandalone target not found
Native extension for iOS target not found
Native extension for OSXStandalone target not found
Refreshing native plugins compatible for Editor in 0.92 ms, found 3 plugins.
Preloading 0 native plugins for Editor in 0.00 ms.
Mono: successfully reloaded assembly
- Completed reload, in  1.275 seconds
Domain Reload Profiling:
	ReloadAssembly (1276ms)
		BeginReloadAssembly (140ms)
			ExecutionOrderSort (0ms)
			DisableScriptedObjects (4ms)
			BackupInstance (0ms)
			ReleaseScriptingObjects (0ms)
			CreateAndSetChildDomain (45ms)
		EndReloadAssembly (1036ms)
			LoadAssemblies (88ms)
			RebuildTransferFunctionScriptingTraits (0ms)
			SetupTypeCache (314ms)
			ReleaseScriptCaches (1ms)
			RebuildScriptCaches (51ms)
			SetupLoadedEditorAssemblies (535ms)
				LogAssemblyErrors (0ms)
				InitializePlatformSupportModulesInManaged (31ms)
				SetLoadedEditorAssemblies (0ms)
				RefreshPlugins (1ms)
				BeforeProcessingInitializeOnLoad (73ms)
				ProcessInitializeOnLoadAttributes (385ms)
				ProcessInitializeOnLoadMethodAttributes (33ms)
				AfterProcessingInitializeOnLoad (12ms)
				EditorAssembliesLoaded (0ms)
			ExecutionOrderSort2 (0ms)
			AwakeInstancesAfterBackupRestoration (8ms)
Platform modules already initialized, skipping
Refreshing native plugins compatible for Editor in 1.96 ms, found 3 plugins.
Preloading 0 native plugins for Editor in 0.00 ms.
Unloading 3761 Unused Serialized files (Serialized files now loaded: 0)
Unloading 31 unused Assets / (80.0 KB). Loaded Objects now: 4248.
Memory consumption went from 139.3 MB to 139.2 MB.
Total: 3.441400 ms (FindLiveObjects: 0.318700 ms CreateObjectMapping: 0.090100 ms MarkObjects: 2.926300 ms  DeleteObjects: 0.105300 ms)

AssetImportParameters requested are different than current active one (requested -> active):
  custom:video-decoder-ogg-theora: a1e56fd34408186e4bbccfd4996cb3dc -> 
  custom:container-muxer-webm: aa71ff27fc2769a1b78a27578f13a17b -> 
  custom:container-demuxer-webm: 4f35f7cbe854078d1ac9338744f61a02 -> 
  custom:video-encoder-webm-vp8: eb34c28f22e8b96e1ab97ce403110664 -> 
  custom:audio-encoder-webm-vorbis: bf7c407c2cedff20999df2af8eb42d56 -> 
  custom:framework-win-MediaFoundation: 216162199b28c13a410421893ffa2e32 -> 
  custom:container-demuxer-ogg: 62fdf1f143b41e24485cea50d1cbac27 -> 
  custom:video-decoder-webm-vp8: 9c59270c3fd7afecdb556c50c9e8de78 -> 
  custom:audio-decoder-ogg-vorbis: bf7c407c2cedff20999df2af8eb42d56 -> 
========================================================================
Received Import Request.
  Time since last request: 9.225562 seconds.
  path: Assets/Resources/LightBlueTank Variant.prefab
  artifactKey: Guid(5d7a2608d880b2c4abad2b27fa0b218b) Importer(815301076,1909f56bfc062723c751e8b465ee728b)
Start importing Assets/Resources/LightBlueTank Variant.prefab using Guid(5d7a2608d880b2c4abad2b27fa0b218b) Importer(815301076,1909f56bfc062723c751e8b465ee728b)  -> (artifact id: '81fcacd58c5d470f5f03ff9dbd987654') in 0.128050 seconds 
========================================================================
Received Import Request.
  Time since last request: 0.000020 seconds.
  path: Assets/Resources/LightRedTank Variant.prefab
  artifactKey: Guid(2eb118ed14b1fcb4baa08894366f77ca) Importer(815301076,1909f56bfc062723c751e8b465ee728b)
Start importing Assets/Resources/LightRedTank Variant.prefab using Guid(2eb118ed14b1fcb4baa08894366f77ca) Importer(815301076,1909f56bfc062723c751e8b465ee728b)  -> (artifact id: '900db5031489f70501b3d459ba95fe1f') in 0.034881 seconds 
========================================================================
Received Import Request.
  Time since last request: 16.072816 seconds.
  path: Assets/Resources/LightBlueTank Variant.prefab
  artifactKey: Guid(5d7a2608d880b2c4abad2b27fa0b218b) Importer(815301076,1909f56bfc062723c751e8b465ee728b)
Start importing Assets/Resources/LightBlueTank Variant.prefab using Guid(5d7a2608d880b2c4abad2b27fa0b218b) Importer(815301076,1909f56bfc062723c751e8b465ee728b)  -> (artifact id: 'db3b4d45d53d607009bf339d35dda160') in 0.032575 seconds 
========================================================================
Received Import Request.
  Time since last request: 0.000019 seconds.
  path: Assets/Resources/NormalBlueTank Variant.prefab
  artifactKey: Guid(aa3f3e06402784944998bec3ec15f3e0) Importer(815301076,1909f56bfc062723c751e8b465ee728b)
Start importing Assets/Resources/NormalBlueTank Variant.prefab using Guid(aa3f3e06402784944998bec3ec15f3e0) Importer(815301076,1909f56bfc062723c751e8b465ee728b)  -> (artifact id: '133283aec13ce2913c2d057403d638e4') in 0.043618 seconds 
========================================================================
Received Import Request.
  Time since last request: 2.293240 seconds.
  path: Assets/Resources/LightBlueTank Variant.prefab
  artifactKey: Guid(5d7a2608d880b2c4abad2b27fa0b218b) Importer(815301076,1909f56bfc062723c751e8b465ee728b)
Start importing Assets/Resources/LightBlueTank Variant.prefab using Guid(5d7a2608d880b2c4abad2b27fa0b218b) Importer(815301076,1909f56bfc062723c751e8b465ee728b)  -> (artifact id: '61ccff52666753399b9cb9a87369d39a') in 0.033760 seconds 
========================================================================
Received Import Request.
  Time since last request: 0.000022 seconds.
  path: Assets/Resources/Tank.prefab
  artifactKey: Guid(d1d2edf4b999f52449b19a4bc74d25c6) Importer(815301076,1909f56bfc062723c751e8b465ee728b)
Start importing Assets/Resources/Tank.prefab using Guid(d1d2edf4b999f52449b19a4bc74d25c6) Importer(815301076,1909f56bfc062723c751e8b465ee728b)  -> (artifact id: 'd03440688e0ec7ecf15a7266fc4b6d81') in 0.029878 seconds 
========================================================================
Received Import Request.
  Time since last request: 0.000031 seconds.
  path: Assets/Resources/NormalRedTank Variant.prefab
  artifactKey: Guid(b513df06648f81741bd3630b4ba405a9) Importer(815301076,1909f56bfc062723c751e8b465ee728b)
Start importing Assets/Resources/NormalRedTank Variant.prefab using Guid(b513df06648f81741bd3630b4ba405a9) Importer(815301076,1909f56bfc062723c751e8b465ee728b)  -> (artifact id: '15f78bed412ed1264d17b25cbc62f0e2') in 0.035039 seconds 
========================================================================
Received Prepare
Refreshing native plugins compatible for Editor in 4.80 ms, found 3 plugins.
Preloading 0 native plugins for Editor in 0.00 ms.
Unloading 31 Unused Serialized files (Serialized files now loaded: 0)
Unloading 31 unused Assets / (77.3 KB). Loaded Objects now: 4249.
Memory consumption went from 65.2 MB to 65.1 MB.
Total: 3.401900 ms (FindLiveObjects: 0.327300 ms CreateObjectMapping: 0.092800 ms MarkObjects: 2.886800 ms  DeleteObjects: 0.094300 ms)

AssetImportParameters requested are different than current active one (requested -> active):
  custom:video-decoder-ogg-theora: a1e56fd34408186e4bbccfd4996cb3dc -> 
  custom:container-muxer-webm: aa71ff27fc2769a1b78a27578f13a17b -> 
  custom:container-demuxer-webm: 4f35f7cbe854078d1ac9338744f61a02 -> 
  custom:video-encoder-webm-vp8: eb34c28f22e8b96e1ab97ce403110664 -> 
  custom:audio-encoder-webm-vorbis: bf7c407c2cedff20999df2af8eb42d56 -> 
  custom:framework-win-MediaFoundation: 216162199b28c13a410421893ffa2e32 -> 
  custom:container-demuxer-ogg: 62fdf1f143b41e24485cea50d1cbac27 -> 
  custom:video-decoder-webm-vp8: 9c59270c3fd7afecdb556c50c9e8de78 -> 
  custom:audio-decoder-ogg-vorbis: bf7c407c2cedff20999df2af8eb42d56 -> 
========================================================================
Received Prepare
Registering precompiled user dll's ...
Registered in 0.007118 seconds.
Begin MonoManager ReloadAssembly
Symbol file LoadedFromMemory doesn't match image D:\Documents\GitHub\BattleTanks\Battle Tanks\Library\PackageCache\com.unity.visualscripting@1.7.8\Editor\VisualScripting.Core\Dependencies\YamlDotNet\Unity.VisualScripting.YamlDotNet.dll
Symbol file LoadedFromMemory doesn't match image D:\Documents\GitHub\BattleTanks\Battle Tanks\Library\PackageCache\com.unity.visualscripting@1.7.8\Editor\VisualScripting.Core\Dependencies\DotNetZip\Unity.VisualScripting.IonicZip.dll
Native extension for WindowsStandalone target not found
Native extension for iOS target not found
Native extension for OSXStandalone target not found
Refreshing native plugins compatible for Editor in 0.85 ms, found 3 plugins.
Preloading 0 native plugins for Editor in 0.00 ms.
Mono: successfully reloaded assembly
- Completed reload, in  1.421 seconds
Domain Reload Profiling:
	ReloadAssembly (1422ms)
		BeginReloadAssembly (176ms)
			ExecutionOrderSort (0ms)
			DisableScriptedObjects (5ms)
			BackupInstance (0ms)
			ReleaseScriptingObjects (0ms)
			CreateAndSetChildDomain (63ms)
		EndReloadAssembly (1135ms)
			LoadAssemblies (103ms)
			RebuildTransferFunctionScriptingTraits (0ms)
			SetupTypeCache (351ms)
			ReleaseScriptCaches (2ms)
			RebuildScriptCaches (54ms)
			SetupLoadedEditorAssemblies (582ms)
				LogAssemblyErrors (0ms)
				InitializePlatformSupportModulesInManaged (34ms)
				SetLoadedEditorAssemblies (0ms)
				RefreshPlugins (1ms)
				BeforeProcessingInitializeOnLoad (83ms)
				ProcessInitializeOnLoadAttributes (421ms)
				ProcessInitializeOnLoadMethodAttributes (32ms)
				AfterProcessingInitializeOnLoad (10ms)
				EditorAssembliesLoaded (0ms)
			ExecutionOrderSort2 (0ms)
			AwakeInstancesAfterBackupRestoration (7ms)
Platform modules already initialized, skipping
Refreshing native plugins compatible for Editor in 2.62 ms, found 3 plugins.
Preloading 0 native plugins for Editor in 0.00 ms.
Unloading 3761 Unused Serialized files (Serialized files now loaded: 0)
Unloading 31 unused Assets / (80.0 KB). Loaded Objects now: 4253.
Memory consumption went from 139.3 MB to 139.2 MB.
Total: 2.994100 ms (FindLiveObjects: 0.365900 ms CreateObjectMapping: 0.099800 ms MarkObjects: 2.433000 ms  DeleteObjects: 0.094700 ms)

AssetImportParameters requested are different than current active one (requested -> active):
  custom:video-decoder-ogg-theora: a1e56fd34408186e4bbccfd4996cb3dc -> 
  custom:container-muxer-webm: aa71ff27fc2769a1b78a27578f13a17b -> 
  custom:container-demuxer-webm: 4f35f7cbe854078d1ac9338744f61a02 -> 
  custom:video-encoder-webm-vp8: eb34c28f22e8b96e1ab97ce403110664 -> 
  custom:audio-encoder-webm-vorbis: bf7c407c2cedff20999df2af8eb42d56 -> 
  custom:framework-win-MediaFoundation: 216162199b28c13a410421893ffa2e32 -> 
  custom:container-demuxer-ogg: 62fdf1f143b41e24485cea50d1cbac27 -> 
  custom:video-decoder-webm-vp8: 9c59270c3fd7afecdb556c50c9e8de78 -> 
  custom:audio-decoder-ogg-vorbis: bf7c407c2cedff20999df2af8eb42d56 -> 
========================================================================
Received Import Request.
  Time since last request: 51.111853 seconds.
  path: Assets/Resources/LightBlueTank Variant.prefab
  artifactKey: Guid(5d7a2608d880b2c4abad2b27fa0b218b) Importer(815301076,1909f56bfc062723c751e8b465ee728b)
Start importing Assets/Resources/LightBlueTank Variant.prefab using Guid(5d7a2608d880b2c4abad2b27fa0b218b) Importer(815301076,1909f56bfc062723c751e8b465ee728b)  -> (artifact id: '91905c93e441d7534d6b0dd090206b90') in 0.127793 seconds 
========================================================================
Received Import Request.
  Time since last request: 0.000018 seconds.
  path: Assets/Resources/LightRedTank Variant.prefab
  artifactKey: Guid(2eb118ed14b1fcb4baa08894366f77ca) Importer(815301076,1909f56bfc062723c751e8b465ee728b)
Start importing Assets/Resources/LightRedTank Variant.prefab using Guid(2eb118ed14b1fcb4baa08894366f77ca) Importer(815301076,1909f56bfc062723c751e8b465ee728b)  -> (artifact id: 'f0264d4a548a3563c8dc1b01f9e764a5') in 0.039282 seconds 
========================================================================
Received Import Request.
  Time since last request: 7.310267 seconds.
  path: Assets/Resources/LightBlueTank Variant.prefab
  artifactKey: Guid(5d7a2608d880b2c4abad2b27fa0b218b) Importer(815301076,1909f56bfc062723c751e8b465ee728b)
Start importing Assets/Resources/LightBlueTank Variant.prefab using Guid(5d7a2608d880b2c4abad2b27fa0b218b) Importer(815301076,1909f56bfc062723c751e8b465ee728b)  -> (artifact id: '2eaba04b50d4cd4ddb851f90e9cb963b') in 0.036327 seconds 
========================================================================
Received Import Request.
  Time since last request: 0.000019 seconds.
  path: Assets/Resources/LightRedTank Variant.prefab
  artifactKey: Guid(2eb118ed14b1fcb4baa08894366f77ca) Importer(815301076,1909f56bfc062723c751e8b465ee728b)
Start importing Assets/Resources/LightRedTank Variant.prefab using Guid(2eb118ed14b1fcb4baa08894366f77ca) Importer(815301076,1909f56bfc062723c751e8b465ee728b)  -> (artifact id: 'c87543561e4f45073d7fae780de99d96') in 0.037098 seconds 
========================================================================
Received Prepare
Refreshing native plugins compatible for Editor in 4.34 ms, found 3 plugins.
Preloading 0 native plugins for Editor in 0.00 ms.
Unloading 31 Unused Serialized files (Serialized files now loaded: 0)
Unloading 31 unused Assets / (78.4 KB). Loaded Objects now: 4254.
Memory consumption went from 65.0 MB to 64.9 MB.
Total: 3.566900 ms (FindLiveObjects: 0.309900 ms CreateObjectMapping: 0.080700 ms MarkObjects: 3.052100 ms  DeleteObjects: 0.123200 ms)

AssetImportParameters requested are different than current active one (requested -> active):
  custom:video-decoder-ogg-theora: a1e56fd34408186e4bbccfd4996cb3dc -> 
  custom:container-muxer-webm: aa71ff27fc2769a1b78a27578f13a17b -> 
  custom:container-demuxer-webm: 4f35f7cbe854078d1ac9338744f61a02 -> 
  custom:video-encoder-webm-vp8: eb34c28f22e8b96e1ab97ce403110664 -> 
  custom:audio-encoder-webm-vorbis: bf7c407c2cedff20999df2af8eb42d56 -> 
  custom:framework-win-MediaFoundation: 216162199b28c13a410421893ffa2e32 -> 
  custom:container-demuxer-ogg: 62fdf1f143b41e24485cea50d1cbac27 -> 
  custom:video-decoder-webm-vp8: 9c59270c3fd7afecdb556c50c9e8de78 -> 
  custom:audio-decoder-ogg-vorbis: bf7c407c2cedff20999df2af8eb42d56 -> 
Editor requested this worker to shutdown with reason: Scaling down because of idle timeout
AssetImportWorker is now disconnected from the server
Process exiting
Exiting without the bug reporter. Application will terminate with return code 0